  Validation Input: så är dete .
  Validation Output: så är det .

  Validation Input: plois kommhe ktill platse noch cykeln tas xi beslag .
  Validation Output: polis kommer till platsen och cykeln tas i beslag .

  Validation Input: sturkna : nr 2 uoch 6 odds : 45,51 .
  Validation Output: strukna : nr 2 och 6 odds : 45,51 .

  Validation Input: men annrs ska det inmt efå märkas så mycket .
  Validation Output: men annars ska det inte få märkas så mycket .

  Validation Input: publi k: 408 d.
  Validation Output: publik : 408 .

  Validation Input: pinoccio frånu 3 år .
  Validation Output: pinoccio från 3 år .

  Validation Input: miqttsevxa :
  Validation Output: mittsexa :

  Validation Input: - samtpidigt är det svårt att förebygga .
  Validation Output: - samtidigt är det svårt att förebygga .

  Validation Input: 02.54 haga , gteborg
  Validation Output: 02.54 haga , göteborg

  Validation Input: marinariet öxppnadeb i går .
  Validation Output: marinariet öppnade i går .

  Validation Input: jg är säker åpatt många fler skulle vilja cpröva på omå möjlihgeten fanns , sägr glenn .
  Validation Output: jag är säker på att många fler skulle vilja pröva på om möjligheten fanns , säger glenn .

  Validation Input: men dubbdäck är enz dyri nvesteringy .
  Validation Output: men dubbdäck är en dyr investering .

  Validation Input: odds :2 ,71 .
  Validation Output: odds : 2,71 .

  Validation Input: - dt känns välcdigt hedrande att de vill vara med .
  Validation Output: - det känns väldigt hedrande att de vill vara med .

  Validation Input:  det har tagit löjligad imensioner .
  Validation Output: - det har tagit löjliga dimensioner .

  Validation Input: från 4 rå .
  Validation Output: från 4 år .

  Validation Input: hanl är hamnvaöktt .
  Validation Output: han är hamnvakt .

  Validation Input: riktgt så lätt ska det inte få gå .
  Validation Output: riktigt så lätt ska det inte få gå .

  Validation Input: struken : 6. 
  Validation Output: struken : 6 .

  Validation Input: - för mig handlar det inte omv årt sät att leva , men de tär mitt liv .
  Validation Output: - för mig handlar det inte om vårt sätt att leva , men det är mitt liv .

  Validation Input: de thar han alltdi varit .
  Validation Output: det har han alltid varit .

  Validation Input: det är det svåraste som finns , säger sevnsson .
  Validation Output: det är det svåraste som finns , säger svensson .

  Validation Input: där är det stängtv .
  Validation Output: där är det stängt .

  Validation Input: det kmommer amn aldrgi ifrån .
  Validation Output: det kommer man aldrig ifrån .

  Validation Input: - du skaå oka upp , as håa n.
  Validation Output: - du ska åka upp , sa han .

  Validation Input: vi måstte hänga med i ett ständitg föränderligt unedrhållningslandskap .
  Validation Output: vi måste hänga med i ett ständigt föränderligt underhållningslandskap .

  Validation Input: -j ag gick idt på vinst ohc fpörlust ochträffade ägaren. 
  Validation Output: - jag gick dit på vinst och förlust och träffade ägaren .

  Validation Input: bullrig  ,men bränslesnål ochs äker .
  Validation Output: bullrig , men bränslesnål och säker .

  Validation Input: 1988 : första gnådgne var öevr 30 000 persnoer anmälda .
  Validation Output: 1988 : första gången var över 30 000 personer anmälda .

  Validation Input: barnens teatr , trädvgårdsxförenngen ,h kl 14 .
  Validation Output: barnens teater , trädgårdsföreningen , kl 14 .

  Validation Input: målvakt : kim christensen 
  Validation Output: målvakt : kim christensen .

  Validation Input: är bromsarna okej? 
  Validation Output: är bromsarna okej ?

  Validation Input: - inåför alal .
  Validation Output: - inför alla .

  Validation Input: andra sätt att resa? 
  Validation Output: andra sätt att resa ?

  Validation Input: meny nu finnås det inga pjäser wkvar att slå.
  Validation Output: men nu finns det inga pjäser kvar att slå .

  Validation Input: jag tror både barnen och staden hara lålt att vinna påa det .
  Validation Output: jag tror både barnen och staden har allt att vinna på det .

  Validation Input: jagg har inga åkontakter .
  Validation Output: jag har inga kontakter .

  Validation Input: vda handlar det om ?
  Validation Output: vad handlar det om ?

  Validation Input: de har innan snia föreläsnignarv gäjort ett kotr bebsök im ölndalks centrum. 
  Validation Output: de har innan sina föreläsningar gjort ett kort besök i mölndals centrum .

  Validation Input: ålder detl finns niget krav påx högsta ålder för däck .
  Validation Output: ålder det finns inget krav på högsta ålder för däck .

  Validation Input: skolinspektinoen är överöst med anmälningar frqån skolor ig ötebso g.
  Validation Output: skolinspektionen är överöst med anmälningar från skolor i göteborg .

  Validation Input: personalenhgar äldigt liten kontakt med kontnatezr .
  Validation Output: personalen har väldigt liten kontakt med kontanter .

  Validation Input: detta är den grunjdläggande idén bakom independent living-rörelsenn .
  Validation Output: detta är den grundläggande idén bakom independent living-rörelsen .

  Validation Input: åden kanse 20-årige hmannmen ser ut attv ara död .
  Validation Output: den kanske 20-årige mannen ser ut att vara död .

  Validation Input: låter det märkligtb?
  Validation Output: låter det märkligt ?

  Validation Input: hnene qhaide jag inte tänkt på alls under många , jmånga å r.
  Validation Output: henne hade jag inte tänkt på alls under många , många år .

  Validation Input: -italienare vet håur dte skall sköta ämbetegt .
  Validation Output: - italienare vet hur det skall sköta ämbetet .

  Validation Input: fotbollsmyatchx ?
  Validation Output: fotbollsmatch ?

  Validation Input: - hur se räldroemsorgen ut i framtideni?
  Validation Output: - hur ser äldreomsorgen ut i framtiden ?

  Validation Input: - id ag är itautionenm ycket olika .
  Validation Output: - i dag är situationen mycket olika .

  Validation Input: själmv ge rhon järnet .
  Validation Output: själv ger hon järnet .

  Validation Input: de stöden ersätts från ohcmed i år med dte nya gårdsstödet .
  Validation Output: de stöden ersätts från och med i år med det nya gårdsstödet .

  Validation Input: öppet tis-sö nkl 10-17 , ons vkl 10-20 .
  Validation Output: öppet tis-sön kl 10-17 , ons kl 10-20 .

  Validation Input: den senaste enkäten gjordes 1997.
  Validation Output: den senaste enkäten gjordes 1997 .

  Validation Input: i den tredje kolumnen hittarr du fetthalten.
  Validation Output: i den tredje kolumnen hittar du fetthalten .

  Validation Input: betyget m: klatr godkänt .
  Validation Output: betyget : klart godkänt .

  Validation Input: det var bmw som kontaktat flera politkver och kändisar för att qlåta dem provköra bilen .
  Validation Output: det var bmw som kontaktat flera politiker och kändisar för att låta dem provköra bilen .

  Validation Input: hon lutade åta tt det därför skullev ara dags att häva det .
  Validation Output: hon lutade åt att det därför skulle vara dags att häva det .

  Validation Input: nästan var trdeje av dem hotade sina offer med kniv .
  Validation Output: nästan var tredje av dem hotade sina offer med kniv .

  Validation Input: odds  2,35 m.
  Validation Output: odds : 2,35 .

  Validation Input: men när sveruiges vändningä väl okm så var dean bqåd esanbb och tjusig .
  Validation Output: men när sveriges vändning väl kom så var den både snabb och tjusig .

  Validation Input: kan ni stoppa nedskärningarnga nu ?
  Validation Output: kan ni stoppa nedskärningarna nu ?

  Validation Input: läktarna måtwe sltua tätt.
  Validation Output: läktarna måste sluta tätt .

  Validation Input: resultatet blev jämnt. 
  Validation Output: resultatet blev jämnt .

  Validation Input: hemmaklxubben vann föir första gången c.
  Validation Output: hemmaklubben vann för första gången .

  Validation Input: - det ser btätre ut .
  Validation Output: - det ser bättre ut .

  Validation Input: - varje år har jag enskildaa hälsosamtal med eleverna i åttan .
  Validation Output: - varje år har jag enskilda hälsosamtal med eleverna i åttan .

  Validation Input: konsumtionwen av kyckling harx ökat snabbt 
  Validation Output: konsumtionen av kyckling har ökat snabbt .

  Validation Input: jo , man vet ju att an ska. 
  Validation Output: jo , man vet ju att man ska .

  Validation Input: ( 17 juni 2005 )restaurang sirtaki grekiskt .
  Validation Output: ( 17 juni 2005 ) restaurang sirtaki grekiskt .

  Validation Input: christin johansson,  före fdetta oirenterare , kmo tvåa på 5 000 metre .
  Validation Output: christin johansson , före detta orienterare , kom tvåa på 5 000 meter .

  Validation Input: - de har e nmyckettuff updpgift framför sig .
  Validation Output: - de har en mycket tuff uppgift framför sig .

  Validation Input: mne dt dä rär bilagt nu .
  Validation Output: men det där är bilagt nu .

  Validation Input: dee tre flickorna förvsinenr mot olskroken 
  Validation Output: de tre flickorna försvinner mot olskroken .

  Validation Input: vill störta regerinegn .
  Validation Output: vill störta regeringen .

  Validation Input: så var föstås inte afllet .
  Validation Output: så var förstås inte fallet .

  Validation Input: bhar n ipratat speciellt om hysén ?
  Validation Output: har ni pratat speciellt om hysén ?

  Validation Input: plats : 1,62-3,10-10,0 8.
  Validation Output: plats : 1,62-3,10-10,08 .

  Validation Input: svageten är tiqlltalet .
  Validation Output: svagheten är tilltalet .

  Validation Input: det finns  dag apr so mstått i kön i snart tuvå års tizd .
  Validation Output: det finns i dag par som stått i kön i snart två års tid .

  Validation Input: sjäjlv har an redan talayt med adnra aprtier om at samarbeta .
  Validation Output: själv har han redan talat med andra partier om att samarbeta .

  Validation Input: det är diskrimineringsombudsamnnens(  do ) slutsats etfer sin granskning .
  Validation Output: det är diskrimineringsombudsmannens ( do ) slutsats efter sin granskning .

  Validation Input: - jag har bott här ie ttoch ett hatlvt år .
  Validation Output: - jag har bott här i ett och ett halvt år .

  Validation Input: romfosrd , vinn 3 lop 1 v: mrs odd .
  Validation Output: romford , vinn 3 lopp 1 : mrs odd .

  Validation Input: odds : 5,14 a.
  Validation Output: odds : 5,14 .

  Validation Input: ord bochinga visor m ddellert
  Validation Output: ord och inga visor med dellert

  Validation Input: oc hså lfäget .
  Validation Output: och så läget .

  Validation Input: föreninge stopp
  Validation Output: föreningen stopp

  Validation Input: från 2 å r.
  Validation Output: från 2 år .

  Validation Input: avtalet kommer attte slutöjusteras nuö i vår .
  Validation Output: avtalet kommer att slutjusteras nu i vår .

  Validation Input: - men jagt cyker itn eom att han säger att den är farlig .
  Validation Output: - men jag tycker inte om att han säger att den är farlig .

  Validation Input: jakg är trött på det här nu .
  Validation Output: jag är trött på det här nu .

  Validation Input: där innehållxer partikeldammet myckket metalleer .
  Validation Output: där innehåller partikeldammet mycket metaller .

  Validation Input: ådler:14 rå .
  Validation Output: ålder:14 år .

  Validation Input: det är itne asåk omplicerat smo mångatror .
  Validation Output: det är inte så komplicerat som många tror .

  Validation Input: då är fina pekmobilen inte lika zkul längre .
  Validation Output: då är fina pekmobilen inte lika kul längre .

  Validation Input: det höar ugnefär 30 000 invånare .
  Validation Output: det har ungefär 30 000 invånare .

  Validation Input: hon hr reda nbörjat planera vad hon szka ögra i framtiden. 
  Validation Output: hon har redan börjat planera vad hon ska göra i framtiden .

  Validation Input: men ho när veteran .
  Validation Output: men hon är veteran .

  Validation Input: pulsen går upp , de tsnörper åt kring halsecn .
  Validation Output: pulsen går upp , det snörper åt kring halsen .

  Validation Input: ytterligae tvåb arn i bilen sakdades .
  Validation Output: ytterligare två barn i bilen skadades .

  Validation Input: ocha vi möts lie halvvgs .
  Validation Output: och vi möts lite halvvägs .

  Validation Input: brynäs : 4x2g .
  Validation Output: brynäs : 4x2 .

  Validation Input: ingen kan kännatill vraje möjli gresväg .
  Validation Output: ingen kan känna till varje möjlig resväg .

  Validation Input: t o m 20/  11 .
  Validation Output: t o m 20 / 11 .

  Validation Input: lite annan design såv alet mer öen smaksak .
  Validation Output: lite annan design så valet mer en smaksak .

  Validation Input: stark i gåur .
  Validation Output: stark i går .

  Validation Input: - vissånagren .
  Validation Output: - vissångaren .

  Validation Input: ahndels samt hotelyl opchhrestaurang rä andra förbund som driver frågan .
  Validation Output: handels samt hotell och restaurang är andra förbund som driver frågan .

  Validation Input: dessutom finns det fler rfågetecekn .
  Validation Output: dessutom finns det fler frågetecken .

  Validation Input: -m an tänke rkinte så .
  Validation Output: - man tänker inte så .

  Validation Input: fredag 11  -14 .
  Validation Output: fredag 11 - 14 .

  Validation Input: men dwet tar jag tillbaka , jag fdortsätter .
  Validation Output: men det tar jag tillbaka , jag fortsätter .

  Validation Input: publki : 4 000 .
  Validation Output: publik : 4 000 .

  Validation Input: oddss 3,74 .
  Validation Output: odds 3,74 .

  Validation Input: oddsx ö, vinstgrp 1 : 2 102,80 .
  Validation Output: odds , vinstgrp 1 : 2 102,80 .

  Validation Input: halmstda : deträ ingen smart lölsning att klyva halland i flera delar h.
  Validation Output: halmstad : det är ingen smart lösning att klyva halland i flera delar .

  Validation Input: trrädgår j' n kl ö15 .
  Validation Output: trädgår ' n kl 15 .

  Validation Input: göebhorgsk ulutrkalas .
  Validation Output: göteborgs kulturkalas .

  Validation Input: det är tfräsmt flickor smo avstår .
  Validation Output: det är främst flickor som avstår .

  Validation Input: r- edt är baraa tt tacka och ta emot .
  Validation Output: - det är bara att tacka och ta emot .

  Validation Input: -s vih aräven  iår några som p siqkt kommre att bli mycket bra .
  Validation Output: - vi har även i år några som på sikt kommer att bli mycket bra .

  Validation Input: 196 0bildades göteborgs-t:vsf örsa filmteam .
  Validation Output: 1960 bildades göteborgs-tv:s första filmteam .

  Validation Input: ömit ti qkonflikten .
  Validation Output: mitt i konflikten .

  Validation Input: - vi fcik ingen fart på vårtf sgpel .
  Validation Output: - vi fick ingen fart på vårt spel .

  Validation Input: smmaw år dömdes tio av dem tlil fänägelse .
  Validation Output: samma år dömdes tio av dem till fängelse .

  Validation Input: - jag blir också upprörd öer talet om plankeonomi .
  Validation Output: - jag blir också upprörd över talet om planekonomi .

  Validation Input: d eanmälda klubbarna kommer frräqmst från väsbtkusten 
  Validation Output: de anmälda klubbarna kommer främst från västkusten .

  Validation Input: jag blev jättechojckerad !
  Validation Output: jag blev jättechockerad !

  Validation Input: hanvisar atet de till och emed har specialerbjudanden.
  Validation Output: han visar att de till och med har specialerbjudanden .

  Validation Input: nu sk ade lujdisolera taket vilke tär bra .
  Validation Output: nu ska de ljudisolera taket vilket är bra .

  Validation Input: få ställen pasösar gustafson bättre än irland .
  Validation Output: få ställen passar gustafson bättre än irland .

  Validation Input: en teälfeontjänsqt har uspprättts fö rdm som funderar på attt a livt av sig .
  Validation Output: en telefontjänst har upprättats för dem som funderar på att ta livet av sig .

  Validation Input: ... 1943 öppnar ikea sin fösrta möbelbutik .
  Validation Output: ... 1943 öppnar ikea sin första möbelbutik .

  Validation Input: ghjxälpa grajnnen adt handla .
  Validation Output: hjälpa grannen att handla .

  Validation Input: det tyckte inte ajg det blev .
  Validation Output: det tyckte inte jag det blev .

  Validation Input: qd eär inte anklagade för våldtäkt .
  Validation Output: de är inte anklagade för våldtäkt .

  Validation Input: väen på toa . "
  Validation Output: även på toa . "

  Validation Input: - jg blesv förbannad .
  Validation Output: - jag blev förbannad .

  Validation Input: dmen frösta hadep remiär 9179 .
  Validation Output: den första hade premiär 1979 .

  Validation Input: - ho nmåste ju också vänta ochs  evad som händer. 
  Validation Output: - hon måste ju också vänta och se vad som händer .

  Validation Input: antalet anställda jiå volovkoncernen utägjorde då cirka 75 00k0 .
  Validation Output: antalet anställda i volvokoncernen utgjorde då cirka 75 000 .

  Validation Input: - men nej , äde tskulle jag aldrig nöja mig med .
  Validation Output: - men nej , det skulle jag aldrig nöja mig med .

  Validation Input: han kom till örahnldingarnapzå kryckor men gav inga kommentarer .
  Validation Output: han kom till förhandlingarna på kryckor men gav inga kommentarer .

  Validation Input: pär axel sahzlbegr ,w om teologisk strategi inför byggandet av en ny kyrka .
  Validation Output: pär axel sahlberg , om teologisk strategi inför byggandet av en ny kyrka .

  Validation Input: det här är grv 1 , säger ulf .
  Validation Output: det här är grav 1 , säger ulf .

  Validation Input: oms: 3j9 70 4kr i.
  Validation Output: oms : 39 704 kr .

  Validation Input: som matchb etraktat , nja ,nigen höjdare .
  Validation Output: som match betraktat , nja , ingen höjdare .

  Validation Input: - dety gör ontx när övegrhettnigar brister .
  Validation Output: - det gör ont när överhettningar brister .

  Validation Input: således kan trängselskatten lbi ett håtr lsag mot satsningen på gasdrivna mgiljböilar .
  Validation Output: således kan trängselskatten bli ett hårt slag mot satsningen på gasdrivna miljöbilar .

  Validation Input: edtä r mitt " statement " i txiden .
  Validation Output: det är mitt " statement " i tiden .

  Validation Input: då sa skf-chefen att xhan åsg enl lång ochmörk tunnel framlför sig .
  Validation Output: då sa skf-chefen att han såg en lång och mörk tunnel framför sig .

  Validation Input: ge allarätt att gå ut gymnasiet .
  Validation Output: ge alla rätt att gå ut gymnasiet .

  Validation Input: det tarm ykcet energi ,ö sägåer niklas andersson .
  Validation Output: det tar mycket energi , säger niklas andersson .

  Validation Input: - jagå vill inget säga iä rendet .
  Validation Output: - jag vill inget säga i ärendet .

  Validation Input: - jag såg flnera so mblev sjuka .
  Validation Output: - jag såg flera som blev sjuka .

  Validation Input: debattxörne :
  Validation Output: debattören :

  Validation Input: deisstuom seminarier  föreläsningar och utstlnling .
  Validation Output: dessutom seminarier , föreläsningar och utställning .

  Validation Input: vi skitckade en maskin tlil dominikanska republiken .
  Validation Output: vi skickade en maskin till dominikanska republiken .

  Validation Input: oplacerade : steppingp girl dug ( 62  ).
  Validation Output: oplacerade : stepping girl dug ( 62 ) .

  Validation Input: huset är byggt 195 8.
  Validation Output: huset är byggt 1958 .

  Validation Input: och nus itter den fast .
  Validation Output: och nu sitter den fast .

  Validation Input: fokus försvinner frånd et viktxiga .
  Validation Output: fokus försvinner från det viktiga .

  Validation Input: gvlasbrkusmuset , surte .
  Validation Output: glasbruksmuseet , surte .

  Validation Input: fyra syskonoch mamma på 91 åry .
  Validation Output: fyra syskon och mamma på 91 år .

  Validation Input: - inte lika stlort som här .
  Validation Output: - inte lika stort som här .

  Validation Input: asde khan indignerat .
  Validation Output: sade han indignerat .

  Validation Input: nur bli rdet kallt .
  Validation Output: nu blir det kallt .

  Validation Input: hennesd intrsessen är vävning oh resor .
  Validation Output: hennes intressen är vävning och resor .

  Validation Input: odds :o 10,71 .
  Validation Output: odds : 10,71 .

  Validation Input: jga sa : jag trodr viär släkt faktiskt .
  Validation Output: jag sa : jag tror vi är släkt faktiskt .

  Validation Input: hörcs karlso n.
  Validation Output: hörs karlsson .

  Validation Input: poilsen kommer efter efm , tio minutr .
  Validation Output: polisen kommer efter fem , tio minuter .

  Validation Input: hur sjutton gickdet till ?
  Validation Output: hur sjutton gick det till ?

  Validation Input: ( www.rytxmobile.cmo ) .
  Validation Output: ( www.rytmobile.com ) .

  Validation Input: publxik : 20 300 .
  Validation Output: publik : 20 300 .

  Validation Input: de fyra ericssondireåktörenra nekar själva till brott .
  Validation Output: de fyra ericssondirektörerna nekar själva till brott .

  Validation Input: ( tt-af p)
  Validation Output: ( tt-afp )

  Validation Input: f1941 kom också beskeedt rfån tyska myndigiheter att jag skulle föbereda mig på inkallelsen .
  Validation Output: 1941 kom också beskedet från tyska myndigheter att jag skulle förbereda mig på inkallelsen .

  Validation Input: i dubbel r det färdigspelatl för jan-ove waldner och jörgen persson.
  Validation Output: i dubbel är det färdigspelat för jan-ove waldner och jörgen persson .

  Validation Input: - men det blijr en minskning .
  Validation Output: - men det blir en minskning .

  Validation Input: man kan rfåaga sg vad som helar bäst .
  Validation Output: man kan fråga sig vad som helar bäst .

  Validation Input: - han trodde att jags kulle passa bra här , att ja gskullez kunna hjälpa laget .
  Validation Output: - han trodde att jag skulle passa bra här , att jag skulle kunna hjälpa laget .

  Validation Input: dekt beskrievr vad dte kostar att binda lånp å tiao år .
  Validation Output: det beskriver vad det kostar att binda lån på tio år .

  Validation Input: öpept kl 12-18 .
  Validation Output: öppet kl 12-18 .

  Validation Input: ja gvet inte om det ffinns kvar länrge 
  Validation Output: jag vet inte om det finns kvar längre .

  Validation Input: - evi socialdemokrxater ahr stortb ehov av att förnya politäiken .
  Validation Output: - vi socialdemokrater har stort behov av att förnya politiken .

  Validation Input: förra året fick nämnedn in 200 ärenden .
  Validation Output: förra året fick nämnden in 200 ärenden .

  Validation Input: en genomsnittlig öknåing med 20 rpocent .
  Validation Output: en genomsnittlig ökning med 20 procent .

  Validation Input: med daens teknikö behöver
  Validation Output: med dagens teknik behöver

  Validation Input: 20-02 , 0 /l 60 kr , 18 år.
  Validation Output: 20-02 , 0 / 60 kr , 18 år .

  Validation Input: odd s: f2,28 u.
  Validation Output: odds : 2,28 .

  Validation Input: öppet må l, pucken hoppade lite coh när jag tryckte till stcak den bara .
  Validation Output: öppet mål , pucken hoppade lite och när jag tryckte till stack den bara .

  Validation Input: jga kopplade inte ihop dem med det andra de gör .
  Validation Output: jag kopplade inte ihop dem med det andra de gör .

  Validation Input: fortsuatt mambo för fler unga .
  Validation Output: fortsatt mambo för fler unga .

  Validation Input: det låer lite 30t-al , närä arbetarna byggde siöna små lådhus .
  Validation Output: det låter lite 30-tal , när arbetarna byggde sina små lådhus .

  Validation Input: individueltö förväntafr de sigi nga topplaceringar .
  Validation Output: individuellt förväntar de sig inga topplaceringar .

  Validation Input: jagl har seått hans son .
  Validation Output: jag har sett hans son .

  Validation Input: dessutojm verkdaede tvara en trrevlig stad .
  Validation Output: dessutom verkade det vara en trevlig stad .

  Validation Input: det var så fatnaststk rolgit , säger emelie erlandsson , 28 .
  Validation Output: det var så fantastiskt roligt , säger emelie erlandsson , 28 .

  Validation Input: cockpit rest lanadla , kapellpaltsen 4 ,kl 21-03 .
  Validation Output: cockpit rest landala , kapellplatsen 4 , kl 21-03 .

  Validation Input: tvätta blodgrapen i varm tvaötte noch skrä deni  skivor .
  Validation Output: tvätta blodgrapen i varmt vatten och skär den i skivor .

  Validation Input: ivsseerligen var detr oligt i gbörjan , men pdet blir ju bara kaos öevr almlt. 
  Validation Output: visserligen var det roligt i början , men det blir ju bara kaos över allt .

  Validation Input: finalen avgörs natten till åmndag .
  Validation Output: finalen avgörs natten till måndag .

  Validation Input: varför är jag tutanför ?
  Validation Output: varför är jag utanför ?

  Validation Input: ettsjälvvaölt handikap
  Validation Output: ett självvalt handikapp

  Validation Input: nu var du udktig !
  Validation Output: nu var du duktig !

  Validation Input: också nä rduet gällr kriget i irak är fler negativa än positiva .
  Validation Output: också när det gäller kriget i irak är fler negativa än positiva .

  Validation Input: - gunilla oc eli nfann varandra ddirekt .
  Validation Output: - gunilla och elin fann varandra direkt .

  Validation Input: spekulationerna xva mnåga och spretiga redan innandet stod klart att on hadwe frigiivts .
  Validation Output: spekulationerna var många och spretiga redan innan det stod klart att hon hade frigivits .

  Validation Input: bostadsläget för stuednter är allvraligt i dag .
  Validation Output: bostadsläget för studenter är allvarligt i dag .

  Validation Input: edt resuxlteradce i et hundratal tips som nu bearbetas .
  Validation Output: det resulterade i ett hundratal tips som nu bearbetas .

  Validation Input: är dtetaen cynisk lögn ?
  Validation Output: är detta en cynisk lögn ?

  Validation Input: ävnlig service .
  Validation Output: vänlig service .

  Validation Input: ändå är ha nbara 17 år !
  Validation Output: ändå är han bara 17 år !

  Validation Input: ingen tvkean omq saken .
  Validation Output: ingen tvekan om saken .

  Validation Input: är det en svår utbbiljdnign ?
  Validation Output: är det en svår utbildning ?

  Validation Input: - xnär börjar egentligen fortsättningen på min kagrriä r?
  Validation Output: - när börjar egentligen fortsättningen på min karriär ?

  Validation Input:  tt-reuters )
  Validation Output: ( tt-reuters )

  Validation Input: a daens mat
  Validation Output: a dagens mat

  Validation Input: - deot är bra träning att köra med herrarna och jag vet att jag placer amigb ra .
  Validation Output: - det är bra träning att köra med herrarna och jag vet att jag placera mig bra .

  Validation Input: pubilk : 216 .
  Validation Output: publik : 216 .

  Validation Input: kanal5 , kl 21.30
  Validation Output: kanal 5 , kl 21.30

  Validation Input: jag vile bort .
  Validation Output: jag ville bort .

  Validation Input: för dzen som vill bli författuarefinns det mnågaolika vägar .
  Validation Output: för den som vill bli författare finns det många olika vägar .

  Validation Input: t o m 27r  /2 .
  Validation Output: t o m 27 / 2 .

  Validation Input: v- fortbildnignbsehovet är enormt stort .
  Validation Output: - fortbildningsbehovet är enormt stort .

  Validation Input: odds : 4,04y .
  Validation Output: odds : 4,04 .

  Validation Input: niget rånbyte .
  Validation Output: inget rånbyte .

  Validation Input: hur lkarar du detpraktiskt ?
  Validation Output: hur klarar du det praktiskt ?

  Validation Input: - det äroerhörtå bekymrande .
  Validation Output: - det är oerhört bekymrande .

  Validation Input: nu planeraås en dialog med ungdomarna i tynnered .
  Validation Output: nu planeras en dialog med ungdomarna i tynnered .

  Validation Input: esdan förra veckan är deto mbyttat rollevr .
  Validation Output: sedan förra veckan är det ombytta roller .

  Validation Input:  et här ärn og det värsta jag varit med om 
  Validation Output:  det här är nog det värsta jag varit med om 

  Validation Input: perssohn och steen .
  Validation Output: persson och steen .

  Validation Input: det gicåk bara runt , runt .
  Validation Output: det gick bara runt , runt .

  Validation Input: där ha framfö rallt laglorderna åtksilliga invändnicngbar mot flera delar azv förslaget .
  Validation Output: där har framför allt laglorderna åtskilliga invändningar mot flera delar av förslaget .

  Validation Input: jfag fick med mig några bra saker att tänka på.
  Validation Output: jag fick med mig några bra saker att tänka på .

  Validation Input: ingn kvar på platsen b.
  Validation Output: ingen kvar på platsen .

  Validation Input: hgöskoleexamehn med inrikthning moty foklkhälsovetenskap : libejrta mehmedi w, göteborg .
  Validation Output: högskoleexamen med inriktning mot folkhälsovetenskap : liberta mehmedi , göteborg .

  Validation Input: tänk på att aldrig blandaa rå coh tillagad kcykling .
  Validation Output: tänk på att aldrig blanda rå och tillagad kyckling .

  Validation Input: och kultur ger männiszkor makt i vardagen .
  Validation Output: och kultur ger människor makt i vardagen .

  Validation Input: itne ritigt där än
  Validation Output: inte riktigt där än

  Validation Input: huvuddelen av czigaretterna kommrf rån två stora containerbeslag .
  Validation Output: huvuddelen av cigaretterna kommer från två stora containerbeslag .

  Validation Input: nårga dagar sneare mvar han anställd .
  Validation Output: några dagar senare var han anställd .

  Validation Input: gäller deto rganisationer somni redan äri ntresserade av ?
  Validation Output: gäller det organisationer som ni redan är intresserade av ?

  Validation Input: hno blev 100 år,  tio månader och sju dagar .
  Validation Output: hon blev 100 år , tio månader och sju dagar .

  Validation Input: de olika edlmomenten bhar seadn betygsatts oc hvägts smaan i egtt slutbetyg .
  Validation Output: de olika delmomenten har sedan betygsatts och vägts samman i ett slutbetyg .

  Validation Input: där tänker jag läggamin rös t.
  Validation Output: där tänker jag lägga min röst .

  Validation Input: det bästa ära tt det är bra musik , ja , det tyckr jag .
  Validation Output: det bästa är att det är bra musik , ja , det tycker jag .

  Validation Input: nu hhar det varit fokus på att komma i ågng .
  Validation Output: nu har det varit fokus på att komma i gång .

  Validation Input: dte räcker me datt stiga in genom dörren för att känna sig välkommen i den ähr lokalen .
  Validation Output: det räcker med att stiga in genom dörren för att känna sig välkommen i den här lokalen .

  Validation Input: - vi ghar docki nte lyckats få fra mhru många hästar et finns i varje komun .
  Validation Output: - vi har dock inte lyckats få fram hur många hästar det finns i varje kommun .

  Validation Input: pats : 1,98-9,05-1,93 .
  Validation Output: plats : 1,98-9,05-1,93 .

  Validation Input: efter fdet vapr han fsat .
  Validation Output: efter det var han fast .

  Validation Input: -d et är äfantastiskt vackert där .
  Validation Output: - det är fantastiskt vackert där .

  Validation Input: - r du klar ?
  Validation Output: - är du klar ?

  Validation Input: servera som förrät .
  Validation Output: servera som förrätt .

  Validation Input: dte är på det nya älfdreboenedt im landvetter cnetrum som träffpunkten öppnar .
  Validation Output: det är på det nya äldreboendet i landvetter centrum som träffpunkten öppnar .

  Validation Input: koppleri mot k , januari 201 0, stockolm. 
  Validation Output: koppleri mot k , januari 2010 , stockholm .

  Validation Input: 07.00 :frukost .
  Validation Output: 07.00 : frukost .

  Validation Input: tryggheten finnsi nt i den materiåella standarden .
  Validation Output: tryggheten finns inte i den materiella standarden .

  Validation Input: bar aen drö för askim
  Validation Output: bara en dröm för askim

  Validation Input: det är inte säkert dte går bra nu .
  Validation Output: det är inte säkert det går bra nu .

  Validation Input: tvåmål av torres
  Validation Output: två mål av torres

  Validation Input: tyngdpunkten i rpojektet är rehabiliteringe n.
  Validation Output: tyngdpunkten i projektet är rehabiliteringen .

  Validation Input: visst  rdet underabrt .
  Validation Output: visst är det underbart .

  Validation Input: men det här fallet bedömde vi som allarligt , säegr bo andersson .
  Validation Output: men det här fallet bedömde vi som allvarligt , säger bo andersson .

  Validation Input: ftill detta ska läggas underleverantörerna .
  Validation Output: till detta ska läggas underleverantörerna .

  Validation Input: - jag uxpplevde et intesom något problme .
  Validation Output: - jag upplevde det inte som något problem .

  Validation Input: då kan ma nintle skåjuta .
  Validation Output: då kan man inte skjuta .

  Validation Input: let the profmite run .
  Validation Output: let the profite run .

  Validation Input: mannen hävdarockså att han inte fick nåogn del av den senaste odlinsgen .
  Validation Output: mannen hävdar också att han inte fick någon del av den senaste odlingen .

  Validation Input: i vårt samhälle endast eött fåtal .
  Validation Output: i vårt samhälle endast ett fåtal .

  Validation Input: * va dkan jag krävao men vara jag köpt gåår sönder ?
  Validation Output: * vad kan jag kräva om en vara jag köpt går sönder ?

  Validation Input: odds: 6,32 .
  Validation Output: odds : 6,32 .

  Validation Input: sista dagen.
  Validation Output: sista dagen .

  Validation Input: har man detta bheöver man integöra någotg .
  Validation Output: har man detta behöver man inte göra något .

  Validation Input: det gör väl alla männpiskro ?
  Validation Output: det gör väl alla människor ?

  Validation Input: frågan är :när ska det tas vrekliga krafttag mot zbostaydsbristen ?
  Validation Output: frågan är : när ska det tas verkliga krafttag mot bostadsbristen ?

  Validation Input: odds : 33,ä10. 
  Validation Output: odds : 33,10 .

  Validation Input: anmesty inetrnatinoal , erik dahlbergsg 9 , kl 19 .
  Validation Output: amnesty international , erik dahlbergsg 9 , kl 19 .

  Validation Input: mljöklsasad väersion mde 109-hästarsmotro .
  Validation Output: miljöklassad version med 109-hästarsmotor .

  Validation Input: samtidigtä r det ett sakmhällsproblem .
  Validation Output: samtidigt är det ett samhällsproblem .

  Validation Input: tt lyckat practical joke
  Validation Output: ett lyckat practical joke

  Validation Input: danamrk : 7x2 .
  Validation Output: danmark : 7x2 .

  Validation Input: faktum är att detf aktiskt aldrig var jobbigt .
  Validation Output: faktum är att det faktiskt aldrig var jobbigt .

  Validation Input: de tkan räcka med kryss i kroaotien .
  Validation Output: det kan räcka med kryss i kroatien .

  Validation Input: när vi fklyxttade till göteborg sommarn q1972 hade vi ingenstans att bo .
  Validation Output: när vi flyttade till göteborg sommarn 1972 hade vi ingenstans att bo .

  Validation Input: - det varm en go ' tjej som hjälpte oss c.
  Validation Output: - det var en go ' tjej som hjälpte oss .

  Validation Input: men de träcker nite.
  Validation Output: men det räcker inte .

  Validation Input: puss på dej , lilla gubbn .
  Validation Output: puss på dej , lilla gubben .

  Validation Input: antalet ksadade bybor aqngavs dåtlil ufyra .
  Validation Output: antalet skadade bybor angavs då till fyra .

  Validation Input: jag tronr vi pratar mer än många nadra par , säger sven .
  Validation Output: jag tror vi pratar mer än många andra par , säger sven .

  Validation Input: -p det var det enda jag tänkte på vdi dte tillfället , säger han .
  Validation Output: - det var det enda jag tänkte på vid det tillfället , säger han .

  Validation Input: elfsorg hade flyt och lsog halmstad .
  Validation Output: elfsborg hade flyt och slog halmstad .

  Validation Input: - när en släkting som man tykcer om har dtöt , då är man intes å kaxig .
  Validation Output: - när en släkting som man tycker om har dött , då är man inte så kaxig .

  Validation Input: men hon vill iqnte flytta fråvn området .
  Validation Output: men hon vill inte flytta från området .

  Validation Input: orgel til lunch
  Validation Output: orgel till lunch

  Validation Input: lycklig igen. 
  Validation Output: lycklig igen .

  Validation Input: ä-d et lir en wfråga för partiledningarna .
  Validation Output: - det blir en fråga för partiledningarna .

  Validation Input: plats å scen .
  Validation Output: plats på scen .

  Validation Input: stämöningsläget på stadens gator och torg är förändrat .
  Validation Output: stämningsläget på stadens gator och torg är förändrat .

  Validation Input: internte .
  Validation Output: internet .

  Validation Input: applådelrar .
  Validation Output: applåderar .

  Validation Input: eom djenhårdnande konfliktenm ellan idealbilder coh det sårbart dödliga .
  Validation Output: om den hårdnande konflikten mellan idealbilder och det sårbart dödliga .

  Validation Input: solen såtr högt påh imlen och klockan har precis hunnit bslmi ett .
  Validation Output: solen står högt på himlen och klockan har precis hunnit bli ett .

  Validation Input: han har sjäqlvs agt att han tog sin examen på scen å.
  Validation Output: han har själv sagt att han tog sin examen på scen .

  Validation Input: - på de tstora hela har dets yvenska finanssystemetklarat sig bra .
  Validation Output: - på det stora hela har det svenska finanssystemet klarat sig bra .

  Validation Input: men vi hwar inute mdet oc frågade vad hna åskulle ha det till .
  Validation Output: men vi har inte det och frågade vad han skulle ha det till .

  Validation Input: det vi behövre är ldesagare .
  Validation Output: det vi behöver är ledsagare .

  Validation Input: vi dsjösättningen visaed det sig actt båten tog in vatten .
  Validation Output: vid sjösättningen visade det sig att båten tog in vatten .

  Validation Input: finns det ncågra sföklaringar? 
  Validation Output: finns det några förklaringar ?

  Validation Input: ublik : n768 .
  Validation Output: publik : 768 .

  Validation Input: håkan mild cvr rörd över allt berö m.
  Validation Output: håkan mild var rörd över allt beröm .

  Validation Input: strax efter klockan 18p asserade det första tåget på 17 dyg n.
  Validation Output: strax efter klockan 18 passerade det första tåget på 17 dygn .

  Validation Input: de bolag sm höjer utgölr hittills 40 procent .
  Validation Output: de bolag som höjer utgör hittills 40 procent .

  Validation Input: det r dyet som är problemet , savde bildt efte rmötets slut i går .
  Validation Output: det är det som är problemet , sade bildt efter mötets slut i går .

  Validation Input: ohc i oqnxshdags var antalet över 1 000 stycekn .
  Validation Output: och i onsdags var antalet över 1 000 stycken .

  Validation Input: för götebrog sksa bli en hållbar stad .
  Validation Output: för göteborg ska bli en hållbar stad .

  Validation Input: mellan 18 och 20 barn fbår plats i den rullande förskolan .
  Validation Output: mellan 18 och 20 barn får plats i den rullande förskolan .

  Validation Input: varför kårnglat ilhl det .
  Validation Output: varför krångla till det .

  Validation Input: så gjordes prisundersöknngen
  Validation Output: så gjordes prisundersökningen

  Validation Input: - kanske var vi lite tgana av stunddens alalvar .
  Validation Output: - kanske var vi lite tagna av stundens allvar .

  Validation Input: uingenj misstänkt är ännu gripen .
  Validation Output: ingen misstänkt är ännu gripen .

  Validation Input: de flesta andrna ghajarter är inegt hot .
  Validation Output: de flesta andra hajarter är inget hot .

  Validation Input: nästan alla ger samma sva r.
  Validation Output: nästan alla ger samma svar .

  Validation Input: strukna nqr q2 och 4 .
  Validation Output: strukna nr 2 och 4 .

  Validation Input: skicakr länk till karta med sms .
  Validation Output: skickar länk till karta med sms .

  Validation Input: hon var phet men avvisande y.
  Validation Output: hon var het men avvisande .

  Validation Input: frölsagetx uhppges kunna rädda melglan 4 000 och 18 000v alar aunder de kmomande tio åren. 
  Validation Output: förslaget uppges kunna rädda mellan 4 000 och 18 000 valar under de kommande tio åren .

  Validation Input: " telias agerande bromsar konkurrnesn och hdet drabbar konsumoenetrna .
  Validation Output: " telias agerande bromsar konkurrensen och det drabbar konsumenterna .

  Validation Input: 24-åring utsat tför mäniskorov
  Validation Output: 24-åring utsatt för människorov

  Validation Input: hon sa : edt hra int jag heller .
  Validation Output: hon sa : det har inte jag heller .

  Validation Input: arrangörerna har ännu nit ebesltuat om de ska överklaga domen till regeringxsräten .
  Validation Output: arrangörerna har ännu inte beslutat om de ska överklaga domen till regeringsrätten .

  Validation Input: - det ä rinte så lätt .
  Validation Output: - det är inte så lätt .

  Validation Input: oms : 42 8a70 kr .
  Validation Output: oms : 42 870 kr .

  Validation Input: omstätning 2004 : 67j0 milojner rkonor.
  Validation Output: omsättning 2004 : 670 miljoner kronor .

  Validation Input: - du , fråga mig inte varför jag aldri gjobbat där .
  Validation Output: - du , fråga mig inte varför jag aldrig jobbat där .

  Validation Input: sedan så gidllarjag matchspel .
  Validation Output: sedan så gillar jag matchspel .

  Validation Input: meider har geonm rapportering väckt samhällen. 
  Validation Output: medier har genom rapportering väckt samhällen .

  Validation Input: låt stå ohc svälla i 20 minhuter. 
  Validation Output: låt stå och svälla i 20 minuter .

  Validation Input: -n ej , det tro rjag inte .
  Validation Output: - nej , det tror jag inte .

  Validation Input: jordguzbbamr och glass .
  Validation Output: jordgubbar och glass .

  Validation Input: - det är denbpästa arbetsplatsen jag hawr varit på .
  Validation Output: - det är den bästa arbetsplatsen jag har varit på .

  Validation Input:  to m 18 / 5. 
  Validation Output: t o m 18 / 5 .

  Validation Input: ja å, ngåot vetenksapligt stöd öfr denna siffra finns rinte 
  Validation Output: ja , något vetenskapligt stöd för denna siffra finns inte .

  Validation Input: det är vrå skyxldighet att värna dem .
  Validation Output: det är vår skyldighet att värna dem .

  Validation Input: - det är 21 omgånga rkvar .
  Validation Output: - det är 21 omgångar kvar .

  Validation Input: plat : 2,811-,9a62-,75 .
  Validation Output: plats : 2,81-1,96-2,75 .

  Validation Input: det blir folkomrösmtning för andra gången p bara ngra år .
  Validation Output: det blir folkomröstning för andra gången på bara några år .

  Validation Input: - david ska jg täcka vikd nattfrost ?
  Validation Output: - david ska jag täcka vid nattfrost ?

  Validation Input: - hnadla bara genmo auktoriseardeo ch kjända mäklare , säegrj an green .
  Validation Output: - handla bara genom auktoriserade och kända mäklare , säger jan green .

  Validation Input: som o han konstaterade : jag har inget gemeånsamt medf detta system .
  Validation Output: som om han konstaterade : jag har inget gemensamt med detta system .

  Validation Input: - vi trorp å en gud , allah , och hansp rofet .
  Validation Output: - vi tror på en gud , allah , och hans profet .

  Validation Input: jag r sjbälv etc exempel på detta .
  Validation Output: jag är själv ett exempel på detta .

  Validation Input: de har arit sams sedan dess .
  Validation Output: de har varit sams sedan dess .

  Validation Input: snöleoparderna är ångotg av favoirter för hnoom .
  Validation Output: snöleoparderna är något av favoriter för honom .

  Validation Input: - sysselsättningsökningn i år är delvis oknstlad .
  Validation Output: - sysselsättningsökningen i år är delvis konstlad .

  Validation Input: publik :4 8 c.
  Validation Output: publik : 48 .

  Validation Input: dramawkomedi .
  Validation Output: dramakomedi .

  Validation Input: medan maken - som är ekonomijournalist - dömdes tillf em års fägnelse .
  Validation Output: medan maken - som är ekonomijournalist - dömdes till fem års fängelse .

  Validation Input: men riskn är atvt kwvinnan utvisas.
  Validation Output: men risken är att kvinnan utvisas .

  Validation Input: stenkyrka kyrkliga samfälilghet bidrar ocksåmed e nmindre summa .
  Validation Output: stenkyrka kyrkliga samfällighet bidrar också med en mindre summa .

  Validation Input: honn är här för första gången .
  Validation Output: hon är här för första gången .

  Validation Input: d eförsta leqveraynsernva sker i septembr .
  Validation Output: de första leveranserna sker i september .

  Validation Input: en persnl chockskadagd .
  Validation Output: en person chockskadad .

  Validation Input: - omvärldden hjälper evrkligen till .
  Validation Output: - omvärlden hjälper verkligen till .

  Validation Input: pbolisneåker txill platesqn föra tt spana yefter rattfyllerisetn 
  Validation Output: polisen åker till platsen för att spana efter rattfylleristen .

  Validation Input: de lär siogf helt enkeltt inte lika myckt .
  Validation Output: de lär sig helt enkelt inte lika mycket .

  Validation Input: ii gneomsnittt ar det 5 .
  Validation Output: i genomsnitt tar det 5 .

  Validation Input: -y daniel , dä räkan du inte stå .
  Validation Output: - daniel , där kan du inte stå .

  Validation Input: publik : 38 500. 
  Validation Output: publik : 38 500 .

  Validation Input: - vi vill znaturligtvis få ut så mycket som möjligt för våra tomter .
  Validation Output: - vi vill naturligtvis få ut så mycket som möjligt för våra tomter .

  Validation Input: hra jobebt nigen vll ha
  Validation Output: har jobbet ingen vill ha

  Validation Input: odds 1,8x6 .
  Validation Output: odds 1,86 .

  Validation Input: pår iktigt , menar jag m.
  Validation Output: på riktigt , menar jag .

  Validation Input: åmlet var matchens ebhållning , ett stenhuårt volleyskott rsom alvbåge inte hjann reagera på .
  Validation Output: målet var matchens behållning , ett stenhårt volleyskott som alvbåge inte hann reagera på .

  Validation Input: vad behöver fröludna göra ?
  Validation Output: vad behöver frölunda göra ?

  Validation Input: i efterhand ärp det enp arallell so blirx allt tydligare .
  Validation Output: i efterhand är det en parallell som blir allt tydligare .

  Validation Input: -u jag vill vara tydlig utan att skrika .
  Validation Output: - jag vill vara tydlig utan att skrika .

  Validation Input: struken  9. 
  Validation Output: struken : 9 .

  Validation Input: tonar uyt över shanghai .
  Validation Output: tonar ut över shanghai .

  Validation Input: när komme rvganen ?
  Validation Output: när kommer vagnen ?

  Validation Input: strax bortanför står några graanr .
  Validation Output: strax bortanför står några granar .

  Validation Input: utstllning
  Validation Output: utställning

  Validation Input: och förändringsfrågan hxarv arit het bland åkarna .
  Validation Output: och förändringsfrågan har varit het bland åkarna .

  Validation Input: jag säterr allt åjag hary påett enda kort .
  Validation Output: jag sätter allt jag har på ett enda kort .

  Validation Input: fotboleln är kär , som kärt basrn har den många namn .
  Validation Output: fotbollen är kär , som kärt barn har den många namn .

  Validation Input: värd att bevaka : boszton b.f.l .
  Validation Output: värd att bevaka : boston b.f.l .

  Validation Input: men nzej tcak !
  Validation Output: men nej tack !

  Validation Input: och visst var det härligt ed jul ?
  Validation Output: och visst var det härligt med jul ?

  Validation Input:  tt-afp )
  Validation Output: ( tt-afp )

  Validation Input: hans myänniskointresse och fömråga at knyta kontatker ji allao sammcanhang var påfallande .
  Validation Output: hans människointresse och förmåga att knyta kontakter i alla sammanhang var påfallande .

  Validation Input: strukejn rn c14 .
  Validation Output: struken nr 14 .

  Validation Input: strujke nnr 7 .
  Validation Output: struken nr 7 .

  Validation Input: 17.05göteobrg
  Validation Output: 17.05 göteborg

  Validation Input: 3 vinterväderpå ingång .
  Validation Output: 3 vinterväder på ingång .

  Validation Input: hennes syskhon öppnae och sa att sara hdae besök .
  Validation Output: hennes syskon öppnade och sa att sara hade besök .

  Validation Input: - det blir bawra krångligyare om flea föravltninvgar yhar likartadei nriktningar .
  Validation Output: - det blir bara krångligare om flera förvaltningar har likartade inriktningar .

  Validation Input: plats: 9,99-2,60-3,02 .
  Validation Output: plats : 9,99-2,60-3,02 .

  Validation Input: mn det qär klart att det är ettsamarbete .
  Validation Output: men det är klart att det är ett samarbete .

  Validation Input: em nden slutade i alla fall så : blå. 
  Validation Output: men den slutade i alla fall så : blå .

  Validation Input: ellr tvärtom .
  Validation Output: eller tvärtom .

  Validation Input: inspekqtionenf öljer nu noga turerna i hq .
  Validation Output: inspektionen följer nu noga turerna i hq .

  Validation Input: polisen hade i går inte gripit några yttöerligare personer .
  Validation Output: polisen hade i går inte gripit några ytterligare personer .

  Validation Input: förcmodligen kommer domarringsväge natt förlängas .
  Validation Output: förmodligen kommer domarringsvägen att förlängas .

  Validation Input: festivalen hyar krsitna förtecgke n.
  Validation Output: festivalen har kristna förtecken .

  Validation Input: jagh ar fåt tbetala extra .
  Validation Output: jag har fått betala extra .

  Validation Input: de ksom inte hlåler med tyckelr nayturlgitvis att dte blipr störande. 
  Validation Output: de som inte håller med tycker naturligtvis att det blir störande .

  Validation Input: rockwen r bredare än någonsin .
  Validation Output: rocken är bredare än någonsin .

  Validation Input: var aggressiv oc hhade intöentioner .
  Validation Output: var aggressiv och hade intentioner .

  Validation Input: det känns alltid lite tungt att tipsa om drömstränpder a.
  Validation Output: det känns alltid lite tungt att tipsa om drömstränder .

  Validation Input: inte mer än s å.
  Validation Output: inte mer än så .

  Validation Input: hur ska man då öfrstå brådskan ?
  Validation Output: hur ska man då förstå brådskan ?

  Validation Input:  6foolex tog maxutdelning frpnr ygg ledoarne .
  Validation Output: 6 foolex tog maxutdelning från rygg ledaren .

  Validation Input: odds : 5s,84 .
  Validation Output: odds : 5,84 .

  Validation Input: ha nråderm dig atpt köpa guld .
  Validation Output: han råder dig att köpa guld .

  Validation Input: han äru resonerande , tydlig occh bygger gärna undger sina argument med siffror .
  Validation Output: han är resonerande , tydlig och bygger gärna under sina argument med siffror .

  Validation Input: kommunen har redan efter utrednnig placerat omtre anställda .
  Validation Output: kommunen har redan efter utredning placerat om tre anställda .

  Validation Input: fortusätt mde tunna såkivor mozzarella , skivad tomat och oliver .
  Validation Output: fortsätt med tunna skivor mozzarella , skivad tomat och oliver .

  Validation Input: men i dga käns det själviklart .
  Validation Output: men i dag känns det självklart .

  Validation Input: tyska , franska oczh brittiska banker borde tvingas skriva ned sina fordringar .
  Validation Output: tyska , franska och brittiska banker borde tvingas skriva ned sina fordringar .

  Validation Input: döen stannyar ivd brunnsbomotewt och två sprnigerj från bilen .
  Validation Output: den stannar vid brunnsbomotet och två springer från bilen .

  Validation Input: ochd et tror jag att de gör , säger bo karlsson l.
  Validation Output: och det tror jag att de gör , säger bo karlsson .

  Validation Input: ingteär så övertygande spom goda föredömen .
  Validation Output: inget är så övertygande som goda föredömen .

  Validation Input: den uppför sig inkte som en vqanlig husbrand och kräver därför ehlt andra insatser .
  Validation Output: den uppför sig inte som en vanlig husbrand och kräver därför helt andra insatser .

  Validation Input: sedan dgäller det att förhandla.
  Validation Output: sedan gäller det att förhandla .

  Validation Input: aritstjen , kodnsertsalen , k 12.15 .
  Validation Output: artisten , konsertsalen , kl 12.15 .

  Validation Input: det är ju det höonk an .
  Validation Output: det är ju det hon kan .

  Validation Input: först , i mtiten eller sist ?
  Validation Output: först , i mitten eller sist ?

  Validation Input: nebart sockerf åpr inte barn attvoäxa .
  Validation Output: enbart socker får inte barn att växa .

  Validation Input: hplats 1,19-1,53 .
  Validation Output: plats 1,19-1,53 .

  Validation Input: hon är forftarande sjukskriven .
  Validation Output: hon är fortfarande sjukskriven .

  Validation Input: äet kan röra isg okm högklackat , lackkläder,  korsetterw , ttaueringaroch mycket mer .
  Validation Output: det kan röra sig om högklackat , lackkläder , korsetter , tatueringar och mycket mer .

  Validation Input: - det ä rväldigt tacksamt att spela med en spelare av den kalibern .
  Validation Output: - det är väldigt tacksamt att spela med en spelare av den kalibern .

  Validation Input: - det kan vara svårt med gränsdragningaran.
  Validation Output: - det kan vara svårt med gränsdragningarna .

  Validation Input: vad återsåtr ?
  Validation Output: vad återstår ?

  Validation Input: dceztä r fö rtidigt änf ör tt tala om resultat .
  Validation Output: det är för tidigt än för att tala om resultat .

  Validation Input: -det får man acceptera. 
  Validation Output: - det får man acceptera .

  Validation Input: detk aön ge jobb i sverige .
  Validation Output: det kan ge jobb i sverige .

  Validation Input: pubylik : 1 033 .
  Validation Output: publik : 1 033 .

  Validation Input: det wka jakg ju inte säga .
  Validation Output: det kan jag ju inte säga .

  Validation Input: muen så vavr inet fallet o.
  Validation Output: men så var inte fallet .

  Validation Input: samtiditg växer motståndet mont bidragsslakten .
  Validation Output: samtidigt växer motståndet mot bidragsslakten .

  Validation Input: jagl ska hjälpa dig .
  Validation Output: jag ska hjälpa dig .

  Validation Input: det må vara hänt. 
  Validation Output: det må vara hänt .

  Validation Input: kanskegår de tatct tircksa med deltider .
  Validation Output: kanske går det att tricksa med deltider .

  Validation Input: s- både ochu .
  Validation Output: - både och .

  Validation Input: seedjan senaste plattan origin vlo .
  Validation Output: sedan senaste plattan origin vol .

  Validation Input: trevlpig helg !
  Validation Output: trevlig helg !

  Validation Input: efter semestern blev det nänu sämre .
  Validation Output: efter semestern blev det ännu sämre .

  Validation Input: jgaä beklagaratt inte informationen nått alla tidigare .
  Validation Output: jag beklagar att inte informationen nått alla tidigare .

  Validation Input: kungbsackafjoredn är åkåbar utt ill gottskär .
  Validation Output: kungsbackafjorden är åkbar ut till gottskär .

  Validation Input: det är aölla sorter .
  Validation Output: det är alla sorter .

  Validation Input: viking telecom har ybtt verksamhet under året .
  Validation Output: viking telecom har bytt verksamhet under året .

  Validation Input: lå tdejm svalna .
  Validation Output: låt dem svalna .

  Validation Input: strukewn nr 8 .
  Validation Output: struken nr 8 .

  Validation Input: halland : ppapan hade sex med sina två döttrar under tio å r.
  Validation Output: halland : pappan hade sex med sina två döttrar under tio år .

  Validation Input: det enda som är riktigt synd äbr att ljudet denna seneftermiddag är riktit sunikgt .
  Validation Output: det enda som är riktigt synd är att ljudet denna seneftermiddag är riktigt sunkigt .

  Validation Input: det är ens olig dag .
  Validation Output: det är en solig dag .

  Validation Input: ivd en utybggnad eller ändraod produktion måset företgaets hela vekrsamhet omprövas .
  Validation Output: vid en utbyggnad eller ändrad produktion måste företagets hela verksamhet omprövas .

  Validation Input: utv,  sverige : 5x2 .
  Validation Output: utv , sverige : 5x2 .

  Validation Input: jo , aknske litfe mer , säger hano chs krattar .
  Validation Output: jo , kanske lite mer , säger han och skrattar .

  Validation Input: bengt-åke peasf rån tre krnoor
  Validation Output: bengt-åke petas från tre kronor

  Validation Input: mannen sägers igr infte minnasc dåden .
  Validation Output: mannen säger sig inte minnas dåden .

  Validation Input: 305 anstälda
  Validation Output: 305 anställda

  Validation Input: det kan bli aktuellt att testa hnuden mentalt .
  Validation Output: det kan bli aktuellt att testa hunden mentalt .

  Validation Input: mne det är svårt .
  Validation Output: men det är svårt .

  Validation Input: to  m 21 / 3 .
  Validation Output: t o m 21 / 3 .

  Validation Input: gråtande bosättare och soldater stod mto varandra .
  Validation Output: gråtande bosättare och soldater stod mot varandra .

  Validation Input: gör konsthallen ill barnens konstmuseum
  Validation Output: gör konsthallen till barnens konstmuseum

  Validation Input: ångaren  bohuslän  tutanr .
  Validation Output: ångaren  bohuslän  tutar .

  Validation Input: plats : ,1381-,73-1,84 .
  Validation Output: plats : 1,38-1,73-1,84 .

  Validation Input: men att göra det snabt gi sto rskala är svårt .
  Validation Output: men att göra det snabbt i stor skala är svårt .

  Validation Input: jag vet inte avd vi höll påm ed , sger joel lundqvist .
  Validation Output: jag vet inte vad vi höll på med , säger joel lundqvist .

  Validation Input: detär ksit , man blir bara deprimeratd .
  Validation Output: det är skit , man blir bara deprimerad .

  Validation Input: har sedna dess oroligt väntat på sva r.
  Validation Output: har sedan dess oroligt väntat på svar .

  Validation Input: i danmark går det sakta neråt , sägerv jnesen .
  Validation Output: i danmark går det sakta neråt , säger jensen .

  Validation Input: pajas oc  gud  .
  Validation Output: pajas och  gud  .

  Validation Input: storsatsnin g.
  Validation Output: storsatsning .

  Validation Input: plaats 1,52-,281-1,27 .
  Validation Output: plats 1,52-2,81-1,27 .

  Validation Input: - jag litade int etillrckligt på mejv själ v, tycker matild a.
  Validation Output: - jag litade inte tillräckligt på mej själv , tycker matilda .

  Validation Input: det ä rav vitk också för flygbranschen so msådaön .
  Validation Output: det är av vikt också för flygbranschen som sådan .

  Validation Input: hur akitv är u inom radical cheerleaidng ?
  Validation Output: hur aktiv är du inom radical cheerleading ?

  Validation Input: therese var den enda tjejen i tävilntgen .
  Validation Output: therese var den enda tjejen i tävlingen .

  Validation Input: oms:  52 950 kr .
  Validation Output: oms : 52 950 kr .

  Validation Input: så nu har bägge parteör svårtatt backa .
  Validation Output: så nu har bägge parter svårt att backa .

  Validation Input: förslagen kostqar femz imjlarder prislaappen pför allt detta andra då ?
  Validation Output: förslagen kostar fem miljarder prislappen för allt detta andra då ?

  Validation Input: sammwa metod .
  Validation Output: samma metod .

  Validation Input: vernissage kl 11t-14 .
  Validation Output: vernissage kl 11-14 .

  Validation Input: ochr fortfarandeär dess effekterc kännbara inom turistnäringen .
  Validation Output: och fortfarande är dess effekter kännbara inom turistnäringen .

  Validation Input: - det beror åp vanr manv aknar .
  Validation Output: - det beror på var man vaknar .

  Validation Input: benen iett frhamgångsrikt handbollslag är inga konstigheter .
  Validation Output: benen i ett framgångsrikt handbollslag är inga konstigheter .

  Validation Input: eu-kommissionenh ar redan inlett tkeniksamabrbetemed kina och inzdien .
  Validation Output: eu-kommissionen har redan inlett tekniksamarbete med kina och indien .

  Validation Input: hon röstade på diylma .
  Validation Output: hon röstade på dilma .

  Validation Input: men det handlade ju om e minoritet av kommentarrena ?
  Validation Output: men det handlade ju om en minoritet av kommentarerna ?

  Validation Input: publik : ä313 .
  Validation Output: publik : 313 .

  Validation Input: dt finnsl ju allmänna grillplatser u, använd dem .
  Validation Output: det finns ju allmänna grillplatser , använd dem .

  Validation Input: det hade alltså nite ekström .
  Validation Output: det hade alltså inte ekström .

  Validation Input: - så säger vi till barnen när de undrgar .
  Validation Output: - så säger vi till barnen när de undrar .

  Validation Input: - det ä rsvårxt att säga .
  Validation Output: - det är svårt att säga .

  Validation Input: edt kan bero på eni konflikt inombords , det kan bero på samhället omkrisng .
  Validation Output: det kan bero på en konflikt inombords , det kan bero på samhället omkring .

  Validation Input: kommer ni at lösa det äh r?
  Validation Output: kommer ni att lösa det här ?

  Validation Input: när basilhikan är tillsatt är det viktigt att inte mixa för länge .
  Validation Output: när basilikan är tillsatt är det viktigt att inte mixa för länge .

  Validation Input: ute iu parken sysnf å spår av förödelsen .
  Validation Output: ute i parken syns få spår av förödelsen .

  Validation Input: bkilj tel 0346-88 61 01 .
  Validation Output: bilj tel 0346-88 61 01 .

  Validation Input: stuider skjuter baa upp arbetslösheten
  Validation Output: studier skjuter bara upp arbetslösheten

  Validation Input: det är alltså bra at twbromsen ifnns .
  Validation Output: det är alltså bra att bromsen finns .

  Validation Input: då hängerj j gitnxe med på allt .
  Validation Output: då hänger jag inte med på allt .

  Validation Input: dwet gjode ha n.
  Validation Output: det gjorde han .

  Validation Input: det är välidg tsvårt .
  Validation Output: det är väldigt svårt .

  Validation Input: - göteobrg drbbaades hårt av krisen .
  Validation Output: - göteborg drabbades hårt av krisen .

  Validation Input: politiker måste kunna ändlra sig nä förslag går fel .
  Validation Output: politiker måste kunna ändra sig när förslag går fel .

  Validation Input: mde fartygen försvinner xklustret kring jsöfarten .
  Validation Output: med fartygen försvinner klustret kring sjöfarten .

  Validation Input: ahn ber nu ill högre makter om fortsattc gott väder .
  Validation Output: han ber nu till högre makter om fortsatt gott väder .

  Validation Input: - jgy tänktte att det inte är en nyhoet .
  Validation Output: - jag tänkte att det inte är en nyhet .

  Validation Input: det handlacrr om att allatror att deras film är bästo ch ingen viöll öflytta på sig .
  Validation Output: det handlar om att alla tror att deras film är bäst och ingen vill flytta på sig .

  Validation Input: de flesta besökarn aär göteborgare .
  Validation Output: de flesta besökarna är göteborgare .

  Validation Input: vilketä r ditt favvohäng ?
  Validation Output: vilket är ditt favvohäng ?

  Validation Input: deöt finns alltid en sista ömjlghet .
  Validation Output: det finns alltid en sista möjlighet .

  Validation Input: det gpåqr ett sus i publiken .
  Validation Output: det går ett sus i publiken .

  Validation Input: för träde tbtrukar inte cgöra det .
  Validation Output: för trädet brukar inte göra det .

  Validation Input: ewn ren fröjd .
  Validation Output: en ren fröjd .

  Validation Input: de är inte de enqda vi edlar på .
  Validation Output: de är inte de enda vi delar på .

  Validation Input: -j ag har haft ett fantastsitk år .
  Validation Output: - jag har haft ett fantastiskt år .

  Validation Input: för att kunna skcika hem lite pengar och hopp till slätkingarna som lbrev kvar .
  Validation Output: för att kunna skicka hem lite pengar och hopp till släktingarna som blev kvar .

  Validation Input: ivnteså många äldre .
  Validation Output: inte så många äldre .

  Validation Input: nu söker imn gamla (endast 3 årä ldre ! )
  Validation Output: nu söker min gamla ( endast 3 år äldre ! )

  Validation Input: mink största rgenbåge ficdk jga i vallgraven .
  Validation Output: min största regnbåge fick jag i vallgraven .

  Validation Input: då är det stängt här u, svarar msutfaa .
  Validation Output: då är det stängt här , svarar mustafa .

  Validation Input: det hde bhan inte när han kom .
  Validation Output: det hade han inte när han kom .

  Validation Input: - j , det var det veäl på sätt oh vis .
  Validation Output: - ja , det var det väl på sätt och vis .

  Validation Input: de rbukarf blända sin publiäk .
  Validation Output: de brukar blända sin publik .

  Validation Input: en rasolycka ledde till at en av de anställdafifck rasmassor över sig .
  Validation Output: en rasolycka ledde till att en av de anställda fick rasmassor över sig .

  Validation Input: då kom den andrav ågen och krossade väggen bakom mig så att jga kom ut e.
  Validation Output: då kom den andra vågen och krossade väggen bakom mig så att jag kom ut .

  Validation Input: zoran litaru okcså på at hasn dotterhar koll på vad somgävller .
  Validation Output: zoran litar också på att hans dotter har koll på vad som gäller .

  Validation Input: jag vet inte varåfrö jag ögr så .
  Validation Output: jag vet inte varför jag gör så .

  Validation Input: varm tocyh trivsamt .
  Validation Output: varmt och trivsamt .

  Validation Input: köttet ä rgiftigt och måste tillreådas av sdpecialutbildade köksmästare .
  Validation Output: köttet är giftigt och måste tillredas av specialutbildade köksmästare .

  Validation Input: undrade hon retoirstkg e.
  Validation Output: undrade hon retoriskt .

  Validation Input: i domzstol .
  Validation Output: i domstol .

  Validation Input: vad tycer du ?
  Validation Output: vad tycker du ?

  Validation Input: och då gkomer det aftt gå fovrt , säger " mange " olsson .
  Validation Output: och då kommer det att gå fort , säger " mange " olsson .

  Validation Input: upblik : 221. 
  Validation Output: publik : 221 .

  Validation Input: räddningstjänsten är påd plats chö arbetar öfr fullt med släckning .
  Validation Output: räddningstjänsten är på plats och arbetar för fullt med släckning .

  Validation Input: själv tänkre jag att den blir en ibld av hela utställningen , so drar åt många olika håll. 
  Validation Output: själv tänker jag att den blir en bild av hela utställningen , som drar åt många olika håll .

  Validation Input: - nej nxej , prootesterade uhan .
  Validation Output: - nej nej , protesterade han .

  Validation Input: pegnar  ,statyetter och ära .
  Validation Output: pengar , statyetter och ära .

  Validation Input: musik måste vara ärli g.
  Validation Output: musik måste vara ärlig .

  Validation Input: skåwdespelare .
  Validation Output: skådespelare .

  Validation Input: zprolific bbetyder fxruktsam. 
  Validation Output: prolific betyder fruktsam .

  Validation Input: mie nkänns , det gör linotns bok om latinamerika .
  Validation Output: men känns , det gör lintons bok om latinamerika .

  Validation Input:  konungendog i dag 
  Validation Output:  konungen dog i dag 

  Validation Input: pressa citron över lamlmkotletterna .
  Validation Output: pressa citron över lammkotletterna .

  Validation Input: likvrdigtä för alla elever .
  Validation Output: likvärdigt för alla elever .

  Validation Input: men boknnige nvar inte klar .
  Validation Output: men bokningen var inte klar .

  Validation Input: t o m w30 / 12 .
  Validation Output: t o m 30 / 12 .

  Validation Input: kdet blir aldig något p.
  Validation Output: det blir aldrig något .

  Validation Input: - det ä min favorit , säger hon .
  Validation Output: - det är min favorit , säger hon .

  Validation Input: marc broosv ill nog hellre kallasig oknstänr än entreprenör .
  Validation Output: marc broos vill nog hellre kalla sig konstnär än entreprenör .

  Validation Input:  to m 21 / 2 .
  Validation Output: t o m 21 / 2 .

  Validation Input: tanpka film ochtv .
  Validation Output: tanka film och tv .

  Validation Input: åkommunen har owckså hotat med rivnig .
  Validation Output: kommunen har också hotat med rivning .

  Validation Input:  tom  2 / 10f .
  Validation Output: t o m 2 / 10 .

  Validation Input: och vem sk adå flytta åpm sig ?
  Validation Output: och vem ska då flytta på sig ?

  Validation Input: det var såtende ovationer .
  Validation Output: det var stående ovationer .

  Validation Input: vi ser långt och hungrigt efter qde nlycklige , som dslinker ivä gmed smin låda .
  Validation Output: vi ser långt och hungrigt efter den lycklige , som slinker iväg med sin låda .

  Validation Input: här kna dut räffas och gå prercsi avrt du vill .
  Validation Output: här kan du träffas och gå precis vart du vill .

  Validation Input: v5 : 900 218i kr .
  Validation Output: v5 : 900 218 kr .

  Validation Input: uppokppjlad eller avkoplpuad i spommar ?
  Validation Output: uppkopplad eller avkopplad i sommar ?

  Validation Input: i södre uppmanas lfolk att varoa fortsatt vaksamma .
  Validation Output: i söder uppmanas folk att vara fortsatt vaksamma .

  Validation Input: ibladn kommer de snubblande nära .
  Validation Output: ibland kommer de snubblande nära .

  Validation Input: det hade vacrit ebtydligt lättar eförr asäsnogeknä , om åjag säger så o.
  Validation Output: det hade varit betydligt lättare förra säsongen , om jag säger så .

  Validation Input: v rtodde att vi hade estt alla varianter på daitng-pwrogram .
  Validation Output: vi trodde att vi hade sett alla varianter på dating-program .

  Validation Input: - kan detbli bättre , sa fanskapet .
  Validation Output: - kan det bli bättre , sa fanskapet .

  Validation Input: barnens rät .
  Validation Output: barnens rätt .

  Validation Input: men då tarj ag medicin som hjäolper .
  Validation Output: men då tar jag medicin som hjälper .

  Validation Input: motor : solen skinre i karltsad w.
  Validation Output: motor : solen skiner i karlstad .

  Validation Input: jag såg skogen komma mo tmgiä b.
  Validation Output: jag såg skogen komma mot mig .

  Validation Input: för att bli accepterad , ochkanske till ohcå med älskad .
  Validation Output: för att bli accepterad , och kanske till och med älskad .

  Validation Input: plats : 2,31-7,g02-2,21 .
  Validation Output: plats : 2,31-7,02-2,21 .

  Validation Input: chefsåklagrae lena medelius beskriver mordets om et tav de våldsammastehon öhrt talas om .
  Validation Output: chefsåklagare lena medelius beskriver mordet som ett av de våldsammaste hon hört talas om .

  Validation Input: allt rär guld som glimmar , äsom mank säger .
  Validation Output: allt är guld som glimmar , som man säger .

  Validation Input: plats : 3,4-1,l83-1,68 .
  Validation Output: plats : 3,44-1,83-1,68 .

  Validation Input: något som fletra av storbankerna erbjuxder .
  Validation Output: något som flera av storbankerna erbjuder .

  Validation Input: äntligen. 
  Validation Output: äntligen .

  Validation Input: tävlingakrna är viktiga .
  Validation Output: tävlingarna är viktiga .

  Validation Input: men återhämtningen har gådtpt ofrt .
  Validation Output: men återhämtningen har gått fort .

  Validation Input: sagoföreställnin om vänskap .
  Validation Output: sagoföreställning om vänskap .

  Validation Input: på så sätt kom jagi  kontakt medf öretagte .
  Validation Output: på så sätt kom jag i kontakt med företaget .

  Validation Input: detta varä en sådn .
  Validation Output: detta var en sådan .

  Validation Input: od s: 83,46 .
  Validation Output: odds : 83,46 .

  Validation Input: menr österna tystnar inte .
  Validation Output: men rösterna tystnar inte .

  Validation Input: 23.00-04.00, 100 kr , 20 år .
  Validation Output: 23.00-04.00 , 100 kr , 20 år .

  Validation Input: katedralen skall fyllas txre gzånger till denna söndag .
  Validation Output: katedralen skall fyllas tre gånger till denna söndag .

  Validation Input: v3 : 134 940k r .
  Validation Output: v3 : 134 940 kr .

  Validation Input: - xhan blev förd till sibirien och skjuten .
  Validation Output: - han blev förd till sibirien och skjuten .

  Validation Input: strzuken nr 5 .
  Validation Output: struken nr 5 .

  Validation Input: visningk l 19 .
  Validation Output: visning kl 19 .

  Validation Input: - jag veti nte a.
  Validation Output: - jag vet inte .

  Validation Input: tiidgare har hnon ojbbat som elevassistent 
  Validation Output: tidigare har hon jobbat som elevassistent .

  Validation Input: nu , fyra år senare hfar vi flyttat till göteborg , vlket avr bådas mlå 
  Validation Output: nu , fyra år senare har vi flyttat till göteborg , vilket var bådas mål .

  Validation Input: dete befarades enk srtäckning ,m en så illa var dret inte .
  Validation Output: det befarades en sträckning , men så illa var det inte .

  Validation Input: lån tillåts baraf ör iänvesteringar .
  Validation Output: lån tillåts bara för investeringar .

  Validation Input: han frågade flotitjlvaketnw om hon fick fölaj med honom ion .
  Validation Output: han frågade flottiljvakten om hon fick följa med honom in .

  Validation Input: person , här har du söndagstaleto !
  Validation Output: persson , här har du söndagstalet !

  Validation Input: folk gillar olkia sakerx så mank an inte ha sex påe saima sätt med alla pesronerw y.
  Validation Output: folk gillar olika saker så man kan inte ha sex på samma sätt med alla personer .

  Validation Input: det lir dålig stämnnig .
  Validation Output: det blir dålig stämning .

  Validation Input: och ahn ser också en roll fr hoonm .
  Validation Output: och han ser också en roll för honom .

  Validation Input: ööppet vard kl1 2-19 .
  Validation Output: öppet vard kl 12-19 .

  Validation Input: det är förvaltningen för kukltur- ch turism som står bakom arrangemanget .
  Validation Output: det är förvaltningen för kultur- och turism som står bakom arrangemanget .

  Validation Input: - det skulle vara ne katastrof om det hädne något .
  Validation Output: - det skulle vara en katastrof om det hände något .

  Validation Input: - jag tycker att dts ka var aen rättighetatt bära slöjöa .
  Validation Output: - jag tycker att det ska vara en rättighet att bära slöja .

  Validation Input: strukeno nr 6 .
  Validation Output: struken nr 6 .

  Validation Input: eöddie fihck kultstämpel i bandet sista mannen på jorden .
  Validation Output: eddie fick kultstämpel i bandet sista mannen på jorden .

  Validation Input: öväer tll nsäta bricak .
  Validation Output: över till nästa bricka .

  Validation Input: dn drunknade
  Validation Output: den drunknade

  Validation Input: renojveringen to gett år .
  Validation Output: renoveringen tog ett år .

  Validation Input:  idag är detta inte möjligt .
  Validation Output: i dag är detta inte möjligt .

  Validation Input: rör i kasthrullen och låt brödet få lite färg p.
  Validation Output: rör i kastrullen och låt brödet få lite färg .

  Validation Input: ngen hjälp jfrån finlnd
  Validation Output: ingen hjälp från finland

  Validation Input: x- jag käner mig lugn och harmonisk .
  Validation Output: - jag känner mig lugn och harmonisk .

  Validation Input: me ntill dess föjler gp nuvarande lag .
  Validation Output: men till dess följer gp nuvarande lag .

  Validation Input: publik  1 586 .
  Validation Output: publik : 1 586 .

  Validation Input: kansek borde vi int vara förvånaqde 
  Validation Output: kanske borde vi inte vara förvånade .

  Validation Input: senare fick vi höra tat en av d andra fabrikscheferna lbivit avrätatd f.
  Validation Output: senare fick vi höra att en av de andra fabrikscheferna blivit avrättad .

  Validation Input: jag saknar p- alltmer akut - variation .
  Validation Output: jag saknar - alltmer akut - variation .

  Validation Input: hplhat : 3,57-1,80-2,80 .
  Validation Output: plats : 3,57-1,80-2,80 .

  Validation Input: - dået hä rkvartalet ahr vi öppnat 16 nya butiker .
  Validation Output: - det här kvartalet har vi öppnat 16 nya butiker .

  Validation Input: yna prover togs därför tåvdagar esnare .
  Validation Output: nya prover togs därför två dagar senare .

  Validation Input: tyvärr var det få som dök upp. 
  Validation Output: tyvärr var det få som dök upp .

  Validation Input: västerbo daylight fortstäter att vinna i frankrike .
  Validation Output: västerbo daylight fortsätter att vinna i frankrike .

  Validation Input: menz deut var bara att köra .
  Validation Output: men det var bara att köra .

  Validation Input: men göran bonander ( c )i  tekniska nämndn är arg .
  Validation Output: men göran bonander ( c ) i tekniska nämnden är arg .

  Validation Input: här gäller det tat vara vaksam .
  Validation Output: här gäller det att vara vaksam .

  Validation Input: dt är eän viktig strukturell förbättring .
  Validation Output: det är en viktig strukturell förbättring .

  Validation Input: nefertiit kl21-03 .
  Validation Output: nefertiti kl 21-03 .

  Validation Input: oms :5  747 438 kr .
  Validation Output: oms : 5 747 438 kr .

  Validation Input:  -ddens tora skillnaden nu är att jag är hcemma mer .
  Validation Output: - den stora skillnaden nu är att jag är hemma mer .

  Validation Input: det i sin tur kräver samarbet e, som kräver-  åjust det - kommunikationq .
  Validation Output: det i sin tur kräver samarbete , som kräver - just det - kommunikation .

  Validation Input: ja ,c hanser fanns definitivt .
  Validation Output: ja , chanser fanns definitivt .

  Validation Input: öppet vardagkar kl 12-18 , lör 12-14 .
  Validation Output: öppet vardagar kl 12-18 , lör 12-14 .

  Validation Input: om hgan frgyser ?
  Validation Output: om han fryser ?

  Validation Input: ruth maide , 72 , angered x:
  Validation Output: ruth maide , 72 , angered :

  Validation Input: utv , finland:  1x2 .
  Validation Output: utv , finland : 1x2 .

  Validation Input: t o m 14 /1-06 .
  Validation Output: t o m 14 / 1-06 .

  Validation Input: odyds : 159,89 .
  Validation Output: odds : 159,89 .

  Validation Input: stambyt eska genomöfras påc 239y lälgenhetevr i åbyomrdået under eett oc hett halvt år .
  Validation Output: stambyte ska genomföras på 239 lägenheter i åbyområdet under ett och ett halvt år .

  Validation Input: detk afn komma foljk utifrån , säger olsosn .
  Validation Output: det kan komma folk utifrån , säger olsson .

  Validation Input: som om han inte skulle ha etbt eget va lx.
  Validation Output: som om han inte skulle ha ett eget val .

  Validation Input: i denp offentlig asektorn ser det mindrle ljust ut .
  Validation Output: i den offentliga sektorn ser det mindre ljust ut .

  Validation Input: me nja gvet ine oum det är så ?
  Validation Output: men jag vet inte om det är så ?

  Validation Input: - men så är det linte i dagj .
  Validation Output: - men så är det inte i dag .

  Validation Input: ömlndalspolisen bekräftar att enf ökrundersöknign pågår q.
  Validation Output: mölndalspolisen bekräftar att en förundersökning pågår .

  Validation Input: det har inngetm edo tvätt attögöra .
  Validation Output: det har inget med tvätt att göra .

  Validation Input: öatt äta till :
  Validation Output: att äta till :

  Validation Input: avcttnaa rikligt mäen låt inet rozsorna stå i vatten .
  Validation Output: vattna rikligt men låt inte rosorna stå i vatten .

  Validation Input: bara tillräcqkligt för att slippa jumbopltasen .
  Validation Output: bara tillräckligt för att slippa jumboplatsen .

  Validation Input: nekar htill allt .
  Validation Output: nekar till allt .

  Validation Input: sohlberg tog grepp på 13:e speciaeln vid vaurgåäsen 
  Validation Output: sohlberg tog grepp på 13:e specialen vid vargåsen .

  Validation Input: -djet är bra att det finns en dag när det juppämrksammas at tman ä kvinna .
  Validation Output: - det är bra att det finns en dag när det uppmärksammas att man är kvinna .

  Validation Input: odds q:h 184,91 .
  Validation Output: odds : 184,91 .

  Validation Input: men snart hnder det saker .
  Validation Output: men snart händer det saker .

  Validation Input: det ka nhända skaer efter ettbeslut som görj att allt ser annorlunda utf .
  Validation Output: det kan hända saker efter ett beslut som gör att allt ser annorlunda ut .

  Validation Input: fler vårdcentraler ga vfler besök ..
  Validation Output: fler vårdcentraler gav fler besök ...

  Validation Input: kvarngården , klp 19 .
  Validation Output: kvarngården , kl 19 .

  Validation Input: - ja , det är ju fhantastisbkt .
  Validation Output: - ja , det är ju fantastiskt .

  Validation Input: dett og bara fyra timar ! "
  Validation Output: det tog bara fyra timmar ! "

  Validation Input: - det äsr täaget rakt ur luften .
  Validation Output: - det är taget rakt ur luften .

  Validation Input: jvag minns det inte , säger ralf gyllenhammkar .
  Validation Output: jag minns det inte , säger ralf gyllenhammar .

  Validation Input: polisen förhör de inblxandade .
  Validation Output: polisen förhör de inblandade .

  Validation Input: lerverk ,v  hamng 24-26 .
  Validation Output: lerverk , v hamng 24-26 .

  Validation Input: fryågar zhan sig .
  Validation Output: frågar han sig .

  Validation Input: ettsnabbt svar på läsarfrågan omhur fdu håller örqterna fina .
  Validation Output: ett snabbt svar på läsarfrågan om hur du håller örterna fina .

  Validation Input: mi nmammavar borta mycket , på sjuvkhus .
  Validation Output: min mamma var borta mycket , på sjukhus .

  Validation Input: pubijk:  11 885 .
  Validation Output: publik : 11 885 .

  Validation Input: - jo ... det äfr det ju 
  Validation Output: - jo ... det är det ju .

  Validation Input: jag håxlle rpäås å länge jag prestyerar .
  Validation Output: jag håller på så länge jag presterar .

  Validation Input: det började öfr ett år sedan när vi skullue spela musik för debtb unga lilla barnet .
  Validation Output: det började för ett år sedan när vi skulle spela musik för det unga lilla barnet .

  Validation Input: problemen ahr förvärrats av de nordkkoreanksa ledavrna .
  Validation Output: problemen har förvärrats av de nordkoreanska ledarna .

  Validation Input: muski som trivs med sig själv .
  Validation Output: musik som trivs med sig själv .

  Validation Input: samtidigth ar förbandet en egen krgsstödsfnörmåga .
  Validation Output: samtidigt har förbandet en egen krigsstödsförmåga .

  Validation Input: småstjärnor unag versioenr va kända artisåter .
  Validation Output: småstjärnor unga versioner av kända artister .

  Validation Input: fö vnänerna
  Validation Output: för vännerna

  Validation Input: yräknat i svenska pengar s åcmotsvaarar budet 97 mijljaredr kronor .
  Validation Output: räknat i svenska pengar så motsvarar budet 97 miljarder kronor .

  Validation Input: - många har hört av sig. 
  Validation Output: - många har hört av sig .

  Validation Input: publik :832. 
  Validation Output: publik : 832 .

  Validation Input: det gäller bland annat i skene , strömstyad och bhäckefors .
  Validation Output: det gäller bland annat i skene , strömstad och bäckefors .

  Validation Input: hetta upp lite smör ochb fräs fläsket tyillsd et får färg .
  Validation Output: hetta upp lite smör och fräs fläsket tills det får färg .

  Validation Input: öpet kl 10-15 .
  Validation Output: öppet kl 10-15 .

  Validation Input: billstrlömska , kl 19 .
  Validation Output: billströmska , kl 19 .

  Validation Input: skär citroneni  skivor .
  Validation Output: skär citronen i skivor .

  Validation Input: kan kmma med spel
  Validation Output: kan komma med spel

  Validation Input: hur myckt mn än msyger i, så r människan afrikas msestö höglujdda djru .
  Validation Output: hur mycket man än smyger , så är människan afrikas mest högljudda djur .

  Validation Input: - vazrför vilil ud göra det ?
  Validation Output: - varför vill du göra det ?

  Validation Input: radoimuseet öppet vard kl 10-15, löår-sön kl q12-15 .
  Validation Output: radiomuseet öppet vard kl 10-15 , lör-sön kl 12-15 .

  Validation Input: önskäemålet frå npolitiskt håll är at nuderöska om hlea ellerd elar av uhsen kan räddas .
  Validation Output: önskemålet från politiskt håll är att undersöka om hela eller delar av husen kan räddas .

  Validation Input: men poängen som är tagn mot de lagen soom int eföljer med till mellanrunadn räknas bort .
  Validation Output: men poängen som är tagna mot de lagen som inte följer med till mellanrundan räknas bort .

  Validation Input: - men helgelrna , stmamiarjag  akn vi itne ses då ?
  Validation Output: - men helgerna , stammar jag , kan vi inte ses då ?

  Validation Input: att väljarna inte prioriterar mljöfrågna är inte konstigt .
  Validation Output: att väljarna inte prioriterar miljöfrågan är inte konstigt .

  Validation Input: o- tveksamt .
  Validation Output: - tveksamt .

  Validation Input: wallabnderär förstås filemns nav .
  Validation Output: wallander är förstås filmens nav .

  Validation Input: t o m 20 / 2. 
  Validation Output: t o m 20 / 2 .

  Validation Input: omen et är inte en självklar uutgnåg , säger pär magnusson .
  Validation Output: men det är inte en självklar utgång , säger pär magnusson .

  Validation Input: bolaget hadef örlorat blnad annt fastighneter , stäädninög ocho godståg .
  Validation Output: bolaget hade förlorat bland annat fastigheter , städning och godståg .

  Validation Input: det skall vi ara glada för .
  Validation Output: det skall vi vara glada för .

  Validation Input: - tänk mo det är ha n?
  Validation Output: - tänk om det är han ?

  Validation Input: men historien slutar intel hletö lycklitgb för det .
  Validation Output: men historien slutar inte helt lyckligt för det .

  Validation Input: vilkaq signaler ger det ?
  Validation Output: vilka signaler ger det ?

  Validation Input: stenkyrka kyrkak l20 .
  Validation Output: stenkyrka kyrka kl 20 .

  Validation Input: struken nr1  4.
  Validation Output: struken nr 14 .

  Validation Input: det ksule gynna stenas taznkflotta .
  Validation Output: det skulle gynna stenas tankflotta .

  Validation Input: till hösten börwjar behandlingen .
  Validation Output: till hösten börjar behandlingen .

  Validation Input: de had släpp ttjuvne på fri fot igen .
  Validation Output: de hade släppt tjuven på fri fot igen .

  Validation Input: plats : 1,47-2,54-86,2 .
  Validation Output: plats : 1,47-2,54-8,62 .

  Validation Input: satdsmsueet, kl 12 .
  Validation Output: stadsmuseet , kl 12 .

  Validation Input: diet ärbara undre helgeran vdet blir fullt .
  Validation Output: det är bara under helgerna det blir fullt .

  Validation Input: att svepa iväg övper isen med llånga , sugande skär hör till vinterns verkliga lyjftm .
  Validation Output: att svepa iväg över isen med långa , sugande skär hör till vinterns verkliga lyft .

  Validation Input: så avrför skulle jag tycka något nanat ?
  Validation Output: så varför skulle jag tycka något annat ?

  Validation Input: klturhuest hkl 1å2 .
  Validation Output: kulturhuset kl 12 .

  Validation Input: det vetm an inte .
  Validation Output: det vet man inte .

  Validation Input: de nritkiga solen kan också vara skadlig men det ä helt acndra förutsättningar. 
  Validation Output: den riktiga solen kan också vara skadlig men det är helt andra förutsättningar .

  Validation Input: - det blir i ås fall en naturlig fortsättnin gpå kulturnatrten .
  Validation Output: - det blir i så fall en naturlig fortsättning på kulturnatten .

  Validation Input: jag har begåtth edersbrott mto två familjer .
  Validation Output: jag har begått hedersbrott mot två familjer .

  Validation Input: och hur vänder mna bladet tillbaka ?
  Validation Output: och hur vänder man bladet tillbaka ?

  Validation Input: debuten skedde redanför tåolv år psedan .
  Validation Output: debuten skedde redan för tolv år sedan .

  Validation Input: åtminsotn einnan man skriver några avtal,  liknande det man nu gjort .
  Validation Output: åtminstone innan man skriver några avtal , liknande det man nu gjort .

  Validation Input: dr giäck alltingj vldig lätt ocgh hon ble snart naställd vid en modellaegntur .
  Validation Output: där gick allting väldig lätt och hon blev snart anställd vid en modellagentur .

  Validation Input: för att st åut med insikten har jag lärt mg att fuska .
  Validation Output: för att stå ut med insikten har jag lärt mig att fuska .

  Validation Input: odds : 8p,16 .
  Validation Output: odds : 8,16 .

  Validation Input: - unedr xmina sist a30 år i livet måste jg se itll attm åw rba .
  Validation Output: - under mina sista 30 år i livet måste jag se till att må bra .

  Validation Input: tyrcket på cstödgruppen hra inte varit specåiellt hårt .
  Validation Output: trycket på stödgruppen har inte varit speciellt hårt .

  Validation Input: en adra chans för det svarta
  Validation Output: en andra chans för det svarta

  Validation Input: ch det var hemmalaget värda :
  Validation Output: och det var hemmalaget värda :

  Validation Input: svnsktoppen
  Validation Output: svensktoppen

  Validation Input: odds 2,09.
  Validation Output: odds 2,09 .

  Validation Input: - det var annoyrlunda .
  Validation Output: - det var annorlunda .

  Validation Input: men nu äblihr detändring .
  Validation Output: men nu blir det ändring .

  Validation Input: dsessutom sa husrtnu nej .
  Validation Output: dessutom sa hustrun nej .

  Validation Input: och hur låter detd å ?
  Validation Output: och hur låter det då ?

  Validation Input: välrdsmästare .
  Validation Output: världsmästare .

  Validation Input: sedan byggdesn y grund til huset och dle två byggnadsdelarna rulladaes tillbaka .
  Validation Output: sedan byggdes ny grund till huset och de två byggnadsdelarna rullades tillbaka .

  Validation Input: om några åår tror jag attala ekommuner jobbar så här .
  Validation Output: om några år tror jag att alla kommuner jobbar så här .

  Validation Input: och fortfarande är det trögt medc bostadsbyggandet .
  Validation Output: och fortfarande är det trögt med bostadsbyggandet .

  Validation Input: - dte vi ahr sett ucnder vråen är att de thar varit lte skakigt iö kvittingarna.
  Validation Output: - det vi har sett under våren är att det har varit lite skakigt i kvittningarna .

  Validation Input: mne det fr man inte glömm aatt visaq , detd uktiga .
  Validation Output: men det får man inte glömma att visa , det duktiga .

  Validation Input: bdet äri nget manb leker med . 
  Validation Output: det är inget man leker med . 

  Validation Input: - att få med öfräldranra iö arbetet mot rasism ärj ättevitkigt .
  Validation Output: - att få med föräldrarna i arbetet mot rasism är jätteviktigt .

  Validation Input: öheal tre av fyra i kvaletg år öupp .
  Validation Output: hela tre av fyra i kvalet går upp .

  Validation Input: är en läkare verklien så msycke tmer värd än en skötesrka smo gör grovjobbet ?
  Validation Output: är en läkare verkligen så mycket mer värd än en sköterska som gör grovjobbet ?

