  Validation Input: konkursen slår hårt zmotd fondn coh ålngivaren värmlands provinsbank .
  Validation Output: konkursen slår hårt mot fonden och långivaren värmlands provinsbank .

  Validation Input: för fbörsta gången på 20 år får norge en majoirtetsregering .
  Validation Output: för första gången på 20 år får norge en majoritetsregering .

  Validation Input: publi k: 408 d.
  Validation Output: publik : 408 .

  Validation Input: pinoccio frånu 3 år .
  Validation Output: pinoccio från 3 år .

  Validation Input: hurå skulle du beskriav den ?
  Validation Output: hur skulle du beskriva den ?

  Validation Input: de viisar upp resultatxet i en utställniön sojm har vernissage i dag på kosntepidmein .
  Validation Output: de visar upp resultatet i en utställning som har vernissage i dag på konstepidemin .

  Validation Input: utv q, modo : 11x2 .
  Validation Output: utv , modo : 11x2 .

  Validation Input: - dt känns välcdigt hedrande att de vill vara med .
  Validation Output: - det känns väldigt hedrande att de vill vara med .

  Validation Input: från 4 rå .
  Validation Output: från 4 år .

  Validation Input: riktgt så lätt ska det inte få gå .
  Validation Output: riktigt så lätt ska det inte få gå .

  Validation Input: struken : 6. 
  Validation Output: struken : 6 .

  Validation Input: - för mig handlar det inte omv årt sät att leva , men de tär mitt liv .
  Validation Output: - för mig handlar det inte om vårt sätt att leva , men det är mitt liv .

  Validation Input: de thar han alltdi varit .
  Validation Output: det har han alltid varit .

  Validation Input: här i västxsverige ärg matjessillen ett måste s.
  Validation Output: här i västsverige är matjessillen ett måste .

  Validation Input: det är det svåraste som finns , säger sevnsson .
  Validation Output: det är det svåraste som finns , säger svensson .

  Validation Input: det kmommer amn aldrgi ifrån .
  Validation Output: det kommer man aldrig ifrån .

  Validation Input: -j ag gick idt på vinst ohc fpörlust ochträffade ägaren. 
  Validation Output: - jag gick dit på vinst och förlust och träffade ägaren .

  Validation Input: bullrig  ,men bränslesnål ochs äker .
  Validation Output: bullrig , men bränslesnål och säker .

  Validation Input: 1988 : första gnådgne var öevr 30 000 persnoer anmälda .
  Validation Output: 1988 : första gången var över 30 000 personer anmälda .

  Validation Input: är bromsarna okej? 
  Validation Output: är bromsarna okej ?

  Validation Input: - inåför alal .
  Validation Output: - inför alla .

  Validation Input: andra sätt att resa? 
  Validation Output: andra sätt att resa ?

  Validation Input: vda handlar det om ?
  Validation Output: vad handlar det om ?

  Validation Input: detta är den grunjdläggande idén bakom independent living-rörelsenn .
  Validation Output: detta är den grundläggande idén bakom independent living-rörelsen .

  Validation Input: låter det märkligtb?
  Validation Output: låter det märkligt ?

  Validation Input: - pendlandetö gör mig stressad 
  Validation Output: - pendlandet gör mig stressad .

  Validation Input: de stöden ersätts från ohcmed i år med dte nya gårdsstödet .
  Validation Output: de stöden ersätts från och med i år med det nya gårdsstödet .

  Validation Input: den senaste enkäten gjordes 1997.
  Validation Output: den senaste enkäten gjordes 1997 .

  Validation Input: i den tredje kolumnen hittarr du fetthalten.
  Validation Output: i den tredje kolumnen hittar du fetthalten .

  Validation Input: resultatet blev jämnt. 
  Validation Output: resultatet blev jämnt .

  Validation Input: hemmaklxubben vann föir första gången c.
  Validation Output: hemmaklubben vann för första gången .

  Validation Input: hanv erkar äkta .
  Validation Output: han verkar äkta .

  Validation Input: - det ser btätre ut .
  Validation Output: - det ser bättre ut .

  Validation Input: - varje år har jag enskildaa hälsosamtal med eleverna i åttan .
  Validation Output: - varje år har jag enskilda hälsosamtal med eleverna i åttan .

  Validation Input: konsumtionwen av kyckling harx ökat snabbt 
  Validation Output: konsumtionen av kyckling har ökat snabbt .

  Validation Input: 16 år ! ? k!
  Validation Output: 16 år ! ? !

  Validation Input: (tt-reuters )
  Validation Output: ( tt-reuters )

  Validation Input: mne dt dä rär bilagt nu .
  Validation Output: men det där är bilagt nu .

  Validation Input: nu följer flder orter efter .
  Validation Output: nu följer fler orter efter .

  Validation Input: vill störta regerinegn .
  Validation Output: vill störta regeringen .

  Validation Input: så var föstås inte afllet .
  Validation Output: så var förstås inte fallet .

  Validation Input: plats : 1,62-3,10-10,0 8.
  Validation Output: plats : 1,62-3,10-10,08 .

  Validation Input: skott /skott på mål : 13 - 6 / 6 - 3 .
  Validation Output: skott / skott på mål : 13 - 6 / 6 - 3 .

  Validation Input: - hur var ahn klädd ?
  Validation Output: - hur var han klädd ?

  Validation Input: kare är den finska förkortningen för frilåufts- och fiskeförening. 
  Validation Output: kare är den finska förkortningen för frilufts- och fiskeförening .

  Validation Input: odds : 5,14 a.
  Validation Output: odds : 5,14 .

  Validation Input: oc hså lfäget .
  Validation Output: och så läget .

  Validation Input: här äor sveriges trupp :
  Validation Output: här är sveriges trupp :

  Validation Input: från 2 å r.
  Validation Output: från 2 år .

  Validation Input: - men jagt cyker itn eom att han säger att den är farlig .
  Validation Output: - men jag tycker inte om att han säger att den är farlig .

  Validation Input: jakg är trött på det här nu .
  Validation Output: jag är trött på det här nu .

  Validation Input: där innehållxer partikeldammet myckket metalleer .
  Validation Output: där innehåller partikeldammet mycket metaller .

  Validation Input: det höar ugnefär 30 000 invånare .
  Validation Output: det har ungefär 30 000 invånare .

  Validation Input: men ho när veteran .
  Validation Output: men hon är veteran .

  Validation Input: pulsen går upp , de tsnörper åt kring halsecn .
  Validation Output: pulsen går upp , det snörper åt kring halsen .

  Validation Input: standbwytidenä r lång , 30 dagar .
  Validation Output: standbytiden är lång , 30 dagar .

  Validation Input: brynäs : 4x2g .
  Validation Output: brynäs : 4x2 .

  Validation Input: lite annan design såv alet mer öen smaksak .
  Validation Output: lite annan design så valet mer en smaksak .

  Validation Input: stark i gåur .
  Validation Output: stark i går .

  Validation Input: - vissånagren .
  Validation Output: - vissångaren .

  Validation Input: ahndels samt hotelyl opchhrestaurang rä andra förbund som driver frågan .
  Validation Output: handels samt hotell och restaurang är andra förbund som driver frågan .

  Validation Input: dessutom finns det fler rfågetecekn .
  Validation Output: dessutom finns det fler frågetecken .

  Validation Input: fredag 11  -14 .
  Validation Output: fredag 11 - 14 .

  Validation Input: men dwet tar jag tillbaka , jag fdortsätter .
  Validation Output: men det tar jag tillbaka , jag fortsätter .

  Validation Input: publki : 4 000 .
  Validation Output: publik : 4 000 .

  Validation Input: oddsx ö, vinstgrp 1 : 2 102,80 .
  Validation Output: odds , vinstgrp 1 : 2 102,80 .

  Validation Input: nu vlil planeringsutskottets politiker att vidllaan hsyrs u tpå nytt .
  Validation Output: nu vill planeringsutskottets politiker att villan hyrs ut på nytt .

  Validation Input: - är det jobibgt ?
  Validation Output: - är det jobbigt ?

  Validation Input: dbd-1 : 4 jaded .
  Validation Output: dd-1 : 4 jaded .

  Validation Input: vda betyder mindfulness fökr dig ?
  Validation Output: vad betyder mindfulness för dig ?

  Validation Input: r- edt är baraa tt tacka och ta emot .
  Validation Output: - det är bara att tacka och ta emot .

  Validation Input: -s vih aräven  iår några som p siqkt kommre att bli mycket bra .
  Validation Output: - vi har även i år några som på sikt kommer att bli mycket bra .

  Validation Input: ömit ti qkonflikten .
  Validation Output: mitt i konflikten .

  Validation Input: motsägelsefultlt , ja .
  Validation Output: motsägelsefullt , ja .

  Validation Input: d eanmälda klubbarna kommer frräqmst från väsbtkusten 
  Validation Output: de anmälda klubbarna kommer främst från västkusten .

  Validation Input: aatt edt kändes rätt .
  Validation Output: att det kändes rätt .

  Validation Input: ... 1943 öppnar ikea sin fösrta möbelbutik .
  Validation Output: ... 1943 öppnar ikea sin första möbelbutik .

  Validation Input: det tyckte inte ajg det blev .
  Validation Output: det tyckte inte jag det blev .

  Validation Input: qd eär inte anklagade för våldtäkt .
  Validation Output: de är inte anklagade för våldtäkt .

  Validation Input: - jg blesv förbannad .
  Validation Output: - jag blev förbannad .

  Validation Input: rföru ngdomar 15-25 år .
  Validation Output: för ungdomar 15-25 år .

  Validation Input: - men nej , äde tskulle jag aldrig nöja mig med .
  Validation Output: - men nej , det skulle jag aldrig nöja mig med .

  Validation Input: det r mer än förväntat .
  Validation Output: det är mer än förväntat .

  Validation Input: edtä r mitt " statement " i txiden .
  Validation Output: det är mitt " statement " i tiden .

  Validation Input: hrä ingår också skatt på bland annat el , bensin , alkohol , fastipghet samt moms .
  Validation Output: här ingår också skatt på bland annat el , bensin , alkohol , fastighet samt moms .

  Validation Input: ene egen genre .
  Validation Output: en egen genre .

  Validation Input: fokus försvinner frånd et viktxiga .
  Validation Output: fokus försvinner från det viktiga .

  Validation Input: hennesd intrsessen är vävning oh resor .
  Validation Output: hennes intressen är vävning och resor .

  Validation Input: odds :o 10,71 .
  Validation Output: odds : 10,71 .

  Validation Input: ulla s.  ".
  Validation Output: ulla s. " .

  Validation Input: publxik : 20 300 .
  Validation Output: publik : 20 300 .

  Validation Input: i dubbel r det färdigspelatl för jan-ove waldner och jörgen persson.
  Validation Output: i dubbel är det färdigspelat för jan-ove waldner och jörgen persson .

  Validation Input: - men det blijr en minskning .
  Validation Output: - men det blir en minskning .

  Validation Input: - han trodde att jags kulle passa bra här , att ja gskullez kunna hjälpa laget .
  Validation Output: - han trodde att jag skulle passa bra här , att jag skulle kunna hjälpa laget .

  Validation Input: öpept kl 12-18 .
  Validation Output: öppet kl 12-18 .

  Validation Input: förra året fick nämnedn in 200 ärenden .
  Validation Output: förra året fick nämnden in 200 ärenden .

  Validation Input: men det enda vi kan rpåverka nu är framtiden , och det måste vi försöka göra .
  Validation Output: men det enda vi kan påverka nu är framtiden , och det måste vi försöka göra .

  Validation Input: plommonoch äpple
  Validation Output: plommon och äpple

  Validation Input: 20-02 , 0 /l 60 kr , 18 år.
  Validation Output: 20-02 , 0 / 60 kr , 18 år .

  Validation Input: odd s: f2,28 u.
  Validation Output: odds : 2,28 .

  Validation Input: jga kopplade inte ihop dem med det andra de gör .
  Validation Output: jag kopplade inte ihop dem med det andra de gör .

  Validation Input: finalen avgörs natten till åmndag .
  Validation Output: finalen avgörs natten till måndag .

  Validation Input: tnatenv är på väg tillbaka , tanten osm lägge rsig i .
  Validation Output: tanten är på väg tillbaka , tanten som lägger sig i .

  Validation Input: - gunilla oc eli nfann varandra ddirekt .
  Validation Output: - gunilla och elin fann varandra direkt .

  Validation Input: edt resuxlteradce i et hundratal tips som nu bearbetas .
  Validation Output: det resulterade i ett hundratal tips som nu bearbetas .

  Validation Input: ändå är ha nbara 17 år !
  Validation Output: ändå är han bara 17 år !

  Validation Input: ingen tvkean omq saken .
  Validation Output: ingen tvekan om saken .

  Validation Input:  tt-reuters )
  Validation Output: ( tt-reuters )

  Validation Input: niget rånbyte .
  Validation Output: inget rånbyte .

  Validation Input: - det äroerhörtå bekymrande .
  Validation Output: - det är oerhört bekymrande .

  Validation Input: " helt sjukt bra " , tycker förmodligen grynejt .
  Validation Output: " helt sjukt bra " , tycker förmodligen grynet .

  Validation Input: jfag fick med mig några bra saker att tänka på.
  Validation Output: jag fick med mig några bra saker att tänka på .

  Validation Input: ingn kvar på platsen b.
  Validation Output: ingen kvar på platsen .

  Validation Input: tänk på att aldrig blandaa rå coh tillagad kcykling .
  Validation Output: tänk på att aldrig blanda rå och tillagad kyckling .

  Validation Input: huvuddelen av czigaretterna kommrf rån två stora containerbeslag .
  Validation Output: huvuddelen av cigaretterna kommer från två stora containerbeslag .

  Validation Input: utanförh r gräset vuxit sigw alldeles förh öqgt .
  Validation Output: utanför har gräset vuxit sig alldeles för högt .

  Validation Input: männen kände inte varoandra .
  Validation Output: männen kände inte varandra .

  Validation Input: bild  :roger lnudsten
  Validation Output: bild : roger lundsten

  Validation Input: det bästa ära tt det är bra musik , ja , det tyckr jag .
  Validation Output: det bästa är att det är bra musik , ja , det tycker jag .

  Validation Input: nu hhar det varit fokus på att komma i ågng .
  Validation Output: nu har det varit fokus på att komma i gång .

  Validation Input: efter fdet vapr han fsat .
  Validation Output: efter det var han fast .

  Validation Input: -d et är äfantastiskt vackert där .
  Validation Output: - det är fantastiskt vackert där .

  Validation Input: - r du klar ?
  Validation Output: - är du klar ?

  Validation Input: fina prsier ?
  Validation Output: fina priser ?

  Validation Input: 07.00 :frukost .
  Validation Output: 07.00 : frukost .

  Validation Input: det är inte säkert dte går bra nu .
  Validation Output: det är inte säkert det går bra nu .

  Validation Input: avgmrnäsningne kräver nya fgriska tag .
  Validation Output: avgränsningen kräver nya friska tag .

  Validation Input: tyngdpunkten i rpojektet är rehabiliteringe n.
  Validation Output: tyngdpunkten i projektet är rehabiliteringen .

  Validation Input: visst  rdet underabrt .
  Validation Output: visst är det underbart .

  Validation Input: då kan ma nintle skåjuta .
  Validation Output: då kan man inte skjuta .

  Validation Input: nu vill han varna anddra för bedrägerifrörsöket .
  Validation Output: nu vill han varna andra för bedrägeriförsöket .

  Validation Input: i vårt samhälle endast eött fåtal .
  Validation Output: i vårt samhälle endast ett fåtal .

  Validation Input: sista dagen.
  Validation Output: sista dagen .

  Validation Input: odds : 33,ä10. 
  Validation Output: odds : 33,10 .

  Validation Input:  -viv gjorde det !
  Validation Output: - vi gjorde det !

  Validation Input: flest sparkar i huvudte på en miunt .
  Validation Output: flest sparkar i huvudet på en minut .

  Validation Input: faktum är att detf aktiskt aldrig var jobbigt .
  Validation Output: faktum är att det faktiskt aldrig var jobbigt .

  Validation Input: somvmar brukar betyda fullsatta hotell .
  Validation Output: sommar brukar betyda fullsatta hotell .

  Validation Input: -p det var det enda jag tänkte på vdi dte tillfället , säger han .
  Validation Output: - det var det enda jag tänkte på vid det tillfället , säger han .

  Validation Input: lopp 2 :y ang 
  Validation Output: lopp 2 : yang .

  Validation Input: men hon vill iqnte flytta fråvn området .
  Validation Output: men hon vill inte flytta från området .

  Validation Input: orgel til lunch
  Validation Output: orgel till lunch

  Validation Input: lycklig igen. 
  Validation Output: lycklig igen .

  Validation Input: plats å scen .
  Validation Output: plats på scen .

  Validation Input: 2å  -3 dl vatten
  Validation Output: 2 - 3 dl vatten

  Validation Input: stämöningsläget på stadens gator och torg är förändrat .
  Validation Output: stämningsläget på stadens gator och torg är förändrat .

  Validation Input: eom djenhårdnande konfliktenm ellan idealbilder coh det sårbart dödliga .
  Validation Output: om den hårdnande konflikten mellan idealbilder och det sårbart dödliga .

  Validation Input: det vi behövre är ldesagare .
  Validation Output: det vi behöver är ledsagare .

  Validation Input: konkursen slår hårt zmotd fondn coh ålngivaren värmlands provinsbank .
  Validation Output: konkursen slår hårt mot fonden och långivaren värmlands provinsbank .

  Validation Input: för fbörsta gången på 20 år får norge en majoirtetsregering .
  Validation Output: för första gången på 20 år får norge en majoritetsregering .

  Validation Input: publi k: 408 d.
  Validation Output: publik : 408 .

  Validation Input: pinoccio frånu 3 år .
  Validation Output: pinoccio från 3 år .

  Validation Input: hurå skulle du beskriav den ?
  Validation Output: hur skulle du beskriva den ?

  Validation Input: de viisar upp resultatxet i en utställniön sojm har vernissage i dag på kosntepidmein .
  Validation Output: de visar upp resultatet i en utställning som har vernissage i dag på konstepidemin .

  Validation Input: utv q, modo : 11x2 .
  Validation Output: utv , modo : 11x2 .

  Validation Input: - dt känns välcdigt hedrande att de vill vara med .
  Validation Output: - det känns väldigt hedrande att de vill vara med .

  Validation Input: från 4 rå .
  Validation Output: från 4 år .

  Validation Input: riktgt så lätt ska det inte få gå .
  Validation Output: riktigt så lätt ska det inte få gå .

  Validation Input: struken : 6. 
  Validation Output: struken : 6 .

  Validation Input: - för mig handlar det inte omv årt sät att leva , men de tär mitt liv .
  Validation Output: - för mig handlar det inte om vårt sätt att leva , men det är mitt liv .

  Validation Input: de thar han alltdi varit .
  Validation Output: det har han alltid varit .

  Validation Input: här i västxsverige ärg matjessillen ett måste s.
  Validation Output: här i västsverige är matjessillen ett måste .

  Validation Input: det är det svåraste som finns , säger sevnsson .
  Validation Output: det är det svåraste som finns , säger svensson .

  Validation Input: det kmommer amn aldrgi ifrån .
  Validation Output: det kommer man aldrig ifrån .

  Validation Input: -j ag gick idt på vinst ohc fpörlust ochträffade ägaren. 
  Validation Output: - jag gick dit på vinst och förlust och träffade ägaren .

  Validation Input: bullrig  ,men bränslesnål ochs äker .
  Validation Output: bullrig , men bränslesnål och säker .

  Validation Input: 1988 : första gnådgne var öevr 30 000 persnoer anmälda .
  Validation Output: 1988 : första gången var över 30 000 personer anmälda .

  Validation Input: är bromsarna okej? 
  Validation Output: är bromsarna okej ?

  Validation Input: - inåför alal .
  Validation Output: - inför alla .

  Validation Input: andra sätt att resa? 
  Validation Output: andra sätt att resa ?

  Validation Input: vda handlar det om ?
  Validation Output: vad handlar det om ?

  Validation Input: detta är den grunjdläggande idén bakom independent living-rörelsenn .
  Validation Output: detta är den grundläggande idén bakom independent living-rörelsen .

  Validation Input: låter det märkligtb?
  Validation Output: låter det märkligt ?

  Validation Input: - pendlandetö gör mig stressad 
  Validation Output: - pendlandet gör mig stressad .

  Validation Input: de stöden ersätts från ohcmed i år med dte nya gårdsstödet .
  Validation Output: de stöden ersätts från och med i år med det nya gårdsstödet .

  Validation Input: den senaste enkäten gjordes 1997.
  Validation Output: den senaste enkäten gjordes 1997 .

  Validation Input: i den tredje kolumnen hittarr du fetthalten.
  Validation Output: i den tredje kolumnen hittar du fetthalten .

  Validation Input: resultatet blev jämnt. 
  Validation Output: resultatet blev jämnt .

  Validation Input: hemmaklxubben vann föir första gången c.
  Validation Output: hemmaklubben vann för första gången .

  Validation Input: hanv erkar äkta .
  Validation Output: han verkar äkta .

  Validation Input: - det ser btätre ut .
  Validation Output: - det ser bättre ut .

  Validation Input: - varje år har jag enskildaa hälsosamtal med eleverna i åttan .
  Validation Output: - varje år har jag enskilda hälsosamtal med eleverna i åttan .

  Validation Input: konsumtionwen av kyckling harx ökat snabbt 
  Validation Output: konsumtionen av kyckling har ökat snabbt .

  Validation Input: 16 år ! ? k!
  Validation Output: 16 år ! ? !

  Validation Input: (tt-reuters )
  Validation Output: ( tt-reuters )

  Validation Input: mne dt dä rär bilagt nu .
  Validation Output: men det där är bilagt nu .

  Validation Input: nu följer flder orter efter .
  Validation Output: nu följer fler orter efter .

  Validation Input: vill störta regerinegn .
  Validation Output: vill störta regeringen .

  Validation Input: så var föstås inte afllet .
  Validation Output: så var förstås inte fallet .

  Validation Input: plats : 1,62-3,10-10,0 8.
  Validation Output: plats : 1,62-3,10-10,08 .

  Validation Input: skott /skott på mål : 13 - 6 / 6 - 3 .
  Validation Output: skott / skott på mål : 13 - 6 / 6 - 3 .

  Validation Input: - hur var ahn klädd ?
  Validation Output: - hur var han klädd ?

  Validation Input: kare är den finska förkortningen för frilåufts- och fiskeförening. 
  Validation Output: kare är den finska förkortningen för frilufts- och fiskeförening .

  Validation Input: odds : 5,14 a.
  Validation Output: odds : 5,14 .

  Validation Input: oc hså lfäget .
  Validation Output: och så läget .

  Validation Input: här äor sveriges trupp :
  Validation Output: här är sveriges trupp :

  Validation Input: från 2 å r.
  Validation Output: från 2 år .

  Validation Input: - men jagt cyker itn eom att han säger att den är farlig .
  Validation Output: - men jag tycker inte om att han säger att den är farlig .

  Validation Input: jakg är trött på det här nu .
  Validation Output: jag är trött på det här nu .

  Validation Input: där innehållxer partikeldammet myckket metalleer .
  Validation Output: där innehåller partikeldammet mycket metaller .

  Validation Input: det höar ugnefär 30 000 invånare .
  Validation Output: det har ungefär 30 000 invånare .

  Validation Input: men ho när veteran .
  Validation Output: men hon är veteran .

  Validation Input: pulsen går upp , de tsnörper åt kring halsecn .
  Validation Output: pulsen går upp , det snörper åt kring halsen .

  Validation Input: standbwytidenä r lång , 30 dagar .
  Validation Output: standbytiden är lång , 30 dagar .

  Validation Input: brynäs : 4x2g .
  Validation Output: brynäs : 4x2 .

  Validation Input: lite annan design såv alet mer öen smaksak .
  Validation Output: lite annan design så valet mer en smaksak .

  Validation Input: stark i gåur .
  Validation Output: stark i går .

  Validation Input: - vissånagren .
  Validation Output: - vissångaren .

  Validation Input: ahndels samt hotelyl opchhrestaurang rä andra förbund som driver frågan .
  Validation Output: handels samt hotell och restaurang är andra förbund som driver frågan .

  Validation Input: dessutom finns det fler rfågetecekn .
  Validation Output: dessutom finns det fler frågetecken .

  Validation Input: fredag 11  -14 .
  Validation Output: fredag 11 - 14 .

  Validation Input: men dwet tar jag tillbaka , jag fdortsätter .
  Validation Output: men det tar jag tillbaka , jag fortsätter .

  Validation Input: publki : 4 000 .
  Validation Output: publik : 4 000 .

  Validation Input: oddsx ö, vinstgrp 1 : 2 102,80 .
  Validation Output: odds , vinstgrp 1 : 2 102,80 .

  Validation Input: nu vlil planeringsutskottets politiker att vidllaan hsyrs u tpå nytt .
  Validation Output: nu vill planeringsutskottets politiker att villan hyrs ut på nytt .

  Validation Input: - är det jobibgt ?
  Validation Output: - är det jobbigt ?

  Validation Input: dbd-1 : 4 jaded .
  Validation Output: dd-1 : 4 jaded .

  Validation Input: vda betyder mindfulness fökr dig ?
  Validation Output: vad betyder mindfulness för dig ?

  Validation Input: r- edt är baraa tt tacka och ta emot .
  Validation Output: - det är bara att tacka och ta emot .

  Validation Input: -s vih aräven  iår några som p siqkt kommre att bli mycket bra .
  Validation Output: - vi har även i år några som på sikt kommer att bli mycket bra .

  Validation Input: ömit ti qkonflikten .
  Validation Output: mitt i konflikten .

  Validation Input: motsägelsefultlt , ja .
  Validation Output: motsägelsefullt , ja .

  Validation Input: d eanmälda klubbarna kommer frräqmst från väsbtkusten 
  Validation Output: de anmälda klubbarna kommer främst från västkusten .

  Validation Input: aatt edt kändes rätt .
  Validation Output: att det kändes rätt .

  Validation Input: ... 1943 öppnar ikea sin fösrta möbelbutik .
  Validation Output: ... 1943 öppnar ikea sin första möbelbutik .

  Validation Input: det tyckte inte ajg det blev .
  Validation Output: det tyckte inte jag det blev .

  Validation Input: qd eär inte anklagade för våldtäkt .
  Validation Output: de är inte anklagade för våldtäkt .

  Validation Input: - jg blesv förbannad .
  Validation Output: - jag blev förbannad .

  Validation Input: rföru ngdomar 15-25 år .
  Validation Output: för ungdomar 15-25 år .

  Validation Input: - men nej , äde tskulle jag aldrig nöja mig med .
  Validation Output: - men nej , det skulle jag aldrig nöja mig med .

  Validation Input: det r mer än förväntat .
  Validation Output: det är mer än förväntat .

  Validation Input: edtä r mitt " statement " i txiden .
  Validation Output: det är mitt " statement " i tiden .

  Validation Input: hrä ingår också skatt på bland annat el , bensin , alkohol , fastipghet samt moms .
  Validation Output: här ingår också skatt på bland annat el , bensin , alkohol , fastighet samt moms .

  Validation Input: ene egen genre .
  Validation Output: en egen genre .

  Validation Input: fokus försvinner frånd et viktxiga .
  Validation Output: fokus försvinner från det viktiga .

  Validation Input: hennesd intrsessen är vävning oh resor .
  Validation Output: hennes intressen är vävning och resor .

  Validation Input: odds :o 10,71 .
  Validation Output: odds : 10,71 .

  Validation Input: ulla s.  ".
  Validation Output: ulla s. " .

  Validation Input: publxik : 20 300 .
  Validation Output: publik : 20 300 .

  Validation Input: i dubbel r det färdigspelatl för jan-ove waldner och jörgen persson.
  Validation Output: i dubbel är det färdigspelat för jan-ove waldner och jörgen persson .

  Validation Input: - men det blijr en minskning .
  Validation Output: - men det blir en minskning .

  Validation Input: - han trodde att jags kulle passa bra här , att ja gskullez kunna hjälpa laget .
  Validation Output: - han trodde att jag skulle passa bra här , att jag skulle kunna hjälpa laget .

  Validation Input: öpept kl 12-18 .
  Validation Output: öppet kl 12-18 .

  Validation Input: förra året fick nämnedn in 200 ärenden .
  Validation Output: förra året fick nämnden in 200 ärenden .

  Validation Input: men det enda vi kan rpåverka nu är framtiden , och det måste vi försöka göra .
  Validation Output: men det enda vi kan påverka nu är framtiden , och det måste vi försöka göra .

  Validation Input: plommonoch äpple
  Validation Output: plommon och äpple

  Validation Input: 20-02 , 0 /l 60 kr , 18 år.
  Validation Output: 20-02 , 0 / 60 kr , 18 år .

  Validation Input: odd s: f2,28 u.
  Validation Output: odds : 2,28 .

  Validation Input: jga kopplade inte ihop dem med det andra de gör .
  Validation Output: jag kopplade inte ihop dem med det andra de gör .

  Validation Input: finalen avgörs natten till åmndag .
  Validation Output: finalen avgörs natten till måndag .

  Validation Input: tnatenv är på väg tillbaka , tanten osm lägge rsig i .
  Validation Output: tanten är på väg tillbaka , tanten som lägger sig i .

  Validation Input: - gunilla oc eli nfann varandra ddirekt .
  Validation Output: - gunilla och elin fann varandra direkt .

  Validation Input: edt resuxlteradce i et hundratal tips som nu bearbetas .
  Validation Output: det resulterade i ett hundratal tips som nu bearbetas .

  Validation Input: ändå är ha nbara 17 år !
  Validation Output: ändå är han bara 17 år !

  Validation Input: ingen tvkean omq saken .
  Validation Output: ingen tvekan om saken .

  Validation Input:  tt-reuters )
  Validation Output: ( tt-reuters )

  Validation Input: niget rånbyte .
  Validation Output: inget rånbyte .

  Validation Input: - det äroerhörtå bekymrande .
  Validation Output: - det är oerhört bekymrande .

  Validation Input: " helt sjukt bra " , tycker förmodligen grynejt .
  Validation Output: " helt sjukt bra " , tycker förmodligen grynet .

  Validation Input: jfag fick med mig några bra saker att tänka på.
  Validation Output: jag fick med mig några bra saker att tänka på .

  Validation Input: ingn kvar på platsen b.
  Validation Output: ingen kvar på platsen .

  Validation Input: tänk på att aldrig blandaa rå coh tillagad kcykling .
  Validation Output: tänk på att aldrig blanda rå och tillagad kyckling .

  Validation Input: huvuddelen av czigaretterna kommrf rån två stora containerbeslag .
  Validation Output: huvuddelen av cigaretterna kommer från två stora containerbeslag .

  Validation Input: utanförh r gräset vuxit sigw alldeles förh öqgt .
  Validation Output: utanför har gräset vuxit sig alldeles för högt .

  Validation Input: männen kände inte varoandra .
  Validation Output: männen kände inte varandra .

  Validation Input: bild  :roger lnudsten
  Validation Output: bild : roger lundsten

  Validation Input: det bästa ära tt det är bra musik , ja , det tyckr jag .
  Validation Output: det bästa är att det är bra musik , ja , det tycker jag .

  Validation Input: nu hhar det varit fokus på att komma i ågng .
  Validation Output: nu har det varit fokus på att komma i gång .

  Validation Input: efter fdet vapr han fsat .
  Validation Output: efter det var han fast .

  Validation Input: -d et är äfantastiskt vackert där .
  Validation Output: - det är fantastiskt vackert där .

  Validation Input: - r du klar ?
  Validation Output: - är du klar ?

  Validation Input: fina prsier ?
  Validation Output: fina priser ?

  Validation Input: 07.00 :frukost .
  Validation Output: 07.00 : frukost .

  Validation Input: det är inte säkert dte går bra nu .
  Validation Output: det är inte säkert det går bra nu .

  Validation Input: avgmrnäsningne kräver nya fgriska tag .
  Validation Output: avgränsningen kräver nya friska tag .

  Validation Input: tyngdpunkten i rpojektet är rehabiliteringe n.
  Validation Output: tyngdpunkten i projektet är rehabiliteringen .

  Validation Input: visst  rdet underabrt .
  Validation Output: visst är det underbart .

  Validation Input: då kan ma nintle skåjuta .
  Validation Output: då kan man inte skjuta .

  Validation Input: nu vill han varna anddra för bedrägerifrörsöket .
  Validation Output: nu vill han varna andra för bedrägeriförsöket .

  Validation Input: i vårt samhälle endast eött fåtal .
  Validation Output: i vårt samhälle endast ett fåtal .

  Validation Input: sista dagen.
  Validation Output: sista dagen .

  Validation Input: odds : 33,ä10. 
  Validation Output: odds : 33,10 .

  Validation Input:  -viv gjorde det !
  Validation Output: - vi gjorde det !

  Validation Input: flest sparkar i huvudte på en miunt .
  Validation Output: flest sparkar i huvudet på en minut .

  Validation Input: faktum är att detf aktiskt aldrig var jobbigt .
  Validation Output: faktum är att det faktiskt aldrig var jobbigt .

  Validation Input: somvmar brukar betyda fullsatta hotell .
  Validation Output: sommar brukar betyda fullsatta hotell .

  Validation Input: -p det var det enda jag tänkte på vdi dte tillfället , säger han .
  Validation Output: - det var det enda jag tänkte på vid det tillfället , säger han .

  Validation Input: lopp 2 :y ang 
  Validation Output: lopp 2 : yang .

  Validation Input: men hon vill iqnte flytta fråvn området .
  Validation Output: men hon vill inte flytta från området .

  Validation Input: orgel til lunch
  Validation Output: orgel till lunch

  Validation Input: lycklig igen. 
  Validation Output: lycklig igen .

  Validation Input: plats å scen .
  Validation Output: plats på scen .

  Validation Input: 2å  -3 dl vatten
  Validation Output: 2 - 3 dl vatten

  Validation Input: stämöningsläget på stadens gator och torg är förändrat .
  Validation Output: stämningsläget på stadens gator och torg är förändrat .

  Validation Input: eom djenhårdnande konfliktenm ellan idealbilder coh det sårbart dödliga .
  Validation Output: om den hårdnande konflikten mellan idealbilder och det sårbart dödliga .

  Validation Input: det vi behövre är ldesagare .
  Validation Output: det vi behöver är ledsagare .

  Validation Input: oms : 34 560 r .
  Validation Output: oms : 34 560 kr .

  Validation Input: det första skecdet äår den tidiga röstninögen .
  Validation Output: det första skedet är den tidiga röstningen .

  Validation Input: bordeh a avstått .
  Validation Output: borde ha avstått .

  Validation Input: kupong p2 .
  Validation Output: kupong 2 .

  Validation Input: strax efter klockan 18p asserade det första tåget på 17 dyg n.
  Validation Output: strax efter klockan 18 passerade det första tåget på 17 dygn .

  Validation Input: mellan 18 och 20 barn fbår plats i den rullande förskolan .
  Validation Output: mellan 18 och 20 barn får plats i den rullande förskolan .

  Validation Input: okch exemplfierar :
  Validation Output: och exemplifierar :

  Validation Input: så gjordes prisundersöknngen
  Validation Output: så gjordes prisundersökningen

  Validation Input: första mnäskliga fågelvirusfallen i kina
  Validation Output: första mänskliga fågelvirusfallen i kina

  Validation Input: uingenj misstänkt är ännu gripen .
  Validation Output: ingen misstänkt är ännu gripen .

  Validation Input: vad kostar det? 
  Validation Output: vad kostar det ?

  Validation Input: nästan alla ger samma sva r.
  Validation Output: nästan alla ger samma svar .

  Validation Input: skicakr länk till karta med sms .
  Validation Output: skickar länk till karta med sms .

  Validation Input: hon sa : edt hra int jag heller .
  Validation Output: hon sa : det har inte jag heller .

  Validation Input: - det ä rinte så lätt .
  Validation Output: - det är inte så lätt .

  Validation Input: oms : 42 8a70 kr .
  Validation Output: oms : 42 870 kr .

  Validation Input: - du , fråga mig inte varför jag aldri gjobbat där .
  Validation Output: - du , fråga mig inte varför jag aldrig jobbat där .

  Validation Input: meider har geonm rapportering väckt samhällen. 
  Validation Output: medier har genom rapportering väckt samhällen .

  Validation Input: under ytan ruvr någto annat .
  Validation Output: under ytan ruvar något annat .

  Validation Input: - det är denbpästa arbetsplatsen jag hawr varit på .
  Validation Output: - det är den bästa arbetsplatsen jag har varit på .

  Validation Input: - nej  blev svaret .
  Validation Output: - nej , blev svaret .

  Validation Input: challengei england .
  Validation Output: challenge i england .

  Validation Input: det är vrå skyxldighet att värna dem .
  Validation Output: det är vår skyldighet att värna dem .

  Validation Input: mest goda minnein .
  Validation Output: mest goda minnen .

  Validation Input: att stiga inq i konsthallen är att skrida över en gräns .
  Validation Output: att stiga in i konsthallen är att skrida över en gräns .

  Validation Input: han vidareutvecklr dock inte sin egenj teknik .
  Validation Output: han vidareutvecklar dock inte sin egen teknik .

  Validation Input: var finns förnöjfsamhetn ?
  Validation Output: var finns förnöjsamheten ?

  Validation Input: - sysselsättningsökningn i år är delvis oknstlad .
  Validation Output: - sysselsättningsökningen i år är delvis konstlad .

  Validation Input: dramawkomedi .
  Validation Output: dramakomedi .

  Validation Input: men riskn är atvt kwvinnan utvisas.
  Validation Output: men risken är att kvinnan utvisas .

  Validation Input: stenkyrka kyrkliga samfälilghet bidrar ocksåmed e nmindre summa .
  Validation Output: stenkyrka kyrkliga samfällighet bidrar också med en mindre summa .

  Validation Input: honn är här för första gången .
  Validation Output: hon är här för första gången .

  Validation Input: d eförsta leqveraynsernva sker i septembr .
  Validation Output: de första leveranserna sker i september .

  Validation Input: happy valentine'  s day !
  Validation Output: happy valentine ' s day !

  Validation Input: publik : 38 500. 
  Validation Output: publik : 38 500 .

  Validation Input: odds 1,8x6 .
  Validation Output: odds 1,86 .

  Validation Input: vad behöver fröludna göra ?
  Validation Output: vad behöver frölunda göra ?

  Validation Input: i efterhand ärp det enp arallell so blirx allt tydligare .
  Validation Output: i efterhand är det en parallell som blir allt tydligare .

  Validation Input: -u jag vill vara tydlig utan att skrika .
  Validation Output: - jag vill vara tydlig utan att skrika .

  Validation Input: frågan är om polisbilens föare kan hålla si ginom lagens råmäqrken ?
  Validation Output: frågan är om polisbilens förare kan hålla sig inom lagens råmärken ?

  Validation Input: tonar uyt över shanghai .
  Validation Output: tonar ut över shanghai .

  Validation Input: jaghörde meddetsamma hur ordet skevade r.
  Validation Output: jag hörde meddetsamma hur ordet skevade .

  Validation Input: när komme rvganen ?
  Validation Output: när kommer vagnen ?

  Validation Input: strax bortanför står några graanr .
  Validation Output: strax bortanför står några granar .

  Validation Input: utstllning
  Validation Output: utställning

  Validation Input: wseenlund 13. 
  Validation Output: wesenlund 13 .

  Validation Input: värd att bevaka : boszton b.f.l .
  Validation Output: värd att bevaka : boston b.f.l .

  Validation Input: sagoföreställningn om vänskap .
  Validation Output: sagoföreställning om vänskap .

  Validation Input: 17.05göteobrg
  Validation Output: 17.05 göteborg

  Validation Input: plts 1,59-,25-l2,25 .
  Validation Output: plats 1,59-2,25-2,25 .

  Validation Input: mn det qär klart att det är ettsamarbete .
  Validation Output: men det är klart att det är ett samarbete .

  Validation Input: em nden slutade i alla fall så : blå. 
  Validation Output: men den slutade i alla fall så : blå .

  Validation Input: ellr tvärtom .
  Validation Output: eller tvärtom .

  Validation Input: inspekqtionenf öljer nu noga turerna i hq .
  Validation Output: inspektionen följer nu noga turerna i hq .

  Validation Input: polisen hade i går inte gripit några yttöerligare personer .
  Validation Output: polisen hade i går inte gripit några ytterligare personer .

  Validation Input: ska mna adlri gfå vila ?
  Validation Output: ska man aldrig få vila ?

  Validation Input: jagh ar fåt tbetala extra .
  Validation Output: jag har fått betala extra .

  Validation Input: rockwen r bredare än någonsin .
  Validation Output: rocken är bredare än någonsin .

  Validation Input: var aggressiv oc hhade intöentioner .
  Validation Output: var aggressiv och hade intentioner .

  Validation Input: det känns alltid lite tungt att tipsa om drömstränpder a.
  Validation Output: det känns alltid lite tungt att tipsa om drömstränder .

  Validation Input: inte mer än s å.
  Validation Output: inte mer än så .

  Validation Input: hur ska man då öfrstå brådskan ?
  Validation Output: hur ska man då förstå brådskan ?

  Validation Input: odds : 5s,84 .
  Validation Output: odds : 5,84 .

  Validation Input: allt nvar rök .
  Validation Output: allt var rök .

  Validation Input: därför är tsill standinqg något av en överraskning .
  Validation Output: därför är still standing något av en överraskning .

  Validation Input: tyska , franska oczh brittiska banker borde tvingas skriva ned sina fordringar .
  Validation Output: tyska , franska och brittiska banker borde tvingas skriva ned sina fordringar .

  Validation Input: ochd et tror jag att de gör , säger bo karlsson l.
  Validation Output: och det tror jag att de gör , säger bo karlsson .

  Validation Input: ddetär daegs nu , säger skrynnik 
  Validation Output: det är dags nu , säger skrynnik .

  Validation Input: då skall vi vara med oh erbjuda de tjänstenra , sägper pether wallin .
  Validation Output: då skall vi vara med och erbjuda de tjänsterna , säger pether wallin .

  Validation Input: dceztä r fö rtidigt änf ör tt tala om resultat .
  Validation Output: det är för tidigt än för att tala om resultat .

  Validation Input: -det får man acceptera. 
  Validation Output: - det får man acceptera .

  Validation Input: detk aön ge jobb i sverige .
  Validation Output: det kan ge jobb i sverige .

  Validation Input: det wka jakg ju inte säga .
  Validation Output: det kan jag ju inte säga .

  Validation Input: muen så vavr inet fallet o.
  Validation Output: men så var inte fallet .

  Validation Input: jagl ska hjälpa dig .
  Validation Output: jag ska hjälpa dig .

  Validation Input: det må vara hänt. 
  Validation Output: det må vara hänt .

  Validation Input: s- både ochu .
  Validation Output: - både och .

  Validation Input: trevlpig helg !
  Validation Output: trevlig helg !

  Validation Input: masala kithcen indiskt. 
  Validation Output: masala kitchen indiskt .

  Validation Input: jgaä beklagaratt inte informationen nått alla tidigare .
  Validation Output: jag beklagar att inte informationen nått alla tidigare .

  Validation Input: kungbsackafjoredn är åkåbar utt ill gottskär .
  Validation Output: kungsbackafjorden är åkbar ut till gottskär .

  Validation Input: det är aölla sorter .
  Validation Output: det är alla sorter .

  Validation Input: strukewn nr 8 .
  Validation Output: struken nr 8 .

  Validation Input: det är ens olig dag .
  Validation Output: det är en solig dag .

  Validation Input: utv,  sverige : 5x2 .
  Validation Output: utv , sverige : 5x2 .

  Validation Input: han gick till final och tog till en börjna ledningen .
  Validation Output: han gick till final och tog till en början ledningen .

  Validation Input: ghanas vm-älacg vile träffa nelson madnela för att visa sitt stöd 
  Validation Output: ghanas vm-lag ville träffa nelson mandela för att visa sitt stöd .

  Validation Input: mannen sägers igr infte minnasc dåden .
  Validation Output: mannen säger sig inte minnas dåden .

  Validation Input: läcker salald med massor av färg och smak .
  Validation Output: läcker sallad med massor av färg och smak .

  Validation Input: det kan bli aktuellt att testa hnuden mentalt .
  Validation Output: det kan bli aktuellt att testa hunden mentalt .

  Validation Input: i ntegrations- oh
  Validation Output: i ntegrations- och

  Validation Input: mne det är svårt .
  Validation Output: men det är svårt .

  Validation Input: gråtande bosättare och soldater stod mto varandra .
  Validation Output: gråtande bosättare och soldater stod mot varandra .

  Validation Input: gör konsthallen ill barnens konstmuseum
  Validation Output: gör konsthallen till barnens konstmuseum

  Validation Input: storsatsnin g.
  Validation Output: storsatsning .

  Validation Input: visst doftar det avf sågspå noch spunnet socker ?
  Validation Output: visst doftar det av sågspån och spunnet socker ?

  Validation Input: det ä rav vitk också för flygbranschen so msådaön .
  Validation Output: det är av vikt också för flygbranschen som sådan .

  Validation Input: oms:  52 950 kr .
  Validation Output: oms : 52 950 kr .

  Validation Input: hemlgi rumsavlyssning är et förslag .
  Validation Output: hemlig rumsavlyssning är ett förslag .

  Validation Input: sammwa metod .
  Validation Output: samma metod .

  Validation Input: vernissage kl 11t-14 .
  Validation Output: vernissage kl 11-14 .

  Validation Input: ochr fortfarandeär dess effekterc kännbara inom turistnäringen .
  Validation Output: och fortfarande är dess effekter kännbara inom turistnäringen .

  Validation Input: benen iett frhamgångsrikt handbollslag är inga konstigheter .
  Validation Output: benen i ett framgångsrikt handbollslag är inga konstigheter .

  Validation Input: publik : ä313 .
  Validation Output: publik : 313 .

  Validation Input: dt finnsl ju allmänna grillplatser u, använd dem .
  Validation Output: det finns ju allmänna grillplatser , använd dem .

  Validation Input: allt annat är helt meningslsöt 
  Validation Output: allt annat är helt meningslöst .

  Validation Input: - det ä rsvårxt att säga .
  Validation Output: - det är svårt att säga .

  Validation Input: y-ä åkningen var okej .
  Validation Output: - åkningen var okej .

  Validation Input: kommer ni at lösa det äh r?
  Validation Output: kommer ni att lösa det här ?

  Validation Input: bkilj tel 0346-88 61 01 .
  Validation Output: bilj tel 0346-88 61 01 .

  Validation Input: då hängerj j gitnxe med på allt .
  Validation Output: då hänger jag inte med på allt .

  Validation Input: de flesta besökarn aär göteborgare .
  Validation Output: de flesta besökarna är göteborgare .

  Validation Input: ewn ren fröjd .
  Validation Output: en ren fröjd .

  Validation Input: strukna : 2,9 och 14 
  Validation Output: strukna : 2,9 och 14 .

  Validation Input: min drivkraft är mental 
  Validation Output: min drivkraft är mental .

  Validation Input: de rbukarf blända sin publiäk .
  Validation Output: de brukar blända sin publik .

  Validation Input: jag vet inte varåfrö jag ögr så .
  Validation Output: jag vet inte varför jag gör så .

  Validation Input: köttet ä rgiftigt och måste tillreådas av sdpecialutbildade köksmästare .
  Validation Output: köttet är giftigt och måste tillredas av specialutbildade köksmästare .

  Validation Input: i domzstol .
  Validation Output: i domstol .

  Validation Input: och man vänjer sig aldrig , säger ole hultman. 
  Validation Output: och man vänjer sig aldrig , säger ole hultman .

  Validation Input: musik måste vara ärli g.
  Validation Output: musik måste vara ärlig .

  Validation Input: skåwdespelare .
  Validation Output: skådespelare .

  Validation Input: zprolific bbetyder fxruktsam. 
  Validation Output: prolific betyder fruktsam .

  Validation Input: men boknnige nvar inte klar .
  Validation Output: men bokningen var inte klar .

  Validation Input: men nåognn närmaer precisering gkörs inte .
  Validation Output: men någon närmare precisering görs inte .

  Validation Input: föränd-rping ska man inte underskatta 
  Validation Output: föränd-ring ska man inte underskatta .

  Validation Input: - det ä min favorit , säger hon .
  Validation Output: - det är min favorit , säger hon .

  Validation Input: tanpka film ochtv .
  Validation Output: tanka film och tv .

  Validation Input: åkommunen har owckså hotat med rivnig .
  Validation Output: kommunen har också hotat med rivning .

  Validation Input: och vem sk adå flytta åpm sig ?
  Validation Output: och vem ska då flytta på sig ?

  Validation Input: v5 : 900 218i kr .
  Validation Output: v5 : 900 218 kr .

  Validation Input: kurderna kan å andra sidan inte tänkka sig att släyppa tankne på federalism .
  Validation Output: kurderna kan å andra sidan inte tänka sig att släppa tanken på federalism .

  Validation Input: de tblev bättre när eljero elia kom in .
  Validation Output: det blev bättre när eljero elia kom in .

  Validation Input: jag såg skogen komma mo tmgiä b.
  Validation Output: jag såg skogen komma mot mig .

  Validation Input: för att bli accepterad , ochkanske till ohcå med älskad .
  Validation Output: för att bli accepterad , och kanske till och med älskad .

  Validation Input: plats : 2,31-7,g02-2,21 .
  Validation Output: plats : 2,31-7,02-2,21 .

  Validation Input: alla ä inne  ilogen .
  Validation Output: alla är inne i logen .

  Validation Input: tävlingakrna är viktiga .
  Validation Output: tävlingarna är viktiga .

  Validation Input: men återhämtningen har gådtpt ofrt .
  Validation Output: men återhämtningen har gått fort .

  Validation Input: sagoföreställnin om vänskap .
  Validation Output: sagoföreställning om vänskap .

  Validation Input: på så sätt kom jagi  kontakt medf öretagte .
  Validation Output: på så sätt kom jag i kontakt med företaget .

  Validation Input: polisen griper mannen misstänkt frö olaga hot. 
  Validation Output: polisen griper mannen misstänkt för olaga hot .

  Validation Input: katedralen skall fyllas txre gzånger till denna söndag .
  Validation Output: katedralen skall fyllas tre gånger till denna söndag .

  Validation Input: v3 : 134 940k r .
  Validation Output: v3 : 134 940 kr .

  Validation Input: - xhan blev förd till sibirien och skjuten .
  Validation Output: - han blev förd till sibirien och skjuten .

  Validation Input: valet om ettn år äreftt vägval .
  Validation Output: valet om ett år är ett vägval .

  Validation Input: strzuken nr 5 .
  Validation Output: struken nr 5 .

  Validation Input: visningk l 19 .
  Validation Output: visning kl 19 .

  Validation Input: - jag veti nte a.
  Validation Output: - jag vet inte .

  Validation Input: 200 g baocn
  Validation Output: 200 g bacon

  Validation Input: tiidgare har hnon ojbbat som elevassistent 
  Validation Output: tidigare har hon jobbat som elevassistent .

  Validation Input: ööppet vard kl1 2-19 .
  Validation Output: öppet vard kl 12-19 .

  Validation Input: - det skulle vara ne katastrof om det hädne något .
  Validation Output: - det skulle vara en katastrof om det hände något .

  Validation Input: strukeno nr 6 .
  Validation Output: struken nr 6 .

  Validation Input: nu får v se hu rdet funakr .
  Validation Output: nu får vi se hur det funkar .

  Validation Input: det ka nog gå vägen för qviding .
  Validation Output: det kan nog gå vägen för qviding .

  Validation Input: dn drunknade
  Validation Output: den drunknade

  Validation Input:  idag är detta inte möjligt .
  Validation Output: i dag är detta inte möjligt .

  Validation Input: x- jag käner mig lugn och harmonisk .
  Validation Output: - jag känner mig lugn och harmonisk .

  Validation Input: fler och fler använder också portalen föratt ladda ner bmrozschyrer .
  Validation Output: fler och fler använder också portalen för att ladda ner broschyrer .

  Validation Input: tyvärr var det få som dök upp. 
  Validation Output: tyvärr var det få som dök upp .

  Validation Input: menz deut var bara att köra .
  Validation Output: men det var bara att köra .

  Validation Input: sedan vkar jag fast .
  Validation Output: sedan var jag fast .

  Validation Input: men göran bonander ( c )i  tekniska nämndn är arg .
  Validation Output: men göran bonander ( c ) i tekniska nämnden är arg .

  Validation Input: här gäller det tat vara vaksam .
  Validation Output: här gäller det att vara vaksam .

  Validation Input: dt är eän viktig strukturell förbättring .
  Validation Output: det är en viktig strukturell förbättring .

  Validation Input: oms :5  747 438 kr .
  Validation Output: oms : 5 747 438 kr .

  Validation Input: - hon ärö bara fyra år , men hon rä smart .
  Validation Output: - hon är bara fyra år , men hon är smart .

  Validation Input: ruth maide , 72 , angered x:
  Validation Output: ruth maide , 72 , angered :

  Validation Input: utv , finland:  1x2 .
  Validation Output: utv , finland : 1x2 .

  Validation Input: t o m 14 /1-06 .
  Validation Output: t o m 14 / 1-06 .

  Validation Input: stolarna är rejxält wtilltagna , breda med bra längd p åsittdynan .
  Validation Output: stolarna är rejält tilltagna , breda med bra längd på sittdynan .

  Validation Input: odyds : 159,89 .
  Validation Output: odds : 159,89 .

  Validation Input: 2006 - 20i07 pewr bäkckmna .
  Validation Output: 2006 - 2007 per bäckman .

  Validation Input: öatt äta till :
  Validation Output: att äta till :

  Validation Input: bara tillräcqkligt för att slippa jumbopltasen .
  Validation Output: bara tillräckligt för att slippa jumboplatsen .

  Validation Input: nekar htill allt .
  Validation Output: nekar till allt .

  Validation Input: bellaa stenberrg
  Validation Output: bella stenberg

  Validation Input: odds q:h 184,91 .
  Validation Output: odds : 184,91 .

  Validation Input: men snart hnder det saker .
  Validation Output: men snart händer det saker .

  Validation Input: kvarngården , klp 19 .
  Validation Output: kvarngården , kl 19 .

  Validation Input: dte får de finna si gi somk ändisar .
  Validation Output: det får de finna sig i som kändisar .

  Validation Input: jvag minns det inte , säger ralf gyllenhammkar .
  Validation Output: jag minns det inte , säger ralf gyllenhammar .

  Validation Input: men detta är nite skandalens slutpunkt. 
  Validation Output: men detta är inte skandalens slutpunkt .

  Validation Input: polisen förhör de inblxandade .
  Validation Output: polisen förhör de inblandade .

  Validation Input: publik :1 455 .
  Validation Output: publik : 1 455 .

  Validation Input: de upfpylldes inet den hbärö gången .
  Validation Output: de uppfylldes inte den här gången .

  Validation Input: men arbetsmiljön påverkar vardagen och är vikitgast .
  Validation Output: men arbetsmiljön påverkar vardagen och är viktigast .

  Validation Input: samtidigth ar förbandet en egen krgsstödsfnörmåga .
  Validation Output: samtidigt har förbandet en egen krigsstödsförmåga .

  Validation Input: fö vnänerna
  Validation Output: för vännerna

  Validation Input: mp vill införa skattehöjingar .
  Validation Output: mp vill införa skattehöjningar .

  Validation Input: - många har hört av sig. 
  Validation Output: - många har hört av sig .

  Validation Input: publik :832. 
  Validation Output: publik : 832 .

  Validation Input: - jag tycker nog tat vi har rutiner .
  Validation Output: - jag tycker nog att vi har rutiner .

  Validation Input: öpet kl 10-15 .
  Validation Output: öppet kl 10-15 .

  Validation Input: skär citroneni  skivor .
  Validation Output: skär citronen i skivor .

  Validation Input: kan kmma med spel
  Validation Output: kan komma med spel

  Validation Input: göteborg : ifngaö vuvuzelor .
  Validation Output: göteborg : inga vuvuzelor .

  Validation Input: o- tveksamt .
  Validation Output: - tveksamt .

  Validation Input: t o m 20 / 2. 
  Validation Output: t o m 20 / 2 .

  Validation Input: då behövs n fungerande modell .
  Validation Output: då behövs en fungerande modell .

  Validation Input: strukna nr 8 och 12 
  Validation Output: strukna nr 8 och 12 .

  Validation Input: till hösten börwjar behandlingen .
  Validation Output: till hösten börjar behandlingen .

  Validation Input: satdsmsueet, kl 12 .
  Validation Output: stadsmuseet , kl 12 .

  Validation Input: shall we dancäe ?
  Validation Output: shall we dance ?

  Validation Input: - sgä lite mer än annars coh varx ite såb lyga .
  Validation Output: - säg lite mer än annars och var inte så blyga .

  Validation Input: alice i underlnadet ( äventyr ) tet visuellt fyrverkeri (mdw ) .
  Validation Output: alice i underlandet ( äventyr ) ett visuellt fyrverkeri ( mdw ) .

  Validation Input: jag har begåtth edersbrott mto två familjer .
  Validation Output: jag har begått hedersbrott mot två familjer .

  Validation Input: vill döu ha ett exempel ?
  Validation Output: vill du ha ett exempel ?

  Validation Input: och hur vänder mna bladet tillbaka ?
  Validation Output: och hur vänder man bladet tillbaka ?

  Validation Input: sympatin ligger alltid på däe svagaste sida .
  Validation Output: sympatin ligger alltid på de svagaste sida .

  Validation Input: >gör nte mycket väsen av sig
  Validation Output: >gör inte mycket väsen av sig

  Validation Input: z- numer stannar publiken kvar ,hela matchen .
  Validation Output: - numer stannar publiken kvar , hela matchen .

  Validation Input: odds 2,09.
  Validation Output: odds 2,09 .

  Validation Input: och hur låter detd å ?
  Validation Output: och hur låter det då ?

  Validation Input: och fortfarande är det trögt medc bostadsbyggandet .
  Validation Output: och fortfarande är det trögt med bostadsbyggandet .

  Validation Input: - jga är lite rädd förl att åka tlilbaka 
  Validation Output: - jag är lite rädd för att åka tillbaka .

  Validation Input: 19.30ä farmen .
  Validation Output: 19.30 farmen .

  Validation Input: - inramningen betyder också mycket 
  Validation Output: - inramningen betyder också mycket .

  Validation Input: - det kanske ligger it jejers natur att ringa in och rösta .
  Validation Output: - det kanske ligger i tjejers natur att ringa in och rösta .

  Validation Input: vad är det det rika folket hålleår på me d?
  Validation Output: vad är det det rika folket håller på med ?

