Epoch: 1 Validation loss: 0.07756742844987806
Validation Input: där finns väldigt mycket våld eftersom den beskriver den ital ienska maffian .
Validation Output: där finns väldigt mycket våld eftersom den beskriver den italienska maffian .<EOS>
Correct: där finns väldigt mycket våld eftersom den beskriver den italienska maffian .<EOS><EOS><EOS>

Validation Input: där finns väldigt mycket våld eftersom den beskriver den italienska maffian .
Validation Output: där finns väldigt mycket våld eftersom den beskriver den italienska maffian .<EOS>
Correct: där finns väldigt mycket våld eftersom den beskriver den italienska maffian .<EOS><EOS><EOS>

Validation Input: sjukskötekrskan monia bergsrtöm bvulnnerän av de tre o arbetar med mobila teamet.
Validation Output: sjukskötekran monia bergsröm bvulnnerän av de tre om arbetar med mobila teamet .<EOS>
Correct: sjuksköterskan monika bergström bunner är en av de tre som arbetar med mobila teamet .<EOS><EOS><EOS>

Validation Input: sjukskö terskan monika bergström bunner är en av de tre som arbetar med mobil a team et .
Validation Output: sjukskö terskan monika bergström bunner är en av de tre som arbetar med mobila teamet .<EOS>
Correct: sjuksköterskan monika bergström bunner är en av de tre som arbetar med mobila teamet .<EOS><EOS><EOS>

Validation Input: sjuksköterskan monika bergström bunner är ett av de tre som arbetar med mobila teamet .
Validation Output: sjuksköterskan monika bergström bunner är en av de tre som arbetar med mobila teamet .<EOS>
Correct: sjuksköterskan monika bergström bunner är en av de tre som arbetar med mobila teamet .<EOS><EOS><EOS>

Validation Input: hon har ävenmeddverkat i den prisade tdv-serien detn sjungande detetkiven .
Validation Output: hon har även meddverkat i den prisade tv-serien den sjungande detetiven .<EOS>
Correct: hon har även medverkat i den prisade tv-serien den sjungande detektiven .<EOS><EOS><EOS>

Validation Input: hon har även medverk at i den pris ade tv -serien den sjungande detektiven .
Validation Output: hon har även medverkat i den prisade tv-serien den sjungande detektiven .<EOS>
Correct: hon har även medverkat i den prisade tv-serien den sjungande detektiven .<EOS><EOS><EOS>

Validation Input: hon har även medverkat i den prisade tv-serien den sjungande detektiven .
Validation Output: hon har även medverkat i den prisade tv-serien den sjungande detektiven .<EOS>
Correct: hon har även medverkat i den prisade tv-serien den sjungande detektiven .<EOS><EOS><EOS>

Validation Input: det är itne precis någa besotsellers frör bokanddelwsdiskarna han ublcearr .
Validation Output: det är inte precis någa besotsellers frör bokanddelsdiskarna han ublerar .<EOS>
Correct: det är inte precis några bestsellers för bokhandelsdiskarna han publicerar .<EOS><EOS><EOS>

Validation Input: det är inte precis några bestsel lers för bok handelsdiskarna han publicerar .
Validation Output: det är inte precisnågra bestellers för bok handelsdiskarna han publicerar .<EOS>
Correct: det är inte precis några bestsellers för bokhandelsdiskarna han publicerar .<EOS><EOS><EOS>

Epoch: 2 Validation loss: 0.062427804477221176

Validation Input: där finns väldigt mycket våld eftersom den beskriver den ital ienska maffian .
Validation Output: där finns väldigt mycket våld eftersom den beskriver den italienska maffian .<EOS>
Correct: där finns väldigt mycket våld eftersom den beskriver den italienska maffian .<EOS><EOS><EOS><EOS><EOS><EOS>

Validation Input: där finns väldigt mycket våld eftersom den beskriver den italienska maffian .
Validation Output: där finns väldigt mycket våld eftersom den beskriver den italienska maffian .<EOS>
Correct: där finns väldigt mycket våld eftersom den beskriver den italienska maffian .<EOS><EOS><EOS><EOS><EOS><EOS>

Validation Input: sjukskötekrskan monia bergsrtöm bvulnnerän av de tre o arbetar med mobila teamet.
Validation Output: sjuksköterskan monia bergsröm bulnnerän av de tre o arbetar med mobila teamet .<EOS>
Correct: sjuksköterskan monika bergström bunner är en av de tre som arbetar med mobila teamet .<EOS><EOS><EOS><EOS><EOS><EOS>

Validation Input: sjukskö terskan monika bergström bunner är en av de tre som arbetar med mobil a team et .
Validation Output: sjuksköterskan monika bergströmbunner är en av de tre som arbetar med mobila teamet .<EOS>
Correct: sjuksköterskan monika bergström bunner är en av de tre som arbetar med mobila teamet .<EOS><EOS><EOS><EOS><EOS><EOS>

Validation Input: sjuksköterskan monika bergström bunner är ett av de tre som arbetar med mobila teamet .
Validation Output: sjuksköterskan monika bergström bunner är en av de tre som arbetar med mobila teamet .<EOS>
Correct: sjuksköterskan monika bergström bunner är en av de tre som arbetar med mobila teamet .<EOS><EOS><EOS><EOS><EOS><EOS>

Validation Input: hon har ävenmeddverkat i den prisade tdv-serien detn sjungande detetkiven .
Validation Output: hon har även medderkat i den prisade tv-serien det sjungande detet kiven .<EOS>
Correct: hon har även medverkat i den prisade tv-serien den sjungande detektiven .<EOS><EOS><EOS><EOS><EOS><EOS>

Validation Input: hon har även medverk at i den pris ade tv -serien den sjungande detektiven .
Validation Output: hon har även medverkat i den prisade tv-serien den sjungande detektiven .<EOS>
Correct: hon har även medverkat i den prisade tv-serien den sjungande detektiven .<EOS><EOS><EOS><EOS><EOS><EOS>

Validation Input: hon har även medverkat i den prisade tv-serien den sjungande detektiven .
Validation Output: hon har även medverkat i den prisade tv-serien den sjungande detektiven .<EOS>
Correct: hon har även medverkat i den prisade tv-serien den sjungande detektiven .<EOS><EOS><EOS><EOS><EOS><EOS>

Validation Input: det är itne precis någa besotsellers frör bokanddelwsdiskarna han ublcearr .
Validation Output: det är inte precis någa besotsellers för bokandelsdiskarna han blevarr .<EOS>
Correct: det är inte precis några bestsellers för bokhandelsdiskarna han publicerar .<EOS><EOS><EOS><EOS><EOS><EOS>

Validation Input: det är inte precis några bestsel lers för bok handelsdiskarna han publicerar .
Validation Output: det är inte precis några bestsellers för bokhandelsdiskarna han publicerar .<EOS>
Correct: det är inte precis några bestsellers för bokhandelsdiskarna han publicerar .<EOS><EOS><EOS><EOS><EOS><EOS>

Epoch: 3 Validation loss: 0.05403924435553884

  Validation Input: där finns väldigt mycket våld eftersom den beskriver den ital ienska maffian .
  Validation Output: där finns väldigt mycket våld eftersom den beskriver den beskriver den italiens
  Correct: där finns väldigt mycket våld eftersom den beskriver den italienska maffian .<EOS><EOS><EOS><EOS><EOS><EOS><EOS><EOS><EOS>

  Validation Input: där finns väldigt mycket våld eftersom den beskriver den italienska maffian .
  Validation Output: där finns väldigt mycket våld eftersom den beskriver den beskriver den italien
  Correct: där finns väldigt mycket våld eftersom den beskriver den italienska maffian .<EOS><EOS><EOS><EOS><EOS><EOS><EOS><EOS><EOS>

  Validation Input: sjukskötekrskan monia bergsrtöm bvulnnerän av de tre o arbetar med mobila teamet.
  Validation Output: sjuksköterskan monia bergström blunnerän av de tre om arbetar med mobila teamet .<EOS>
  Correct: sjuksköterskan monika bergström bunner är en av de tre som arbetar med mobila teamet .<EOS><EOS><EOS><EOS><EOS><EOS><EOS><EOS><EOS>

  Validation Input: sjukskö terskan monika bergström bunner är en av de tre som arbetar med mobil a team et .
  Validation Output: sjuksköterskan monika bergström bunner är en av de tre som arbetar med mobila teamet .<EOS>
  Correct: sjuksköterskan monika bergström bunner är en av de tre som arbetar med mobila teamet .<EOS><EOS><EOS><EOS><EOS><EOS><EOS><EOS><EOS>

  Validation Input: sjuksköterskan monika bergström bunner är ett av de tre som arbetar med mobila teamet .
  Validation Output: sjuksköterskan monika bergström bunner är en av de tre som arbetar med mobila teamet .<EOS>
  Correct: sjuksköterskan monika bergström bunner är en av de tre som arbetar med mobila teamet .<EOS><EOS><EOS><EOS><EOS><EOS><EOS><EOS><EOS>

  Validation Input: hon har ävenmeddverkat i den prisade tdv-serien detn sjungande detetkiven .
  Validation Output: hon har även meddverkat i den prisade tv-serien det sjungande detet kiven .<EOS>
  Correct: hon har även medverkat i den prisade tv-serien den sjungande detektiven .<EOS><EOS><EOS><EOS><EOS><EOS><EOS><EOS><EOS>

  Validation Input: hon har även medverk at i den pris ade tv -serien den sjungande detektiven .
  Validation Output: hon har även medverkat i den prisade tv-serien den sjungande detektiven .<EOS>
  Correct: hon har även medverkat i den prisade tv-serien den sjungande detektiven .<EOS><EOS><EOS><EOS><EOS><EOS><EOS><EOS><EOS>
  Validation Input: hon har även medverkat i den prisade tv-serien den sjungande detektiven .

  Validation Output: hon har även medverkat i den prisade tv-serien den sjungande detektiven .<EOS>
  Correct: hon har även medverkat i den prisade tv-serien den sjungande detektiven .<EOS><EOS><EOS><EOS><EOS><EOS><EOS><EOS><EOS>
  Validation Input: det är itne precis någa besotsellers frör bokanddelwsdiskarna han ublcearr .
  Validation Output: det är inte precis någa besotsellers för bokandelsdiskarna han blevar .<EOS>
  Correct: det är inte precis några bestsellers för bokhandelsdiskarna han publicerar .<EOS><EOS><EOS><EOS><EOS><EOS><EOS><EOS><EOS>
  Validation Input: det är inte precis några bestsel lers för bok handelsdiskarna han publicerar .
  Validation Output: det är inte precis några bestsellers för bokhandelsdiskarna han publicerar .<EOS>
  Correct: det är inte precis några bestsellers för bokhandelsdiskarna han publicerar .<EOS><EOS><EOS><EOS><EOS><EOS><EOS><EOS><EOS>

  Epoch: 4 Validation loss: 0.04727835668867381

  Validation Input: där finns väldigt mycket våld eftersom den beskriver den ital ienska maffian .
  Validation Output: där finns väldigt mycket våld eftersom den beskriver den italienska maffian .<EOS>
  Correct: där finns väldigt mycket våld eftersom den beskriver den italienska maffian .<EOS><EOS><EOS><EOS><EOS><EOS><EOS><EOS><EOS><EOS><EOS><EOS>
  Validation Input: där finns väldigt mycket våld eftersom den beskriver den italienska maffian .
  Validation Output: där finns väldigt mycket våld eftersom den beskriver den italienska maffian .<EOS>
  Correct: där finns väldigt mycket våld eftersom den beskriver den italienska maffian .<EOS><EOS><EOS><EOS><EOS><EOS><EOS><EOS><EOS><EOS><EOS><EOS>
  Validation Input: sjukskötekrskan monia bergsrtöm bvulnnerän av de tre o arbetar med mobila teamet.
  Validation Output: sjuksköterskan monia bergström bulnner än av de tre om arbetar med mobila teamet .<EOS>
  Correct: sjuksköterskan monika bergström bunner är en av de tre som arbetar med mobila teamet .<EOS><EOS><EOS><EOS><EOS><EOS><EOS><EOS><EOS><EOS><EOS><EOS>
  Validation Input: sjukskö terskan monika bergström bunner är en av de tre som arbetar med mobil a team et .
   Validation Output: sjuksköterskan monika bergströmbunner är en av de tre som arbetar med mobila teamet .<EOS>
   Correct: sjuksköterskan monika bergström bunner är en av de tre som arbetar med mobila teamet .<EOS><EOS><EOS><EOS><EOS><EOS><EOS><EOS><EOS><EOS><EOS><EOS>
   Validation Input: sjuksköterskan monika bergström bunner är ett av de tre som arbetar med mobila teamet .
  Validation Output: sjuksköterskan monika bergströmbunner är en av de tre som arbetar med mobila teamet .<EOS>
  Correct: sjuksköterskan monika bergström bunner är en av de tre som arbetar med mobila teamet .<EOS><EOS><EOS><EOS><EOS><EOS><EOS><EOS><EOS><EOS><EOS><EOS>
  Validation Input: hon har ävenmeddverkat i den prisade tdv-serien detn sjungande detetkiven .
  Validation Output: hon har även med ved ved ved verkat i den prisade tv-serien det sjungande de
  Correct: hon har även medverkat i den prisade tv-serien den sjungande detektiven .<EOS><EOS><EOS><EOS><EOS><EOS><EOS><EOS><EOS><EOS><EOS><EOS>
  Validation Input: hon har även medverk at i den pris ade tv -serien den sjungande detektiven .
  Validation Output: hon har även medverkat i den prisade tv-serien den sjungande detektiven .<EOS>
  Correct: hon har även medverkat i den prisade tv-serien den sjungande detektiven .<EOS><EOS><EOS><EOS><EOS><EOS><EOS><EOS><EOS><EOS><EOS><EOS>
  Validation Input: hon har även medverkat i den prisade tv-serien den sjungande detektiven .
  Validation Output: hon har även medverkat i den prisade tv-serien den sjungande detektiven .<EOS>
   Correct: hon har även medverkat i den prisade tv-serien den sjungande detektiven .<EOS><EOS><EOS><EOS><EOS><EOS><EOS><EOS><EOS><EOS><EOS><EOS>
   Validation Input: det är itne precis någa besotsellers frör bokanddelwsdiskarna han ublcearr .
   Validation Output: det är inte precis någa besotsellers för bokandelsdiskarna han blevarr .<EOS>
   Correct: det är inte precis några bestsellers för bokhandelsdiskarna han publicerar .<EOS><EOS><EOS><EOS><EOS><EOS><EOS><EOS><EOS><EOS><EOS><EOS>
   Validation Input: det är inte precis några bestsel lers för bok handelsdiskarna han publicerar .
   Validation Output: det är inte precis några bestsellers för bokhandelsdiskarna han publicerar .<EOS>
   Correct: det är inte precis några bestsellers för bokhandelsdiskarna han publicerar .<EOS><EOS><EOS><EOS><EOS><EOS><EOS><EOS><EOS><EOS><EOS><EOS>

   Epoch: 5 Validation loss: 0.043107727234288254

  Validation Input: där finns väldigt mycket våld eftersom den beskriver den ital ienska maffian .
  Validation Output: där finns väldigt mycket våld eftersom den beskriver den italienska maffian .<EOS>
  Correct: där finns väldigt mycket våld eftersom den beskriver den italienska maffian .<EOS><EOS><EOS><EOS><EOS><EOS><EOS><EOS><EOS><EOS><EOS><EOS><EOS><EOS><EOS>
  Validation Input: där finns väldigt mycket våld eftersom den beskriver den italienska maffian .
  Validation Output: där finns väldigt mycket våld eftersom den beskriver den italienska maffian .<EOS>
  Correct: där finns väldigt mycket våld eftersom den beskriver den italienska maffian .<EOS><EOS><EOS><EOS><EOS><EOS><EOS><EOS><EOS><EOS><EOS><EOS><EOS><EOS><EOS>
  Validation Input: sjukskötekrskan monia bergsrtöm bvulnnerän av de tre o arbetar med mobila teamet.
  Validation Output: sjuksköterskan monia bergström bulnner än av de tre om arbetar med mobila teamet .<EOS>
  Correct: sjuksköterskan monika bergström bunner är en av de tre som arbetar med mobila teamet .<EOS><EOS><EOS><EOS><EOS><EOS><EOS><EOS><EOS><EOS><EOS><EOS><EOS><EOS><EOS>
  Validation Input: sjukskö terskan monika bergström bunner är en av de tre som arbetar med mobil a team et .
  Validation Output: sjuksköterskan monika bergström bunner är en av de tre som arbetar med mobila teamet .<EOS>
  Correct: sjuksköterskan monika bergström bunner är en av de tre som arbetar med mobila teamet .<EOS><EOS><EOS><EOS><EOS><EOS><EOS><EOS><EOS><EOS><EOS><EOS><EOS><EOS><EOS>
  Validation Input: sjuksköterskan monika bergström bunner är ett av de tre som arbetar med mobila teamet .
  Validation Output: sjuksköterskan monika bergström bunner är en av de tre som arbetar med mobila teamet .<EOS>
  Correct: sjuksköterskan monika bergström bunner är en av de tre som arbetar med mobila teamet .<EOS><EOS><EOS><EOS><EOS><EOS><EOS><EOS><EOS><EOS><EOS><EOS><EOS><EOS><EOS>
  Validation Input: hon har ävenmeddverkat i den prisade tdv-serien detn sjungande detetkiven .
  Validation Output: hon har även med vedverkat i den prisade tv-serien det sjungande det ett kiv
  Correct: hon har även medverkat i den prisade tv-serien den sjungande detektiven .<EOS><EOS><EOS><EOS><EOS><EOS><EOS><EOS><EOS><EOS><EOS><EOS><EOS><EOS><EOS>
  Validation Input: hon har även medverk at i den pris ade tv -serien den sjungande detektiven .
  Validation Output: hon har även medverkat i den prisade tv-serien den sjungande detektiven .<EOS>
  Correct: hon har även medverkat i den prisade tv-serien den sjungande detektiven .<EOS><EOS><EOS><EOS><EOS><EOS><EOS><EOS><EOS><EOS><EOS><EOS><EOS><EOS><EOS>
  Validation Input: hon har även medverkat i den prisade tv-serien den sjungande detektiven .
  Validation Output: hon har även medverkat i den prisade tv-serien den sjungande detektiven .<EOS>
  Correct: hon har även medverkat i den prisade tv-serien den sjungande detektiven .<EOS><EOS><EOS><EOS><EOS><EOS><EOS><EOS><EOS><EOS><EOS><EOS><EOS><EOS><EOS>
  Validation Input: det är itne precis någa besotsellers frör bokanddelwsdiskarna han ublcearr .
  Validation Output: det är inte precis någa besotsellers för bokandelsdiskarna han bulcear .<EOS>
  Correct: det är inte precis några bestsellers för bokhandelsdiskarna han publicerar .<EOS><EOS><EOS><EOS><EOS><EOS><EOS><EOS><EOS><EOS><EOS><EOS><EOS><EOS><EOS>
  Validation Input: det är inte precis några bestsel lers för bok handelsdiskarna han publicerar .
  Validation Output: det är inte precis några bestsellers för bokhandelsdiskarna han publicerar .<EOS>
  Correct: det är inte precis några bestsellers för bokhandelsdiskarna han publicerar .<EOS><EOS><EOS><EOS><EOS><EOS><EOS><EOS><EOS><EOS><EOS><EOS><EOS><EOS><EOS>

  Epoch: 6 Validation loss: 0.041583007220333514

  Validation Input: där finns väldigt mycket våld eftersom den beskriver den ital ienska maffian .
  Validation Output: där finns väldigt mycket våld eftersom den beskriver den italienska maffian .<EOS>
  Correct: där finns väldigt mycket våld eftersom den beskriver den italienska maffian .<EOS><EOS><EOS><EOS><EOS><EOS><EOS><EOS><EOS><EOS><EOS><EOS><EOS><EOS><EOS><EOS><EOS><EOS>
  Validation Input: där finns väldigt mycket våld eftersom den beskriver den italienska maffian .
  Validation Output: där finns väldigt mycket våld eftersom den beskriver den italienska maffian .<EOS>
  Correct: där finns väldigt mycket våld eftersom den beskriver den italienska maffian .<EOS><EOS><EOS><EOS><EOS><EOS><EOS><EOS><EOS><EOS><EOS><EOS><EOS><EOS><EOS><EOS><EOS><EOS>
  Validation Input: sjukskötekrskan monia bergsrtöm bvulnnerän av de tre o arbetar med mobila teamet.
  Validation Output: sjuksköter skan monia bergström bulnner än av de tre om arbetar med mobila teamet .
  Correct: sjuksköterskan monika bergström bunner är en av de tre som arbetar med mobila teamet .<EOS><EOS><EOS><EOS><EOS><EOS><EOS><EOS><EOS><EOS><EOS><EOS><EOS><EOS><EOS><EOS><EOS><EOS>
  Validation Input: sjukskö terskan monika bergström bunner är en av de tre som arbetar med mobil a team et .
  Validation Output: sjuksköterskan monika bergström bunner är en av de tre som arbetar med mobila teamet .<EOS>
  Correct: sjuksköterskan monika bergström bunner är en av de tre som arbetar med mobila teamet .<EOS><EOS><EOS><EOS><EOS><EOS><EOS><EOS><EOS><EOS><EOS><EOS><EOS><EOS><EOS><EOS><EOS><EOS>
  Validation Input: sjuksköterskan monika bergström bunner är ett av de tre som arbetar med mobila teamet .
  Validation Output: sjuksköterskan monika bergström bunner är en av de tre som arbetar med mobila teamet .<EOS>
  Correct: sjuksköterskan monika bergström bunner är en av de tre som arbetar med mobila teamet .<EOS><EOS><EOS><EOS><EOS><EOS><EOS><EOS><EOS><EOS><EOS><EOS><EOS><EOS><EOS><EOS><EOS><EOS>
  Validation Input: hon har ävenmeddverkat i den prisade tdv-serien detn sjungande detetkiven .
  Validation Output: hon har även meddverkat i den prisade tv-serien det sjungande dettektiven .<EOS>
  Correct: hon har även medverkat i den prisade tv-serien den sjungande detektiven .<EOS><EOS><EOS><EOS><EOS><EOS><EOS><EOS><EOS><EOS><EOS><EOS><EOS><EOS><EOS><EOS><EOS><EOS>
  Validation Input: hon har även medverk at i den pris ade tv -serien den sjungande detektiven .
  Validation Output: hon har även medverkat i den prisade tv-serien den sjungande detektiven .<EOS>
  Correct: hon har även medverkat i den prisade tv-serien den sjungande detektiven .<EOS><EOS><EOS><EOS><EOS><EOS><EOS><EOS><EOS><EOS><EOS><EOS><EOS><EOS><EOS><EOS><EOS><EOS>
  Validation Input: hon har även medverkat i den prisade tv-serien den sjungande detektiven .
  Validation Output: hon har även medverkat i den prisade tv-serien den sjungande detektiven .<EOS>
  Correct: hon har även medverkat i den prisade tv-serien den sjungande detektiven .<EOS><EOS><EOS><EOS><EOS><EOS><EOS><EOS><EOS><EOS><EOS><EOS><EOS><EOS><EOS><EOS><EOS><EOS>
  Validation Input: det är itne precis någa besotsellers frör bokanddelwsdiskarna han ublcearr .
  Validation Output: det är inte precis någa besotsellers för bokandelsdiskarna han bulear .<EOS>
  Correct: det är inte precis några bestsellers för bokhandelsdiskarna han publicerar .<EOS><EOS><EOS><EOS><EOS><EOS><EOS><EOS><EOS><EOS><EOS><EOS><EOS><EOS><EOS><EOS><EOS><EOS>
  Validation Input: det är inte precis några bestsel lers för bok handelsdiskarna han publicerar .
  Validation Output: det är inte precis några bestsellers för bokhandelsdiskarna han publicerar .<EOS>
  Correct: det är inte precis några bestsellers för bokhandelsdiskarna han publicerar .<EOS><EOS><EOS><EOS><EOS><EOS><EOS><EOS><EOS><EOS><EOS><EOS><EOS><EOS><EOS><EOS><EOS><EOS>

  Epoch: 7 Validation loss: 0.0377718896040536

  Validation Input: där finns väldigt mycket våld eftersom den beskriver den ital ienska maffian .
  Validation Output: där finns väldigt mycket våld eftersom den beskriver den italienska maffian .<EOS>
  Correct: där finns väldigt mycket våld eftersom den beskriver den italienska maffian .<EOS><EOS><EOS><EOS><EOS><EOS><EOS><EOS><EOS><EOS><EOS><EOS><EOS><EOS><EOS><EOS><EOS><EOS><EOS><EOS><EOS>
  Validation Input: där finns väldigt mycket våld eftersom den beskriver den italienska maffian .
  Validation Output: där finns väldigt mycket våld eftersom den beskriver den italienska maffian .<EOS>
  Correct: där finns väldigt mycket våld eftersom den beskriver den italienska maffian .<EOS><EOS><EOS><EOS><EOS><EOS><EOS><EOS><EOS><EOS><EOS><EOS><EOS><EOS><EOS><EOS><EOS><EOS><EOS><EOS><EOS>
  Validation Input: sjukskötekrskan monia bergsrtöm bvulnnerän av de tre o arbetar med mobila teamet.
  Validation Output: sjuksköter kan monia bergström bulnner än av de tre om arbetar med mobila teamet .<EOS>
  Correct: sjuksköterskan monika bergström bunner är en av de tre som arbetar med mobila teamet .<EOS><EOS><EOS><EOS><EOS><EOS><EOS><EOS><EOS><EOS><EOS><EOS><EOS><EOS><EOS><EOS><EOS><EOS><EOS><EOS><EOS>
  Validation Input: sjukskö terskan monika bergström bunner är en av de tre som arbetar med mobil a team et .
  Validation Output: sjuksköterskan monika bergström bunner är en av de tre som arbetar med mobila teamet .<EOS>
  Correct: sjuksköterskan monika bergström bunner är en av de tre som arbetar med mobila teamet .<EOS><EOS><EOS><EOS><EOS><EOS><EOS><EOS><EOS><EOS><EOS><EOS><EOS><EOS><EOS><EOS><EOS><EOS><EOS><EOS><EOS>
  Validation Input: sjuksköterskan monika bergström bunner är ett av de tre som arbetar med mobila teamet .
  Validation Output: sjuksköterskan monika bergström bunner är en av de tre som arbetar med mobila teamet .<EOS>
  Correct: sjuksköterskan monika bergström bunner är en av de tre som arbetar med mobila teamet .<EOS><EOS><EOS><EOS><EOS><EOS><EOS><EOS><EOS><EOS><EOS><EOS><EOS><EOS><EOS><EOS><EOS><EOS><EOS><EOS><EOS>
  Validation Input: hon har ävenmeddverkat i den prisade tdv-serien detn sjungande detetkiven .
  Validation Output: hon har även meddverkat i den prisade tv-serien det sjungande dettetkiven .<EOS>
  Correct: hon har även medverkat i den prisade tv-serien den sjungande detektiven .<EOS><EOS><EOS><EOS><EOS><EOS><EOS><EOS><EOS><EOS><EOS><EOS><EOS><EOS><EOS><EOS><EOS><EOS><EOS><EOS><EOS>
  Validation Input: hon har även medverk at i den pris ade tv -serien den sjungande detektiven .
  Validation Output: hon har även medverkat i den prisade tv-serien den sjungande detektiven .<EOS>
  Correct: hon har även medverkat i den prisade tv-serien den sjungande detektiven .<EOS><EOS><EOS><EOS><EOS><EOS><EOS><EOS><EOS><EOS><EOS><EOS><EOS><EOS><EOS><EOS><EOS><EOS><EOS><EOS><EOS>
  Validation Input: hon har även medverkat i den prisade tv-serien den sjungande detektiven .
  Validation Output: hon har även medverkat i den prisade tv-serien den sjungande detektiven .<EOS>
  Correct: hon har även medverkat i den prisade tv-serien den sjungande detektiven .<EOS><EOS><EOS><EOS><EOS><EOS><EOS><EOS><EOS><EOS><EOS><EOS><EOS><EOS><EOS><EOS><EOS><EOS><EOS><EOS><EOS>
  Validation Input: det är itne precis någa besotsellers frör bokanddelwsdiskarna han ublcearr .
  Validation Output: det är inte precis någa besotsellers för bokandelsdiskarna han blevar .<EOS>
  Correct: det är inte precis några bestsellers för bokhandelsdiskarna han publicerar .<EOS><EOS><EOS><EOS><EOS><EOS><EOS><EOS><EOS><EOS><EOS><EOS><EOS><EOS><EOS><EOS><EOS><EOS><EOS><EOS><EOS>
  Validation Input: det är inte precis några bestsel lers för bok handelsdiskarna han publicerar .
  Validation Output: det är inte precis några bestsellers för bokhandelsdiskarna han publicerar .<EOS>
  Correct: det är inte precis några bestsellers för bokhandelsdiskarna han publicerar .<EOS><EOS><EOS><EOS><EOS><EOS><EOS><EOS><EOS><EOS><EOS><EOS><EOS><EOS><EOS><EOS><EOS><EOS><EOS><EOS><EOS>

  Epoch: 8 Validation loss: 0.03952360350952383

  Validation Input: där finns väldigt mycket våld eftersom den beskriver den ital ienska maffian .
  Validation Output: där finns väldigt mycket våld eftersom den beskriver den italienska maffian .<EOS>
  Correct: där finns väldigt mycket våld eftersom den beskriver den italienska maffian .<EOS><EOS><EOS><EOS><EOS><EOS><EOS><EOS><EOS><EOS><EOS><EOS><EOS><EOS><EOS><EOS><EOS><EOS><EOS><EOS><EOS><EOS><EOS><EOS>
  Validation Input: där finns väldigt mycket våld eftersom den beskriver den italienska maffian .
  Validation Output: där finns väldigt mycket våld eftersom den beskriver den italienska maffian .<EOS>
  Correct: där finns väldigt mycket våld eftersom den beskriver den italienska maffian .<EOS><EOS><EOS><EOS><EOS><EOS><EOS><EOS><EOS><EOS><EOS><EOS><EOS><EOS><EOS><EOS><EOS><EOS><EOS><EOS><EOS><EOS><EOS><EOS>
  Validation Input: sjukskötekrskan monia bergsrtöm bvulnnerän av de tre o arbetar med mobila teamet.
  Validation Output: sjuksköterkskan monia bergström bulnner än av de tre om arbetar med mobila teamet .
  Correct: sjuksköterskan monika bergström bunner är en av de tre som arbetar med mobila teamet .<EOS><EOS><EOS><EOS><EOS><EOS><EOS><EOS><EOS><EOS><EOS><EOS><EOS><EOS><EOS><EOS><EOS><EOS><EOS><EOS><EOS><EOS><EOS><EOS>
  Validation Input: sjukskö terskan monika bergström bunner är en av de tre som arbetar med mobil a team et .
  Validation Output: sjuksköterskan monika bergström bunner är en av de tre som arbetar med mobila teamet .<EOS>
  Correct: sjuksköterskan monika bergström bunner är en av de tre som arbetar med mobila teamet .<EOS><EOS><EOS><EOS><EOS><EOS><EOS><EOS><EOS><EOS><EOS><EOS><EOS><EOS><EOS><EOS><EOS><EOS><EOS><EOS><EOS><EOS><EOS><EOS>
  Validation Input: sjuksköterskan monika bergström bunner är ett av de tre som arbetar med mobila teamet .
  Validation Output: sjuksköterskan monika bergström bunner är en av de tre som arbetar med mobila teamet .<EOS>
  Correct: sjuksköterskan monika bergström bunner är en av de tre som arbetar med mobila teamet .<EOS><EOS><EOS><EOS><EOS><EOS><EOS><EOS><EOS><EOS><EOS><EOS><EOS><EOS><EOS><EOS><EOS><EOS><EOS><EOS><EOS><EOS><EOS><EOS>
  Validation Input: hon har ävenmeddverkat i den prisade tdv-serien detn sjungande detetkiven .
  Validation Output: hon har även meddverkat i den prisade tv-serien det sjungande dettektiven .<EOS>
  Correct: hon har även medverkat i den prisade tv-serien den sjungande detektiven .<EOS><EOS><EOS><EOS><EOS><EOS><EOS><EOS><EOS><EOS><EOS><EOS><EOS><EOS><EOS><EOS><EOS><EOS><EOS><EOS><EOS><EOS><EOS><EOS>
  Validation Input: hon har även medverk at i den pris ade tv -serien den sjungande detektiven .
  Validation Output: hon har även medverkat i den prisade tv-serien den sjungande detektiven .<EOS>
  Correct: hon har även medverkat i den prisade tv-serien den sjungande detektiven .<EOS><EOS><EOS><EOS><EOS><EOS><EOS><EOS><EOS><EOS><EOS><EOS><EOS><EOS><EOS><EOS><EOS><EOS><EOS><EOS><EOS><EOS><EOS><EOS>
  Validation Input: hon har även medverkat i den prisade tv-serien den sjungande detektiven .
  Validation Output: hon har även medverkat i den prisade tv-serien den sjungande detektiven .<EOS>
  Correct: hon har även medverkat i den prisade tv-serien den sjungande detektiven .<EOS><EOS><EOS><EOS><EOS><EOS><EOS><EOS><EOS><EOS><EOS><EOS><EOS><EOS><EOS><EOS><EOS><EOS><EOS><EOS><EOS><EOS><EOS><EOS>
  Validation Input: det är itne precis någa besotsellers frör bokanddelwsdiskarna han ublcearr .
  Validation Output: det är inte precis någa besotsellers för bokandelsdiskarna han bulcearr .<EOS>
  Correct: det är inte precis några bestsellers för bokhandelsdiskarna han publicerar .<EOS><EOS><EOS><EOS><EOS><EOS><EOS><EOS><EOS><EOS><EOS><EOS><EOS><EOS><EOS><EOS><EOS><EOS><EOS><EOS><EOS><EOS><EOS><EOS>
  Validation Input: det är inte precis några bestsel lers för bok handelsdiskarna han publicerar .
   Validation Output: det är inte precis några bestsellers för bokhandelsdiskarna han publicerar .<EOS>
   Correct: det är inte precis några bestsellers för bokhandelsdiskarna han publicerar .<EOS><EOS><EOS><EOS><EOS><EOS><EOS><EOS><EOS><EOS><EOS><EOS><EOS><EOS><EOS><EOS><EOS><EOS><EOS><EOS><EOS><EOS><EOS><EOS>

Epoch: 9 Validation loss: 0.03802118620869493

  Validation Input: där finns väldigt mycket våld eftersom den beskriver den ital ienska maffian .
  Validation Output: där finns väldigt mycket våld eftersom den beskriver den italienska maffian .<EOS>
  Correct: där finns väldigt mycket våld eftersom den beskriver den italienska maffian .<EOS><EOS><EOS><EOS><EOS><EOS><EOS><EOS><EOS><EOS><EOS><EOS><EOS><EOS><EOS><EOS><EOS><EOS><EOS><EOS><EOS><EOS><EOS><EOS><EOS><EOS><EOS>
  Validation Input: där finns väldigt mycket våld eftersom den beskriver den italienska maffian .
  Validation Output: där finns väldigt mycket våld eftersom den beskriver den italienska maffian .<EOS>
  Correct: där finns väldigt mycket våld eftersom den beskriver den italienska maffian .<EOS><EOS><EOS><EOS><EOS><EOS><EOS><EOS><EOS><EOS><EOS><EOS><EOS><EOS><EOS><EOS><EOS><EOS><EOS><EOS><EOS><EOS><EOS><EOS><EOS><EOS><EOS>
  Validation Input: sjukskötekrskan monia bergsrtöm bvulnnerän av de tre o arbetar med mobila teamet.
  Validation Output: sjuksköterskan monia bergström vulnner än av de tre om arbetar med mobila teamet .<EOS>
  Correct: sjuksköterskan monika bergström bunner är en av de tre som arbetar med mobila teamet .<EOS><EOS><EOS><EOS><EOS><EOS><EOS><EOS><EOS><EOS><EOS><EOS><EOS><EOS><EOS><EOS><EOS><EOS><EOS><EOS><EOS><EOS><EOS><EOS><EOS><EOS><EOS>
  Validation Input: sjukskö terskan monika bergström bunner är en av de tre som arbetar med mobil a team et .
  Validation Output: sjuksköterskan monika bergström bunner är en av de tre som arbetar med mobila teamet .<EOS>
  Correct: sjuksköterskan monika bergström bunner är en av de tre som arbetar med mobila teamet .<EOS><EOS><EOS><EOS><EOS><EOS><EOS><EOS><EOS><EOS><EOS><EOS><EOS><EOS><EOS><EOS><EOS><EOS><EOS><EOS><EOS><EOS><EOS><EOS><EOS><EOS><EOS>
  Validation Input: sjuksköterskan monika bergström bunner är ett av de tre som arbetar med mobila teamet .
  Validation Output: sjuksköterskan monika bergström bunner är en av de tre som arbetar med mobila teamet .<EOS>
  Correct: sjuksköterskan monika bergström bunner är en av de tre som arbetar med mobila teamet .<EOS><EOS><EOS><EOS><EOS><EOS><EOS><EOS><EOS><EOS><EOS><EOS><EOS><EOS><EOS><EOS><EOS><EOS><EOS><EOS><EOS><EOS><EOS><EOS><EOS><EOS><EOS>
  Validation Input: hon har ävenmeddverkat i den prisade tdv-serien detn sjungande detetkiven .
  Validation Output: hon har även meddverkat i den prisade tv-serien det sjungande dettektiven .<EOS>
  Correct: hon har även medverkat i den prisade tv-serien den sjungande detektiven .<EOS><EOS><EOS><EOS><EOS><EOS><EOS><EOS><EOS><EOS><EOS><EOS><EOS><EOS><EOS><EOS><EOS><EOS><EOS><EOS><EOS><EOS><EOS><EOS><EOS><EOS><EOS>
  Validation Input: hon har även medverk at i den pris ade tv -serien den sjungande detektiven .
  Validation Output: hon har även medverkat i den prisade tv-serien den sjungande detektiven .<EOS>
  Correct: hon har även medverkat i den prisade tv-serien den sjungande detektiven .<EOS><EOS><EOS><EOS><EOS><EOS><EOS><EOS><EOS><EOS><EOS><EOS><EOS><EOS><EOS><EOS><EOS><EOS><EOS><EOS><EOS><EOS><EOS><EOS><EOS><EOS><EOS>
  Validation Input: hon har även medverkat i den prisade tv-serien den sjungande detektiven .
  Validation Output: hon har även medverkat i den prisade tv-serien den sjungande detektiven .<EOS>
  Correct: hon har även medverkat i den prisade tv-serien den sjungande detektiven .<EOS><EOS><EOS><EOS><EOS><EOS><EOS><EOS><EOS><EOS><EOS><EOS><EOS><EOS><EOS><EOS><EOS><EOS><EOS><EOS><EOS><EOS><EOS><EOS><EOS><EOS><EOS>
  Validation Input: det är itne precis någa besotsellers frör bokanddelwsdiskarna han ublcearr .
  Validation Output: det är inte precis någa besotsellers för bokandelssiskarna han bleckar .<EOS>
  Correct: det är inte precis några bestsellers för bokhandelsdiskarna han publicerar .<EOS><EOS><EOS><EOS><EOS><EOS><EOS><EOS><EOS><EOS><EOS><EOS><EOS><EOS><EOS><EOS><EOS><EOS><EOS><EOS><EOS><EOS><EOS><EOS><EOS><EOS><EOS>
  Validation Input: det är inte precis några bestsel lers för bok handelsdiskarna han publicerar .
  Validation Output: det är inte precis några bestsellers för bokhandelsdiskarna han publicerar .<EOS>
  Correct: det är inte precis några bestsellers för bokhandelsdiskarna han publicerar .<EOS><EOS><EOS><EOS><EOS><EOS><EOS><EOS><EOS><EOS><EOS><EOS><EOS><EOS><EOS><EOS><EOS><EOS><EOS><EOS><EOS><EOS><EOS><EOS><EOS><EOS><EOS>

Epoch: 10 Validation loss: 0.0346881146382536

  Validation Input: där finns väldigt mycket våld eftersom den beskriver den ital ienska maffian .
  Validation Output: där finns väldigt mycket våld eftersom den beskriver den italienska maffian .<EOS>
  Correct: där finns väldigt mycket våld eftersom den beskriver den italienska maffian .<EOS><EOS><EOS><EOS><EOS><EOS><EOS><EOS><EOS><EOS><EOS><EOS><EOS><EOS><EOS><EOS><EOS><EOS><EOS><EOS><EOS><EOS><EOS><EOS><EOS><EOS><EOS><EOS><EOS><EOS>
  Validation Input: där finns väldigt mycket våld eftersom den beskriver den italienska maffian .
  Validation Output: där finns väldigt mycket våld eftersom den beskriver den italienska maffian .<EOS>
  Correct: där finns väldigt mycket våld eftersom den beskriver den italienska maffian .<EOS><EOS><EOS><EOS><EOS><EOS><EOS><EOS><EOS><EOS><EOS><EOS><EOS><EOS><EOS><EOS><EOS><EOS><EOS><EOS><EOS><EOS><EOS><EOS><EOS><EOS><EOS><EOS><EOS><EOS>
  Validation Input: sjukskötekrskan monia bergsrtöm bvulnnerän av de tre o arbetar med mobila teamet.
  Validation Output: sjuksköterskan monia bergström bulner än av de tre om arbetar med mobila teamet .<EOS>
  Correct: sjuksköterskan monika bergström bunner är en av de tre som arbetar med mobila teamet .<EOS><EOS><EOS><EOS><EOS><EOS><EOS><EOS><EOS><EOS><EOS><EOS><EOS><EOS><EOS><EOS><EOS><EOS><EOS><EOS><EOS><EOS><EOS><EOS><EOS><EOS><EOS><EOS><EOS><EOS>
  Validation Input: sjukskö terskan monika bergström bunner är en av de tre som arbetar med mobil a team et .
  Validation Output: sjuksköterskan monika bergström bunner är en av de tre som arbetar med mobila teamet .<EOS>
  Correct: sjuksköterskan monika bergström bunner är en av de tre som arbetar med mobila teamet .<EOS><EOS><EOS><EOS><EOS><EOS><EOS><EOS><EOS><EOS><EOS><EOS><EOS><EOS><EOS><EOS><EOS><EOS><EOS><EOS><EOS><EOS><EOS><EOS><EOS><EOS><EOS><EOS><EOS><EOS>
  Validation Input: sjuksköterskan monika bergström bunner är ett av de tre som arbetar med mobila teamet .
  Validation Output: sjuksköterskan monika bergström bunner är en av de tre som arbetar med mobila teamet .<EOS>
  Correct: sjuksköterskan monika bergström bunner är en av de tre som arbetar med mobila teamet .<EOS><EOS><EOS><EOS><EOS><EOS><EOS><EOS><EOS><EOS><EOS><EOS><EOS><EOS><EOS><EOS><EOS><EOS><EOS><EOS><EOS><EOS><EOS><EOS><EOS><EOS><EOS><EOS><EOS><EOS>
  Validation Input: hon har ävenmeddverkat i den prisade tdv-serien detn sjungande detetkiven .
  Validation Output: hon har även meddverkat i den prisade tv-serien det sjungande dettektiven .<EOS>
  Correct: hon har även medverkat i den prisade tv-serien den sjungande detektiven .<EOS><EOS><EOS><EOS><EOS><EOS><EOS><EOS><EOS><EOS><EOS><EOS><EOS><EOS><EOS><EOS><EOS><EOS><EOS><EOS><EOS><EOS><EOS><EOS><EOS><EOS><EOS><EOS><EOS><EOS>
  Validation Input: hon har även medverk at i den pris ade tv -serien den sjungande detektiven .
  Validation Output: hon har även medverkat i den prisade tv-serien den sjungande detektiven .<EOS>
  Correct: hon har även medverkat i den prisade tv-serien den sjungande detektiven .<EOS><EOS><EOS><EOS><EOS><EOS><EOS><EOS><EOS><EOS><EOS><EOS><EOS><EOS><EOS><EOS><EOS><EOS><EOS><EOS><EOS><EOS><EOS><EOS><EOS><EOS><EOS><EOS><EOS><EOS>
  Validation Input: hon har även medverkat i den prisade tv-serien den sjungande detektiven .
  Validation Output: hon har även medverkat i den prisade tv-serien den sjungande detektiven .<EOS>
  Correct: hon har även medverkat i den prisade tv-serien den sjungande detektiven .<EOS><EOS><EOS><EOS><EOS><EOS><EOS><EOS><EOS><EOS><EOS><EOS><EOS><EOS><EOS><EOS><EOS><EOS><EOS><EOS><EOS><EOS><EOS><EOS><EOS><EOS><EOS><EOS><EOS><EOS>
  Validation Input: det är itne precis någa besotsellers frör bokanddelwsdiskarna han ublcearr .
  Validation Output: det är inte precis någa besotsellers för bokandelsdiskarna han blecarr .<EOS>
  Correct: det är inte precis några bestsellers för bokhandelsdiskarna han publicerar .<EOS><EOS><EOS><EOS><EOS><EOS><EOS><EOS><EOS><EOS><EOS><EOS><EOS><EOS><EOS><EOS><EOS><EOS><EOS><EOS><EOS><EOS><EOS><EOS><EOS><EOS><EOS><EOS><EOS><EOS>
  Validation Input: det är inte precis några bestsel lers för bok handelsdiskarna han publicerar .
  Validation Output: det är inte precis några bestsellers för bokhandelsdiskarna han publicerar .<EOS>
  Correct: det är inte precis några bestsellers för bokhandelsdiskarna han publicerar .<EOS><EOS><EOS><EOS><EOS><EOS><EOS><EOS><EOS><EOS><EOS><EOS><EOS><EOS><EOS><EOS><EOS><EOS><EOS><EOS><EOS><EOS><EOS><EOS><EOS><EOS><EOS><EOS><EOS><EOS>

  Epoch: 11 Validation loss: 0.0855093811896065

  Validation Input: där finns väldigt mycket våld eftersom den beskriver den ital ienska maffian .
  Validation Output: där finns väldigt mycket våld eftersom den beskriver den italienska maffian .<EOS>
  Correct: där finns väldigt mycket våld eftersom den beskriver den italienska maffian .<EOS><EOS><EOS><EOS><EOS><EOS><EOS><EOS><EOS><EOS><EOS><EOS><EOS><EOS><EOS><EOS><EOS><EOS><EOS><EOS><EOS><EOS><EOS><EOS><EOS><EOS><EOS><EOS><EOS><EOS><EOS><EOS><EOS>

  Validation Input: där finns väldigt mycket våld eftersom den beskriver den italienska maffian .
  Validation Output: där finns väldigt mycket våld eftersom den beskriver den italienska maffian .<EOS>
  Correct: där finns väldigt mycket våld eftersom den beskriver den italienska maffian .<EOS><EOS><EOS><EOS><EOS><EOS><EOS><EOS><EOS><EOS><EOS><EOS><EOS><EOS><EOS><EOS><EOS><EOS><EOS><EOS><EOS><EOS><EOS><EOS><EOS><EOS><EOS><EOS><EOS><EOS><EOS><EOS><EOS>

  Validation Input: sjukskötekrskan monia bergsrtöm bvulnnerän av de tre o arbetar med mobila teamet.
  Validation Output: sjuksköterskan monia bergström bulnern än av de tre om arbetar med mobila teamet .<EOS>
  Correct: sjuksköterskan monika bergström bunner är en av de tre som arbetar med mobila teamet .<EOS><EOS><EOS><EOS><EOS><EOS><EOS><EOS><EOS><EOS><EOS><EOS><EOS><EOS><EOS><EOS><EOS><EOS><EOS><EOS><EOS><EOS><EOS><EOS><EOS><EOS><EOS><EOS><EOS><EOS><EOS><EOS><EOS>

  Validation Input: sjukskö terskan monika bergström bunner är en av de tre som arbetar med mobil a team et .
  Validation Output: sjuksköterskan monika bergströmbunner är en av de tre som arbetar med mobila teamet .<EOS>
  Correct: sjuksköterskan monika bergström bunner är en av de tre som arbetar med mobila teamet .<EOS><EOS><EOS><EOS><EOS><EOS><EOS><EOS><EOS><EOS><EOS><EOS><EOS><EOS><EOS><EOS><EOS><EOS><EOS><EOS><EOS><EOS><EOS><EOS><EOS><EOS><EOS><EOS><EOS><EOS><EOS><EOS><EOS>

  Input: sjuksköterskan monika bergström bunner är ett av de tre som arbetar med mobila teamet .
  Validation Output: sjuksköterskan monika bergström bunner är en av de tre som arbetar med mobila teamet .<EOS>
  Correct: sjuksköterskan monika bergström bunner är en av de tre som arbetar med mobila teamet .<EOS><EOS><EOS><EOS><EOS><EOS><EOS><EOS><EOS><EOS><EOS><EOS><EOS><EOS><EOS><EOS><EOS><EOS><EOS><EOS><EOS><EOS><EOS><EOS><EOS><EOS><EOS><EOS><EOS><EOS><EOS><EOS><EOS>

  Validation Input: hon har ävenmeddverkat i den prisade tdv-serien detn sjungande detetkiven .
  Validation Output: hon har även meddverkat i den prisade tv-serien det sjungande dettektiven .<EOS>
  Correct: hon har även medverkat i den prisade tv-serien den sjungande detektiven .<EOS><EOS><EOS><EOS><EOS><EOS><EOS><EOS><EOS><EOS><EOS><EOS><EOS><EOS><EOS><EOS><EOS><EOS><EOS><EOS><EOS><EOS><EOS><EOS><EOS><EOS><EOS><EOS><EOS><EOS><EOS><EOS><EOS>

  Validation Input: hon har även medverk at i den pris ade tv -serien den sjungande detektiven .
  Validation Output: hon har även medverkat i den prisade tv-serien den sjungande detektiven .<EOS>
  Correct: hon har även medverkat i den prisade tv-serien den sjungande detektiven .<EOS><EOS><EOS><EOS><EOS><EOS><EOS><EOS><EOS><EOS><EOS><EOS><EOS><EOS><EOS><EOS><EOS><EOS><EOS><EOS><EOS><EOS><EOS><EOS><EOS><EOS><EOS><EOS><EOS><EOS><EOS><EOS><EOS>

  Validation Input: hon har även medverkat i den prisade tv-serien den sjungande detektiven .
  Validation Output: hon har även medverkat i den prisade tv-serien den sjungande detektiven .<EOS>
  Correct: hon har även medverkat i den prisade tv-serien den sjungande detektiven .<EOS><EOS><EOS><EOS><EOS><EOS><EOS><EOS><EOS><EOS><EOS><EOS><EOS><EOS><EOS><EOS><EOS><EOS><EOS><EOS><EOS><EOS><EOS><EOS><EOS><EOS><EOS><EOS><EOS><EOS><EOS><EOS><EOS>

  Validation Input: det är itne precis någa besotsellers frör bokanddelwsdiskarna han ublcearr .
  Validation Output: det är inte precis någa besotsellers för bokandelsdiskarna han bulear .<EOS>
  Correct: det är inte precis några bestsellers för bokhandelsdiskarna han publicerar .<EOS><EOS><EOS><EOS><EOS><EOS><EOS><EOS><EOS><EOS><EOS><EOS><EOS><EOS><EOS><EOS><EOS><EOS><EOS><EOS><EOS><EOS><EOS><EOS><EOS><EOS><EOS><EOS><EOS><EOS><EOS><EOS><EOS>

  Validation Input: det är inte precis några bestsel lers för bok handelsdiskarna han publicerar .
  Validation Output: det är inte precis några bestsellers för bokhandelsdiskarna han publicerar .<EOS>
  Correct: det är inte precis några bestsellers för bokhandelsdiskarna han publicerar .<EOS><EOS><EOS><EOS><EOS><EOS><EOS><EOS><EOS><EOS><EOS><EOS><EOS><EOS><EOS><EOS><EOS><EOS><EOS><EOS><EOS><EOS><EOS><EOS><EOS><EOS><EOS><EOS><EOS><EOS><EOS><EOS><EOS>

  Epoch: 12 Validation loss: 0.03233741235301729

  Validation Input: där finns väldigt mycket våld eftersom den beskriver den ital ienska maffian .
  Validation Output: där finns väldigt mycket våld eftersom den beskriver den italienska maffian .<EOS>
  Correct: där finns väldigt mycket våld eftersom den beskriver den italienska maffian .<EOS><EOS><EOS><EOS><EOS><EOS><EOS><EOS><EOS><EOS><EOS><EOS><EOS><EOS><EOS><EOS><EOS><EOS><EOS><EOS><EOS><EOS><EOS><EOS><EOS><EOS><EOS><EOS><EOS><EOS><EOS><EOS><EOS><EOS><EOS><EOS>

  Validation Input: där finns väldigt mycket våld eftersom den beskriver den italienska maffian .
  Validation Output: där finns väldigt mycket våld eftersom den beskriver den italienska maffian .<EOS>
  Correct: där finns väldigt mycket våld eftersom den beskriver den italienska maffian .<EOS><EOS><EOS><EOS><EOS><EOS><EOS><EOS><EOS><EOS><EOS><EOS><EOS><EOS><EOS><EOS><EOS><EOS><EOS><EOS><EOS><EOS><EOS><EOS><EOS><EOS><EOS><EOS><EOS><EOS><EOS><EOS><EOS><EOS><EOS><EOS>

  Validation Input: sjukskötekrskan monia bergsrtöm bvulnnerän av de tre o arbetar med mobila teamet.
  Validation Output: sjuksköterskan monia bergström bunner än av de tre om arbetar med mobila teamet .<EOS>
  Correct: sjuksköterskan monika bergström bunner är en av de tre som arbetar med mobila teamet .<EOS><EOS><EOS><EOS><EOS><EOS><EOS><EOS><EOS><EOS><EOS><EOS><EOS><EOS><EOS><EOS><EOS><EOS><EOS><EOS><EOS><EOS><EOS><EOS><EOS><EOS><EOS><EOS><EOS><EOS><EOS><EOS><EOS><EOS><EOS><EOS>

  Validation Input: sjukskö terskan monika bergström bunner är en av de tre som arbetar med mobil a team et .
  Validation Output: sjuksköterskan monika bergström bunner är en av de tre som arbetar med mobila teamet .<EOS>
  Correct: sjuksköterskan monika bergström bunner är en av de tre som arbetar med mobila teamet .<EOS><EOS><EOS><EOS><EOS><EOS><EOS><EOS><EOS><EOS><EOS><EOS><EOS><EOS><EOS><EOS><EOS><EOS><EOS><EOS><EOS><EOS><EOS><EOS><EOS><EOS><EOS><EOS><EOS><EOS><EOS><EOS><EOS><EOS><EOS><EOS>

  Validation Input: sjuksköterskan monika bergström bunner är ett av de tre som arbetar med mobila teamet .  
  Validation Output: sjuksköterskan monika bergström bunner är en av de tre som arbetar med mobila teamet .<EOS>
  Correct: sjuksköterskan monika bergström bunner är en av de tre som arbetar med mobila teamet .<EOS><EOS><EOS><EOS><EOS><EOS><EOS><EOS><EOS><EOS><EOS><EOS><EOS><EOS><EOS><EOS><EOS><EOS><EOS><EOS><EOS><EOS><EOS><EOS><EOS><EOS><EOS><EOS><EOS><EOS><EOS><EOS><EOS><EOS><EOS><EOS>

  Validation Input: hon har ävenmeddverkat i den prisade tdv-serien detn sjungande detetkiven .
  Validation Output: hon har även med verkat i den prisade tv-serien det sjungande dettektiven .<EOS>
  Correct: hon har även medverkat i den prisade tv-serien den sjungande detektiven .<EOS><EOS><EOS><EOS><EOS><EOS><EOS><EOS><EOS><EOS><EOS><EOS><EOS><EOS><EOS><EOS><EOS><EOS><EOS><EOS><EOS><EOS><EOS><EOS><EOS><EOS><EOS><EOS><EOS><EOS><EOS><EOS><EOS><EOS><EOS><EOS>

  Validation Input: hon har även medverk at i den pris ade tv -serien den sjungande detektiven .
  Validation Output: hon har även medverkat i den prisade tv-serien den sjungande detektiven .<EOS>
  Correct: hon har även medverkat i den prisade tv-serien den sjungande detektiven .<EOS><EOS><EOS><EOS><EOS><EOS><EOS><EOS><EOS><EOS><EOS><EOS><EOS><EOS><EOS><EOS><EOS><EOS><EOS><EOS><EOS><EOS><EOS><EOS><EOS><EOS><EOS><EOS><EOS><EOS><EOS><EOS><EOS><EOS><EOS><EOS>

  Validation Input: hon har även medverkat i den prisade tv-serien den sjungande detektiven .
  Validation Output: hon har även medverkat i den prisade tv-serien den sjungande detektiven .<EOS>
  Correct: hon har även medverkat i den prisade tv-serien den sjungande detektiven .<EOS><EOS><EOS><EOS><EOS><EOS><EOS><EOS><EOS><EOS><EOS><EOS><EOS><EOS><EOS><EOS><EOS><EOS><EOS><EOS><EOS><EOS><EOS><EOS><EOS><EOS><EOS><EOS><EOS><EOS><EOS><EOS><EOS><EOS><EOS><EOS>

  Validation Input: det är itne precis någa besotsellers frör bokanddelwsdiskarna han ublcearr .
  Validation Output: det är inte precis några besotsellers för bokandelsdiskarna han blevar .<EOS>
  Correct: det är inte precis några bestsellers för bokhandelsdiskarna han publicerar .<EOS><EOS><EOS><EOS><EOS><EOS><EOS><EOS><EOS><EOS><EOS><EOS><EOS><EOS><EOS><EOS><EOS><EOS><EOS><EOS><EOS><EOS><EOS><EOS><EOS><EOS><EOS><EOS><EOS><EOS><EOS><EOS><EOS><EOS><EOS><EOS>

  Validation Input: det är inte precis några bestsel lers för bok handelsdiskarna han publicerar .
  Validation Output: det är inte precis några bestsellers för bokhandelsdiskarna han publicerar .<EOS>
  Correct: det är inte precis några bestsellers för bokhandelsdiskarna han publicerar .<EOS><EOS><EOS><EOS><EOS><EOS><EOS><EOS><EOS><EOS><EOS><EOS><EOS><EOS><EOS><EOS><EOS><EOS><EOS><EOS><EOS><EOS><EOS><EOS><EOS><EOS><EOS><EOS><EOS><EOS><EOS><EOS><EOS><EOS><EOS><EOS>

  Epoch: 13 Validation loss: 0.03389827647574538
  Validation Input: där finns väldigt mycket våld eftersom den beskriver den ital ienska maffian .  Validation Output: där finns väldigt mycket våld eftersom den beskriver den italienska maffian .<EOS>  Correct: där finns väldigt mycket våld eftersom den beskriver den italienska maffian .<EOS><EOS><EOS><EOS><EOS><EOS><EOS><EOS><EOS><EOS><EOS><EOS><EOS><EOS><EOS><EOS><EOS><EOS><EOS><EOS><EOS><EOS><EOS><EOS><EOS><EOS><EOS><EOS><EOS><EOS><EOS><EOS><EOS><EOS><EOS><EOS><EOS><EOS><EOS>  Validation Input: där finns väldigt mycket våld eftersom den beskriver den italienska maffian .  Validation Output: där finns väldigt mycket våld eftersom den beskriver den italienska maffian .<EOS>  Correct: där finns väldigt mycket våld eftersom den beskriver den italienska maffian .<EOS><EOS><EOS><EOS><EOS><EOS><EOS><EOS><EOS><EOS><EOS><EOS><EOS><EOS><EOS><EOS><EOS><EOS><EOS><EOS><EOS><EOS><EOS><EOS><EOS><EOS><EOS><EOS><EOS><EOS><EOS><EOS><EOS><EOS><EOS><EOS><EOS><EOS><EOS>  Validation Input: sjukskötekrskan monia bergsrtöm bvulnnerän av de tre o arbetar med mobila teamet.   Validation Output: sjuksköterskan monia bergström vunner än av de tre om arbetar med mobila teamet .<EOS>  Correct: sjuksköterskan monika bergström bunner är en av de tre som arbetar med mobila teamet .<EOS><EOS><EOS><EOS><EOS><EOS><EOS><EOS><EOS><EOS><EOS><EOS><EOS><EOS><EOS><EOS><EOS><EOS><EOS><EOS><EOS><EOS><EOS><EOS><EOS><EOS><EOS><EOS><EOS><EOS><EOS><EOS><EOS><EOS><EOS><EOS><EOS><EOS><EOS>  Validation Input: sjukskö terskan monika bergström bunner är en av de tre som arbetar med mobil a team et .  Validation Output: sjuksköterskan monika bergström bunner är en av de tre som arbetar med mobila teamet .<EOS>  Correct: sjuksköterskan monika bergström bunner är en av de tre som arbetar med mobila teamet .<EOS><EOS><EOS><EOS><EOS><EOS><EOS><EOS><EOS><EOS><EOS><EOS><EOS><EOS><EOS><EOS><EOS><EOS><EOS><EOS><EOS><EOS><EOS><EOS><EOS><EOS><EOS><EOS><EOS><EOS><EOS><EOS><EOS><EOS><EOS><EOS><EOS><EOS><EOS>  Validation Input: sjuksköterskan monika bergström bunner är ett av de tre som arbetar med mobila teamet .  Validation Output: sjuksköterskan monika bergström bunner är en av de tre som arbetar med mobila teamet .<EOS>  Correct: sjuksköterskan monika bergström bunner är en av de tre som arbetar med mobila teamet .<EOS><EOS><EOS><EOS><EOS><EOS><EOS><EOS><EOS><EOS><EOS><EOS><EOS><EOS><EOS><EOS><EOS><EOS><EOS><EOS><EOS><EOS><EOS><EOS><EOS><EOS><EOS><EOS><EOS><EOS><EOS><EOS><EOS><EOS><EOS><EOS><EOS><EOS><EOS>  Validation Input: hon har ävenmeddverkat i den prisade tdv-serien detn sjungande detetkiven .  Validation Output: hon har även meddverkat i den prisade tv-serien det sjungande detektiven .<EOS>  Correct: hon har även medverkat i den prisade tv-serien den sjungande detektiven .<EOS><EOS><EOS><EOS><EOS><EOS><EOS><EOS><EOS><EOS><EOS><EOS><EOS><EOS><EOS><EOS><EOS><EOS><EOS><EOS><EOS><EOS><EOS><EOS><EOS><EOS><EOS><EOS><EOS><EOS><EOS><EOS><EOS><EOS><EOS><EOS><EOS><EOS><EOS>  Validation Input: hon har även medverk at i den pris ade tv -serien den sjungande detektiven .  Validation Output: hon har även medverkat i den prisade tv-serien den sjungande detektiven .<EOS>  Correct: hon har även medverkat i den prisade tv-serien den sjungande detektiven .<EOS><EOS><EOS><EOS><EOS><EOS><EOS><EOS><EOS><EOS><EOS><EOS><EOS><EOS><EOS><EOS><EOS><EOS><EOS><EOS><EOS><EOS><EOS><EOS><EOS><EOS><EOS><EOS><EOS><EOS><EOS><EOS><EOS><EOS><EOS><EOS><EOS><EOS><EOS>  Validation Input: hon har även medverkat i den prisade tv-serien den sjungande detektiven .  Validation Output: hon har även medverkat i den prisade tv-serien den sjungande detektiven .<EOS>  Correct: hon har även medverkat i den prisade tv-serien den sjungande detektiven .<EOS><EOS><EOS><EOS><EOS><EOS><EOS><EOS><EOS><EOS><EOS><EOS><EOS><EOS><EOS><EOS><EOS><EOS><EOS><EOS><EOS><EOS><EOS><EOS><EOS><EOS><EOS><EOS><EOS><EOS><EOS><EOS><EOS><EOS><EOS><EOS><EOS><EOS><EOS>  Validation Input: det är itne precis någa besotsellers frör bokanddelwsdiskarna han ublcearr .  Validation Output: det är inte precis någa besotsellers för bokandelsdiskarna han bulcerar .<EOS>  Correct: det är inte precis några bestsellers för bokhandelsdiskarna han publicerar .<EOS><EOS><EOS><EOS><EOS><EOS><EOS><EOS><EOS><EOS><EOS><EOS><EOS><EOS><EOS><EOS><EOS><EOS><EOS><EOS><EOS><EOS><EOS><EOS><EOS><EOS><EOS><EOS><EOS><EOS><EOS><EOS><EOS><EOS><EOS><EOS><EOS><EOS><EOS>  Validation Input: det är inte precis några bestsel lers för bok handelsdiskarna han publicerar .  Validation Output: det är inte precis några bestsellers för bokhandelsdiskarna han publicerar .<EOS>  Correct: det är inte precis några bestsellers för bokhandelsdiskarna han publicerar .<EOS><EOS><EOS><EOS><EOS><EOS><EOS><EOS><EOS><EOS><EOS><EOS><EOS><EOS><EOS><EOS><EOS><EOS><EOS><EOS><EOS><EOS><EOS><EOS><EOS><EOS><EOS><EOS><EOS><EOS><EOS><EOS><EOS><EOS><EOS><EOS><EOS><EOS><EOS>Epoch: 14 Validation loss: 1.203544534115322
  Validation Input: där finns väldigt mycket våld eftersom den beskriver den ital ienska maffian .  Validation Output: den ker kerar kerarar kerarar kerar kerarar kerar kerarar kerararararar kerarar  Correct: där finns väldigt mycket våld eftersom den beskriver den italienska maffian .<EOS><EOS><EOS><EOS><EOS><EOS><EOS><EOS><EOS><EOS><EOS><EOS><EOS><EOS><EOS><EOS><EOS><EOS><EOS><EOS><EOS><EOS><EOS><EOS><EOS><EOS><EOS><EOS><EOS><EOS><EOS><EOS><EOS><EOS><EOS><EOS><EOS><EOS><EOS><EOS><EOS><EOS>  Validation Input: där finns väldigt mycket våld eftersom den beskriver den italienska maffian .  Validation Output: denker kerar kerar kerar kerar kerar kerar kerar kerar kerar kerarar kerararar  Correct: där finns väldigt mycket våld eftersom den beskriver den italienska maffian .<EOS><EOS><EOS><EOS><EOS><EOS><EOS><EOS><EOS><EOS><EOS><EOS><EOS><EOS><EOS><EOS><EOS><EOS><EOS><EOS><EOS><EOS><EOS><EOS><EOS><EOS><EOS><EOS><EOS><EOS><EOS><EOS><EOS><EOS><EOS><EOS><EOS><EOS><EOS><EOS><EOS><EOS>  Validation Input: sjukskötekrskan monia bergsrtöm bvulnnerän av de tre o arbetar med mobila teamet.   Validation Output: er mar ar a or a ar or or or or or or or or ber or ber ber ber ber ber ber ber ber   Correct: sjuksköterskan monika bergström bunner är en av de tre som arbetar med mobila teamet .<EOS><EOS><EOS><EOS><EOS><EOS><EOS><EOS><EOS><EOS><EOS><EOS><EOS><EOS><EOS><EOS><EOS><EOS><EOS><EOS><EOS><EOS><EOS><EOS><EOS><EOS><EOS><EOS><EOS><EOS><EOS><EOS><EOS><EOS><EOS><EOS><EOS><EOS><EOS><EOS><EOS><EOS>  Validation Input: sjukskö terskan monika bergström bunner är en av de tre som arbetar med mobil a team et .  Validation Output: er ar herer har herer ar herer ar herer ar herer ar herer ar ar sar fer ar ar ar erer fer   Correct: sjuksköterskan monika bergström bunner är en av de tre som arbetar med mobila teamet .<EOS><EOS><EOS><EOS><EOS><EOS><EOS><EOS><EOS><EOS><EOS><EOS><EOS><EOS><EOS><EOS><EOS><EOS><EOS><EOS><EOS><EOS><EOS><EOS><EOS><EOS><EOS><EOS><EOS><EOS><EOS><EOS><EOS><EOS><EOS><EOS><EOS><EOS><EOS><EOS><EOS><EOS>  Validation Input: sjuksköterskan monika bergström bunner är ett av de tre som arbetar med mobila teamet .  Validation Output: er ar har hererer har har hererer har hererer har hererer har hererer herer herer her ha  Correct: sjuksköterskan monika bergström bunner är en av de tre som arbetar med mobila teamet .<EOS><EOS><EOS><EOS><EOS><EOS><EOS><EOS><EOS><EOS><EOS><EOS><EOS><EOS><EOS><EOS><EOS><EOS><EOS><EOS><EOS><EOS><EOS><EOS><EOS><EOS><EOS><EOS><EOS><EOS><EOS><EOS><EOS><EOS><EOS><EOS><EOS><EOS><EOS><EOS><EOS><EOS>  Validation Input: hon har ävenmeddverkat i den prisade tdv-serien detn sjungande detetkiven .  Validation Output: der ster sar der sar sar sar sar sar sar sarer sar sarer ser der der der ser  Correct: hon har även medverkat i den prisade tv-serien den sjungande detektiven .<EOS><EOS><EOS><EOS><EOS><EOS><EOS><EOS><EOS><EOS><EOS><EOS><EOS><EOS><EOS><EOS><EOS><EOS><EOS><EOS><EOS><EOS><EOS><EOS><EOS><EOS><EOS><EOS><EOS><EOS><EOS><EOS><EOS><EOS><EOS><EOS><EOS><EOS><EOS><EOS><EOS><EOS>  Validation Input: hon har även medverk at i den pris ade tv -serien den sjungande detektiven .  Validation Output: den der der der der der der der der der der der der der der ar der der der ar  Correct: hon har även medverkat i den prisade tv-serien den sjungande detektiven .<EOS><EOS><EOS><EOS><EOS><EOS><EOS><EOS><EOS><EOS><EOS><EOS><EOS><EOS><EOS><EOS><EOS><EOS><EOS><EOS><EOS><EOS><EOS><EOS><EOS><EOS><EOS><EOS><EOS><EOS><EOS><EOS><EOS><EOS><EOS><EOS><EOS><EOS><EOS><EOS><EOS><EOS>  Validation Input: hon har även medverkat i den prisade tv-serien den sjungande detektiven .  Validation Output: der ster sar har sar sar sar sar sar sar sar sar sar ser ber ber ber ber b  Correct: hon har även medverkat i den prisade tv-serien den sjungande detektiven .<EOS><EOS><EOS><EOS><EOS><EOS><EOS><EOS><EOS><EOS><EOS><EOS><EOS><EOS><EOS><EOS><EOS><EOS><EOS><EOS><EOS><EOS><EOS><EOS><EOS><EOS><EOS><EOS><EOS><EOS><EOS><EOS><EOS><EOS><EOS><EOS><EOS><EOS><EOS><EOS><EOS><EOS>  Validation Input: det är itne precis någa besotsellers frör bokanddelwsdiskarna han ublcearr .  Validation Output: der var arar arar arar ar arar ar arar ar arar ar arar ar ar ar ar ar ar ar a  Correct: det är inte precis några bestsellers för bokhandelsdiskarna han publicerar .<EOS><EOS><EOS><EOS><EOS><EOS><EOS><EOS><EOS><EOS><EOS><EOS><EOS><EOS><EOS><EOS><EOS><EOS><EOS><EOS><EOS><EOS><EOS><EOS><EOS><EOS><EOS><EOS><EOS><EOS><EOS><EOS><EOS><EOS><EOS><EOS><EOS><EOS><EOS><EOS><EOS><EOS>  Validation Input: det är inte precis några bestsel lers för bok handelsdiskarna han publicerar .  Validation Output: der sar ker ar kerar kerar ar ar ar ar ar ar ar ar ar ar ar ar ar a ar ar ar ar  Correct: det är inte precis några bestsellers för bokhandelsdiskarna han publicerar .<EOS><EOS><EOS><EOS><EOS><EOS><EOS><EOS><EOS><EOS><EOS><EOS><EOS><EOS><EOS><EOS><EOS><EOS><EOS><EOS><EOS><EOS><EOS><EOS><EOS><EOS><EOS><EOS><EOS><EOS><EOS><EOS><EOS><EOS><EOS><EOS><EOS><EOS><EOS><EOS><EOS><EOS>Epoch: 15 Validation loss: 1.1916102499724284
  Validation Input: där finns väldigt mycket våld eftersom den beskriver den ital ienska maffian .  Validation Output: den den der den den den den den den den den den den den den den den den d .<EOS>  Correct: där finns väldigt mycket våld eftersom den beskriver den italienska maffian .<EOS><EOS><EOS><EOS><EOS><EOS><EOS><EOS><EOS><EOS><EOS><EOS><EOS><EOS><EOS><EOS><EOS><EOS><EOS><EOS><EOS><EOS><EOS><EOS><EOS><EOS><EOS><EOS><EOS><EOS><EOS><EOS><EOS><EOS><EOS><EOS><EOS><EOS><EOS><EOS><EOS><EOS><EOS><EOS><EOS>  Validation Input: där finns väldigt mycket våld eftersom den beskriver den italienska maffian .  Validation Output: den den der den den den den den den den den den den den den den den den . .<EOS>  Correct: där finns väldigt mycket våld eftersom den beskriver den italienska maffian .<EOS><EOS><EOS><EOS><EOS><EOS><EOS><EOS><EOS><EOS><EOS><EOS><EOS><EOS><EOS><EOS><EOS><EOS><EOS><EOS><EOS><EOS><EOS><EOS><EOS><EOS><EOS><EOS><EOS><EOS><EOS><EOS><EOS><EOS><EOS><EOS><EOS><EOS><EOS><EOS><EOS><EOS><EOS><EOS><EOS>  Validation Input: sjukskötekrskan monia bergsrtöm bvulnnerän av de tre o arbetar med mobila teamet.   Validation Output: jan jananananananananananananananananananananananananananananananananananananan .<EOS>  Correct: sjuksköterskan monika bergström bunner är en av de tre som arbetar med mobila teamet .<EOS><EOS><EOS><EOS><EOS><EOS><EOS><EOS><EOS><EOS><EOS><EOS><EOS><EOS><EOS><EOS><EOS><EOS><EOS><EOS><EOS><EOS><EOS><EOS><EOS><EOS><EOS><EOS><EOS><EOS><EOS><EOS><EOS><EOS><EOS><EOS><EOS><EOS><EOS><EOS><EOS><EOS><EOS><EOS><EOS>  Validation Input: sjukskö terskan monika bergström bunner är en av de tre som arbetar med mobil a team et .  Validation Output: jör s s s s s s för för s s s s s s s s s s s s s s s s för s s s s s s s s s s för . .<EOS>  Correct: sjuksköterskan monika bergström bunner är en av de tre som arbetar med mobila teamet .<EOS><EOS><EOS><EOS><EOS><EOS><EOS><EOS><EOS><EOS><EOS><EOS><EOS><EOS><EOS><EOS><EOS><EOS><EOS><EOS><EOS><EOS><EOS><EOS><EOS><EOS><EOS><EOS><EOS><EOS><EOS><EOS><EOS><EOS><EOS><EOS><EOS><EOS><EOS><EOS><EOS><EOS><EOS><EOS><EOS>  Validation Input: sjuksköterskan monika bergström bunner är ett av de tre som arbetar med mobila teamet .  Validation Output: sön s s s s s s s s s s s s s s s s s s s s s s s s s s s s s s s s s s s s s s s s .<EOS>  Correct: sjuksköterskan monika bergström bunner är en av de tre som arbetar med mobila teamet .<EOS><EOS><EOS><EOS><EOS><EOS><EOS><EOS><EOS><EOS><EOS><EOS><EOS><EOS><EOS><EOS><EOS><EOS><EOS><EOS><EOS><EOS><EOS><EOS><EOS><EOS><EOS><EOS><EOS><EOS><EOS><EOS><EOS><EOS><EOS><EOS><EOS><EOS><EOS><EOS><EOS><EOS><EOS><EOS><EOS>  Validation Input: hon har ävenmeddverkat i den prisade tdv-serien detn sjungande detetkiven .  Validation Output: den den sen sen s s s s s s s s s s s s s s s s s s s s s s s s s s s s .<EOS>  Correct: hon har även medverkat i den prisade tv-serien den sjungande detektiven .<EOS><EOS><EOS><EOS><EOS><EOS><EOS><EOS><EOS><EOS><EOS><EOS><EOS><EOS><EOS><EOS><EOS><EOS><EOS><EOS><EOS><EOS><EOS><EOS><EOS><EOS><EOS><EOS><EOS><EOS><EOS><EOS><EOS><EOS><EOS><EOS><EOS><EOS><EOS><EOS><EOS><EOS><EOS><EOS><EOS>  Validation Input: hon har även medverk at i den pris ade tv -serien den sjungande detektiven .  Validation Output: han den den den den den den den den den den den den den den den den den . .<EOS>  Correct: hon har även medverkat i den prisade tv-serien den sjungande detektiven .<EOS><EOS><EOS><EOS><EOS><EOS><EOS><EOS><EOS><EOS><EOS><EOS><EOS><EOS><EOS><EOS><EOS><EOS><EOS><EOS><EOS><EOS><EOS><EOS><EOS><EOS><EOS><EOS><EOS><EOS><EOS><EOS><EOS><EOS><EOS><EOS><EOS><EOS><EOS><EOS><EOS><EOS><EOS><EOS><EOS>  Validation Input: hon har även medverkat i den prisade tv-serien den sjungande detektiven .  Validation Output: den den sen sen sen sen sen sen sen sen sen sen sen sen sen sen sen s .<EOS>  Correct: hon har även medverkat i den prisade tv-serien den sjungande detektiven .<EOS><EOS><EOS><EOS><EOS><EOS><EOS><EOS><EOS><EOS><EOS><EOS><EOS><EOS><EOS><EOS><EOS><EOS><EOS><EOS><EOS><EOS><EOS><EOS><EOS><EOS><EOS><EOS><EOS><EOS><EOS><EOS><EOS><EOS><EOS><EOS><EOS><EOS><EOS><EOS><EOS><EOS><EOS><EOS><EOS>  Validation Input: det är itne precis någa besotsellers frör bokanddelwsdiskarna han ublcearr .  Validation Output: den den den den den den den den den den den den den den den den den den .<EOS>  Correct: det är inte precis några bestsellers för bokhandelsdiskarna han publicerar .<EOS><EOS><EOS><EOS><EOS><EOS><EOS><EOS><EOS><EOS><EOS><EOS><EOS><EOS><EOS><EOS><EOS><EOS><EOS><EOS><EOS><EOS><EOS><EOS><EOS><EOS><EOS><EOS><EOS><EOS><EOS><EOS><EOS><EOS><EOS><EOS><EOS><EOS><EOS><EOS><EOS><EOS><EOS><EOS><EOS>  Validation Input: det är inte precis några bestsel lers för bok handelsdiskarna han publicerar .  Validation Output: den den den den den den den den den den den den den den den den den den den .<EOS>  Correct: det är inte precis några bestsellers för bokhandelsdiskarna han publicerar .<EOS><EOS><EOS><EOS><EOS><EOS><EOS><EOS><EOS><EOS><EOS><EOS><EOS><EOS><EOS><EOS><EOS><EOS><EOS><EOS><EOS><EOS><EOS><EOS><EOS><EOS><EOS><EOS><EOS><EOS><EOS><EOS><EOS><EOS><EOS><EOS><EOS><EOS><EOS><EOS><EOS><EOS><EOS><EOS><EOS>Epoch: 16 Validation loss: 1.2956750870175209
  Validation Input: där finns väldigt mycket våld eftersom den beskriver den ital ienska maffian .  Validation Output: den sen sen sen sen sen sen sen sen sen sen sen sen sen sen sen sen sen .<EOS>  Correct: där finns väldigt mycket våld eftersom den beskriver den italienska maffian .<EOS><EOS><EOS><EOS><EOS><EOS><EOS><EOS><EOS><EOS><EOS><EOS><EOS><EOS><EOS><EOS><EOS><EOS><EOS><EOS><EOS><EOS><EOS><EOS><EOS><EOS><EOS><EOS><EOS><EOS><EOS><EOS><EOS><EOS><EOS><EOS><EOS><EOS><EOS><EOS><EOS><EOS><EOS><EOS><EOS><EOS><EOS><EOS>  Validation Input: där finns väldigt mycket våld eftersom den beskriver den italienska maffian .  Validation Output: den sen sen sen sen sen sen sen sen sen sen sen sen sen sen sen sen sen .<EOS>  Correct: där finns väldigt mycket våld eftersom den beskriver den italienska maffian .<EOS><EOS><EOS><EOS><EOS><EOS><EOS><EOS><EOS><EOS><EOS><EOS><EOS><EOS><EOS><EOS><EOS><EOS><EOS><EOS><EOS><EOS><EOS><EOS><EOS><EOS><EOS><EOS><EOS><EOS><EOS><EOS><EOS><EOS><EOS><EOS><EOS><EOS><EOS><EOS><EOS><EOS><EOS><EOS><EOS><EOS><EOS><EOS>  Validation Input: sjukskötekrskan monia bergsrtöm bvulnnerän av de tre o arbetar med mobila teamet.   Validation Output: jön jan bör bör bör bör bör bör bör bör bör bör bör bar bar bar bar bar bar ben .<EOS>  Correct: sjuksköterskan monika bergström bunner är en av de tre som arbetar med mobila teamet .<EOS><EOS><EOS><EOS><EOS><EOS><EOS><EOS><EOS><EOS><EOS><EOS><EOS><EOS><EOS><EOS><EOS><EOS><EOS><EOS><EOS><EOS><EOS><EOS><EOS><EOS><EOS><EOS><EOS><EOS><EOS><EOS><EOS><EOS><EOS><EOS><EOS><EOS><EOS><EOS><EOS><EOS><EOS><EOS><EOS><EOS><EOS><EOS>  Validation Input: sjukskö terskan monika bergström bunner är en av de tre som arbetar med mobil a team et .  Validation Output: jan jar bör bör bör bör bör bör bör bör bör bör bör bör bör bör bör bör bör bör bör . .<EOS>  Correct: sjuksköterskan monika bergström bunner är en av de tre som arbetar med mobila teamet .<EOS><EOS><EOS><EOS><EOS><EOS><EOS><EOS><EOS><EOS><EOS><EOS><EOS><EOS><EOS><EOS><EOS><EOS><EOS><EOS><EOS><EOS><EOS><EOS><EOS><EOS><EOS><EOS><EOS><EOS><EOS><EOS><EOS><EOS><EOS><EOS><EOS><EOS><EOS><EOS><EOS><EOS><EOS><EOS><EOS><EOS><EOS><EOS>  Validation Input: sjuksköterskan monika bergström bunner är ett av de tre som arbetar med mobila teamet .  Validation Output: jan jan bön bön bön bön bön bön bör bör bör bör bör bör bör bör bör bör bör bör bör .<EOS>  Correct: sjuksköterskan monika bergström bunner är en av de tre som arbetar med mobila teamet .<EOS><EOS><EOS><EOS><EOS><EOS><EOS><EOS><EOS><EOS><EOS><EOS><EOS><EOS><EOS><EOS><EOS><EOS><EOS><EOS><EOS><EOS><EOS><EOS><EOS><EOS><EOS><EOS><EOS><EOS><EOS><EOS><EOS><EOS><EOS><EOS><EOS><EOS><EOS><EOS><EOS><EOS><EOS><EOS><EOS><EOS><EOS><EOS>  Validation Input: hon har ävenmeddverkat i den prisade tdv-serien detn sjungande detetkiven .  Validation Output: han sen sen sen sen sen sen sen sen sen sen sen sen sen sen sen sen sen .<EOS>  Correct: hon har även medverkat i den prisade tv-serien den sjungande detektiven .<EOS><EOS><EOS><EOS><EOS><EOS><EOS><EOS><EOS><EOS><EOS><EOS><EOS><EOS><EOS><EOS><EOS><EOS><EOS><EOS><EOS><EOS><EOS><EOS><EOS><EOS><EOS><EOS><EOS><EOS><EOS><EOS><EOS><EOS><EOS><EOS><EOS><EOS><EOS><EOS><EOS><EOS><EOS><EOS><EOS><EOS><EOS><EOS>  Validation Input: hon har även medverk at i den pris ade tv -serien den sjungande detektiven .  Validation Output: han den sen den den den den den den den den den sen sen sen sen sen sen .<EOS>  Correct: hon har även medverkat i den prisade tv-serien den sjungande detektiven .<EOS><EOS><EOS><EOS><EOS><EOS><EOS><EOS><EOS><EOS><EOS><EOS><EOS><EOS><EOS><EOS><EOS><EOS><EOS><EOS><EOS><EOS><EOS><EOS><EOS><EOS><EOS><EOS><EOS><EOS><EOS><EOS><EOS><EOS><EOS><EOS><EOS><EOS><EOS><EOS><EOS><EOS><EOS><EOS><EOS><EOS><EOS><EOS>  Validation Input: hon har även medverkat i den prisade tv-serien den sjungande detektiven .  Validation Output: hen sen sen sen sen sen sen sen sen sen sen sen sen sen sen sen sen .<EOS>  Correct: hon har även medverkat i den prisade tv-serien den sjungande detektiven .<EOS><EOS><EOS><EOS><EOS><EOS><EOS><EOS><EOS><EOS><EOS><EOS><EOS><EOS><EOS><EOS><EOS><EOS><EOS><EOS><EOS><EOS><EOS><EOS><EOS><EOS><EOS><EOS><EOS><EOS><EOS><EOS><EOS><EOS><EOS><EOS><EOS><EOS><EOS><EOS><EOS><EOS><EOS><EOS><EOS><EOS><EOS><EOS>  Validation Input: det är itne precis någa besotsellers frör bokanddelwsdiskarna han ublcearr .  Validation Output: de de de den ben ben ben ben ben ben ben ben ben ben ben ben ben ben ben .<EOS>  Correct: det är inte precis några bestsellers för bokhandelsdiskarna han publicerar .<EOS><EOS><EOS><EOS><EOS><EOS><EOS><EOS><EOS><EOS><EOS><EOS><EOS><EOS><EOS><EOS><EOS><EOS><EOS><EOS><EOS><EOS><EOS><EOS><EOS><EOS><EOS><EOS><EOS><EOS><EOS><EOS><EOS><EOS><EOS><EOS><EOS><EOS><EOS><EOS><EOS><EOS><EOS><EOS><EOS><EOS><EOS><EOS>  Validation Input: det är inte precis några bestsel lers för bok handelsdiskarna han publicerar .  Validation Output: de de ben ben ben ben ben ben ben ben ben ben ben ben ben ben ben ben ben .<EOS>  Correct: det är inte precis några bestsellers för bokhandelsdiskarna han publicerar .<EOS><EOS><EOS><EOS><EOS><EOS><EOS><EOS><EOS><EOS><EOS><EOS><EOS><EOS><EOS><EOS><EOS><EOS><EOS><EOS><EOS><EOS><EOS><EOS><EOS><EOS><EOS><EOS><EOS><EOS><EOS><EOS><EOS><EOS><EOS><EOS><EOS><EOS><EOS><EOS><EOS><EOS><EOS><EOS><EOS><EOS><EOS><EOS>Epoch: 17 Validation loss: 0.6568365362544643
  Validation Input: där finns väldigt mycket våld eftersom den beskriver den ital ienska maffian .  Validation Output: där finnns väldär finns väldigt mycket våldigt mycket vålden ben benska maffian  Correct: där finns väldigt mycket våld eftersom den beskriver den italienska maffian .<EOS><EOS><EOS><EOS><EOS><EOS><EOS><EOS><EOS><EOS><EOS><EOS><EOS><EOS><EOS><EOS><EOS><EOS><EOS><EOS><EOS><EOS><EOS><EOS><EOS><EOS><EOS><EOS><EOS><EOS><EOS><EOS><EOS><EOS><EOS><EOS><EOS><EOS><EOS><EOS><EOS><EOS><EOS><EOS><EOS><EOS><EOS><EOS><EOS><EOS><EOS>  Validation Input: där finns väldigt mycket våld eftersom den beskriver den italienska maffian .  Validation Output: där finnns väldär finns väldigt mycket våldigt mycket vålden ben ben italian .  Correct: där finns väldigt mycket våld eftersom den beskriver den italienska maffian .<EOS><EOS><EOS><EOS><EOS><EOS><EOS><EOS><EOS><EOS><EOS><EOS><EOS><EOS><EOS><EOS><EOS><EOS><EOS><EOS><EOS><EOS><EOS><EOS><EOS><EOS><EOS><EOS><EOS><EOS><EOS><EOS><EOS><EOS><EOS><EOS><EOS><EOS><EOS><EOS><EOS><EOS><EOS><EOS><EOS><EOS><EOS><EOS><EOS><EOS><EOS>  Validation Input: sjukskötekrskan monia bergsrtöm bvulnnerän av de tre o arbetar med mobila teamet.   Validation Output: sjukskötekran monikskötekran monia bergskan monia bergstöm bvulnerän arbetar mobil<EOS>  Correct: sjuksköterskan monika bergström bunner är en av de tre som arbetar med mobila teamet .<EOS><EOS><EOS><EOS><EOS><EOS><EOS><EOS><EOS><EOS><EOS><EOS><EOS><EOS><EOS><EOS><EOS><EOS><EOS><EOS><EOS><EOS><EOS><EOS><EOS><EOS><EOS><EOS><EOS><EOS><EOS><EOS><EOS><EOS><EOS><EOS><EOS><EOS><EOS><EOS><EOS><EOS><EOS><EOS><EOS><EOS><EOS><EOS><EOS><EOS><EOS>  Validation Input: sjukskö terskan monika bergström bunner är en av de tre som arbetar med mobil a team et .  Validation Output: sjuksköksköksköksköksköksköksköskösköskösköskösköskörskan bergsan monika bunner mobil .<EOS>  Correct: sjuksköterskan monika bergström bunner är en av de tre som arbetar med mobila teamet .<EOS><EOS><EOS><EOS><EOS><EOS><EOS><EOS><EOS><EOS><EOS><EOS><EOS><EOS><EOS><EOS><EOS><EOS><EOS><EOS><EOS><EOS><EOS><EOS><EOS><EOS><EOS><EOS><EOS><EOS><EOS><EOS><EOS><EOS><EOS><EOS><EOS><EOS><EOS><EOS><EOS><EOS><EOS><EOS><EOS><EOS><EOS><EOS><EOS><EOS><EOS>  Validation Input: sjuksköterskan monika bergström bunner är ett av de tre som arbetar med mobila teamet .  Validation Output: sjuksköterskan moksköterskan monika bergskan monika bunner är ett av bunner som mobila .  Correct: sjuksköterskan monika bergström bunner är en av de tre som arbetar med mobila teamet .<EOS><EOS><EOS><EOS><EOS><EOS><EOS><EOS><EOS><EOS><EOS><EOS><EOS><EOS><EOS><EOS><EOS><EOS><EOS><EOS><EOS><EOS><EOS><EOS><EOS><EOS><EOS><EOS><EOS><EOS><EOS><EOS><EOS><EOS><EOS><EOS><EOS><EOS><EOS><EOS><EOS><EOS><EOS><EOS><EOS><EOS><EOS><EOS><EOS><EOS><EOS>  Validation Input: hon har ävenmeddverkat i den prisade tdv-serien detn sjungande detetkiven .  Validation Output: hon har äv har ävenmeddveddvedvedveddvedveddven prisadet i den prien detetki  Correct: hon har även medverkat i den prisade tv-serien den sjungande detektiven .<EOS><EOS><EOS><EOS><EOS><EOS><EOS><EOS><EOS><EOS><EOS><EOS><EOS><EOS><EOS><EOS><EOS><EOS><EOS><EOS><EOS><EOS><EOS><EOS><EOS><EOS><EOS><EOS><EOS><EOS><EOS><EOS><EOS><EOS><EOS><EOS><EOS><EOS><EOS><EOS><EOS><EOS><EOS><EOS><EOS><EOS><EOS><EOS><EOS><EOS><EOS>  Validation Input: hon har även medverk at i den pris ade tv -serien den sjungande detektiven .  Validation Output: hon har även hon har även medverkat även medverkat i den pris ade den detekti  Correct: hon har även medverkat i den prisade tv-serien den sjungande detektiven .<EOS><EOS><EOS><EOS><EOS><EOS><EOS><EOS><EOS><EOS><EOS><EOS><EOS><EOS><EOS><EOS><EOS><EOS><EOS><EOS><EOS><EOS><EOS><EOS><EOS><EOS><EOS><EOS><EOS><EOS><EOS><EOS><EOS><EOS><EOS><EOS><EOS><EOS><EOS><EOS><EOS><EOS><EOS><EOS><EOS><EOS><EOS><EOS><EOS><EOS><EOS>  Validation Input: hon har även medverkat i den prisade tv-serien den sjungande detektiven .  Validation Output: hon har även hon har även medverkat ävedverkat i den prisade tv-sen detekt  Correct: hon har även medverkat i den prisade tv-serien den sjungande detektiven .<EOS><EOS><EOS><EOS><EOS><EOS><EOS><EOS><EOS><EOS><EOS><EOS><EOS><EOS><EOS><EOS><EOS><EOS><EOS><EOS><EOS><EOS><EOS><EOS><EOS><EOS><EOS><EOS><EOS><EOS><EOS><EOS><EOS><EOS><EOS><EOS><EOS><EOS><EOS><EOS><EOS><EOS><EOS><EOS><EOS><EOS><EOS><EOS><EOS><EOS><EOS>  Validation Input: det är itne precis någa besotsellers frör bokanddelwsdiskarna han ublcearr .  Validation Output: det är itne är itne är itne precis precis någa besotsellers för bokan ubler .  Correct: det är inte precis några bestsellers för bokhandelsdiskarna han publicerar .<EOS><EOS><EOS><EOS><EOS><EOS><EOS><EOS><EOS><EOS><EOS><EOS><EOS><EOS><EOS><EOS><EOS><EOS><EOS><EOS><EOS><EOS><EOS><EOS><EOS><EOS><EOS><EOS><EOS><EOS><EOS><EOS><EOS><EOS><EOS><EOS><EOS><EOS><EOS><EOS><EOS><EOS><EOS><EOS><EOS><EOS><EOS><EOS><EOS><EOS><EOS>  Validation Input: det är inte precis några bestsel lers för bok handelsdiskarna han publicerar .  Validation Output: det är inte är inte är inte precis någrecis några bestell lers för bokan .<EOS>  Correct: det är inte precis några bestsellers för bokhandelsdiskarna han publicerar .<EOS><EOS><EOS><EOS><EOS><EOS><EOS><EOS><EOS><EOS><EOS><EOS><EOS><EOS><EOS><EOS><EOS><EOS><EOS><EOS><EOS><EOS><EOS><EOS><EOS><EOS><EOS><EOS><EOS><EOS><EOS><EOS><EOS><EOS><EOS><EOS><EOS><EOS><EOS><EOS><EOS><EOS><EOS><EOS><EOS><EOS><EOS><EOS><EOS><EOS><EOS>Epoch: 18 Validation loss: 1.026121729280035
  Validation Input: där finns väldigt mycket våld eftersom den beskriver den ital ienska maffian .  Validation Output: den den den den den dan den den den den den fan fan fan fan fan fan fan<EOS>  Correct: där finns väldigt mycket våld eftersom den beskriver den italienska maffian .<EOS><EOS><EOS><EOS><EOS><EOS><EOS><EOS><EOS><EOS><EOS><EOS><EOS><EOS><EOS><EOS><EOS><EOS><EOS><EOS><EOS><EOS><EOS><EOS><EOS><EOS><EOS><EOS><EOS><EOS><EOS><EOS><EOS><EOS><EOS><EOS><EOS><EOS><EOS><EOS><EOS><EOS><EOS><EOS><EOS><EOS><EOS><EOS><EOS><EOS><EOS><EOS><EOS><EOS>  Validation Input: där finns väldigt mycket våld eftersom den beskriver den italienska maffian .  Validation Output: den den den den den den dan den den den den fan fan fan fan fan fan fan<EOS>  Correct: där finns väldigt mycket våld eftersom den beskriver den italienska maffian .<EOS><EOS><EOS><EOS><EOS><EOS><EOS><EOS><EOS><EOS><EOS><EOS><EOS><EOS><EOS><EOS><EOS><EOS><EOS><EOS><EOS><EOS><EOS><EOS><EOS><EOS><EOS><EOS><EOS><EOS><EOS><EOS><EOS><EOS><EOS><EOS><EOS><EOS><EOS><EOS><EOS><EOS><EOS><EOS><EOS><EOS><EOS><EOS><EOS><EOS><EOS><EOS><EOS><EOS>  Validation Input: sjukskötekrskan monia bergsrtöm bvulnnerän av de tre o arbetar med mobila teamet.   Validation Output: sen de ba ba ba ba ba ba ba ba ba ba ba ba ba ba ba ba ba ba ba ba ba ba ba ba .<EOS>  Correct: sjuksköterskan monika bergström bunner är en av de tre som arbetar med mobila teamet .<EOS><EOS><EOS><EOS><EOS><EOS><EOS><EOS><EOS><EOS><EOS><EOS><EOS><EOS><EOS><EOS><EOS><EOS><EOS><EOS><EOS><EOS><EOS><EOS><EOS><EOS><EOS><EOS><EOS><EOS><EOS><EOS><EOS><EOS><EOS><EOS><EOS><EOS><EOS><EOS><EOS><EOS><EOS><EOS><EOS><EOS><EOS><EOS><EOS><EOS><EOS><EOS><EOS><EOS>  Validation Input: sjukskö terskan monika bergström bunner är en av de tre som arbetar med mobil a team et .  Validation Output: se in i in i i il i il i il i il i il i il i i il i il il il il il il il il il il .<EOS>  Correct: sjuksköterskan monika bergström bunner är en av de tre som arbetar med mobila teamet .<EOS><EOS><EOS><EOS><EOS><EOS><EOS><EOS><EOS><EOS><EOS><EOS><EOS><EOS><EOS><EOS><EOS><EOS><EOS><EOS><EOS><EOS><EOS><EOS><EOS><EOS><EOS><EOS><EOS><EOS><EOS><EOS><EOS><EOS><EOS><EOS><EOS><EOS><EOS><EOS><EOS><EOS><EOS><EOS><EOS><EOS><EOS><EOS><EOS><EOS><EOS><EOS><EOS><EOS>  Validation Input: sjuksköterskan monika bergström bunner är ett av de tre som arbetar med mobila teamet .  Validation Output: ken i ilar in ilar ba ba ba ba ba ba ba ba ba ba ba ba ba ba ba ba ba ba ba ba ba b<EOS>  Correct: sjuksköterskan monika bergström bunner är en av de tre som arbetar med mobila teamet .<EOS><EOS><EOS><EOS><EOS><EOS><EOS><EOS><EOS><EOS><EOS><EOS><EOS><EOS><EOS><EOS><EOS><EOS><EOS><EOS><EOS><EOS><EOS><EOS><EOS><EOS><EOS><EOS><EOS><EOS><EOS><EOS><EOS><EOS><EOS><EOS><EOS><EOS><EOS><EOS><EOS><EOS><EOS><EOS><EOS><EOS><EOS><EOS><EOS><EOS><EOS><EOS><EOS><EOS>  Validation Input: hon har ävenmeddverkat i den prisade tdv-serien detn sjungande detetkiven .  Validation Output: hh un un un un un un un un un un un un un un un un un un un un un un .<EOS>  Correct: hon har även medverkat i den prisade tv-serien den sjungande detektiven .<EOS><EOS><EOS><EOS><EOS><EOS><EOS><EOS><EOS><EOS><EOS><EOS><EOS><EOS><EOS><EOS><EOS><EOS><EOS><EOS><EOS><EOS><EOS><EOS><EOS><EOS><EOS><EOS><EOS><EOS><EOS><EOS><EOS><EOS><EOS><EOS><EOS><EOS><EOS><EOS><EOS><EOS><EOS><EOS><EOS><EOS><EOS><EOS><EOS><EOS><EOS><EOS><EOS><EOS>  Validation Input: hon har även medverk at i den pris ade tv -serien den sjungande detektiven .  Validation Output: hh un un un un un un un un un un un un un un un un un un un un un un .<EOS>  Correct: hon har även medverkat i den prisade tv-serien den sjungande detektiven .<EOS><EOS><EOS><EOS><EOS><EOS><EOS><EOS><EOS><EOS><EOS><EOS><EOS><EOS><EOS><EOS><EOS><EOS><EOS><EOS><EOS><EOS><EOS><EOS><EOS><EOS><EOS><EOS><EOS><EOS><EOS><EOS><EOS><EOS><EOS><EOS><EOS><EOS><EOS><EOS><EOS><EOS><EOS><EOS><EOS><EOS><EOS><EOS><EOS><EOS><EOS><EOS><EOS><EOS>  Validation Input: hon har även medverkat i den prisade tv-serien den sjungande detektiven .  Validation Output: hh un un un un un un un un un un un un un un un un un un un un un un .<EOS>  Correct: hon har även medverkat i den prisade tv-serien den sjungande detektiven .<EOS><EOS><EOS><EOS><EOS><EOS><EOS><EOS><EOS><EOS><EOS><EOS><EOS><EOS><EOS><EOS><EOS><EOS><EOS><EOS><EOS><EOS><EOS><EOS><EOS><EOS><EOS><EOS><EOS><EOS><EOS><EOS><EOS><EOS><EOS><EOS><EOS><EOS><EOS><EOS><EOS><EOS><EOS><EOS><EOS><EOS><EOS><EOS><EOS><EOS><EOS><EOS><EOS><EOS>  Validation Input: det är itne precis någa besotsellers frör bokanddelwsdiskarna han ublcearr .  Validation Output: de de de be de de de be ban den de den den ban ban ban ban ban ban ban<EOS>  Correct: det är inte precis några bestsellers för bokhandelsdiskarna han publicerar .<EOS><EOS><EOS><EOS><EOS><EOS><EOS><EOS><EOS><EOS><EOS><EOS><EOS><EOS><EOS><EOS><EOS><EOS><EOS><EOS><EOS><EOS><EOS><EOS><EOS><EOS><EOS><EOS><EOS><EOS><EOS><EOS><EOS><EOS><EOS><EOS><EOS><EOS><EOS><EOS><EOS><EOS><EOS><EOS><EOS><EOS><EOS><EOS><EOS><EOS><EOS><EOS><EOS><EOS>  Validation Input: det är inte precis några bestsel lers för bok handelsdiskarna han publicerar .  Validation Output: den ben be be be ben be ben ben be ben ben be ben ban ban ban ban ban ba .<EOS>  Correct: det är inte precis några bestsellers för bokhandelsdiskarna han publicerar .<EOS><EOS><EOS><EOS><EOS><EOS><EOS><EOS><EOS><EOS><EOS><EOS><EOS><EOS><EOS><EOS><EOS><EOS><EOS><EOS><EOS><EOS><EOS><EOS><EOS><EOS><EOS><EOS><EOS><EOS><EOS><EOS><EOS><EOS><EOS><EOS><EOS><EOS><EOS><EOS><EOS><EOS><EOS><EOS><EOS><EOS><EOS><EOS><EOS><EOS><EOS><EOS><EOS><EOS>Epoch: 19 Validation loss: 1.0186606580535147
  Validation Input: där finns väldigt mycket våld eftersom den beskriver den ital ienska maffian .  Validation Output: den an an an han han han han han han han han han han han han han han han .<EOS>  Correct: där finns väldigt mycket våld eftersom den beskriver den italienska maffian .<EOS><EOS><EOS><EOS><EOS><EOS><EOS><EOS><EOS><EOS><EOS><EOS><EOS><EOS><EOS><EOS><EOS><EOS><EOS><EOS><EOS><EOS><EOS><EOS><EOS><EOS><EOS><EOS><EOS><EOS><EOS><EOS><EOS><EOS><EOS><EOS><EOS><EOS><EOS><EOS><EOS><EOS><EOS><EOS><EOS><EOS><EOS><EOS><EOS><EOS><EOS><EOS><EOS><EOS><EOS><EOS><EOS>  Validation Input: där finns väldigt mycket våld eftersom den beskriver den italienska maffian .  Validation Output: den an an an han han han han han han han han han han han han han han han .<EOS>  Correct: där finns väldigt mycket våld eftersom den beskriver den italienska maffian .<EOS><EOS><EOS><EOS><EOS><EOS><EOS><EOS><EOS><EOS><EOS><EOS><EOS><EOS><EOS><EOS><EOS><EOS><EOS><EOS><EOS><EOS><EOS><EOS><EOS><EOS><EOS><EOS><EOS><EOS><EOS><EOS><EOS><EOS><EOS><EOS><EOS><EOS><EOS><EOS><EOS><EOS><EOS><EOS><EOS><EOS><EOS><EOS><EOS><EOS><EOS><EOS><EOS><EOS><EOS><EOS><EOS>  Validation Input: sjukskötekrskan monia bergsrtöm bvulnnerän av de tre o arbetar med mobila teamet.   Validation Output: en ben ben ben ben ben an sen ben an sen sen hen hen hen hen hen hen hen an .<EOS>  Correct: sjuksköterskan monika bergström bunner är en av de tre som arbetar med mobila teamet .<EOS><EOS><EOS><EOS><EOS><EOS><EOS><EOS><EOS><EOS><EOS><EOS><EOS><EOS><EOS><EOS><EOS><EOS><EOS><EOS><EOS><EOS><EOS><EOS><EOS><EOS><EOS><EOS><EOS><EOS><EOS><EOS><EOS><EOS><EOS><EOS><EOS><EOS><EOS><EOS><EOS><EOS><EOS><EOS><EOS><EOS><EOS><EOS><EOS><EOS><EOS><EOS><EOS><EOS><EOS><EOS><EOS>  Validation Input: sjukskö terskan monika bergström bunner är en av de tre som arbetar med mobil a team et .  Validation Output: sen har har har har har har har har har har har har har har har har har har har har .<EOS>  Correct: sjuksköterskan monika bergström bunner är en av de tre som arbetar med mobila teamet .<EOS><EOS><EOS><EOS><EOS><EOS><EOS><EOS><EOS><EOS><EOS><EOS><EOS><EOS><EOS><EOS><EOS><EOS><EOS><EOS><EOS><EOS><EOS><EOS><EOS><EOS><EOS><EOS><EOS><EOS><EOS><EOS><EOS><EOS><EOS><EOS><EOS><EOS><EOS><EOS><EOS><EOS><EOS><EOS><EOS><EOS><EOS><EOS><EOS><EOS><EOS><EOS><EOS><EOS><EOS><EOS><EOS>  Validation Input: sjuksköterskan monika bergström bunner är ett av de tre som arbetar med mobila teamet .  Validation Output: sen an an an an an an an an an an an an an an an an an an an an an an an an an an .<EOS>  Correct: sjuksköterskan monika bergström bunner är en av de tre som arbetar med mobila teamet .<EOS><EOS><EOS><EOS><EOS><EOS><EOS><EOS><EOS><EOS><EOS><EOS><EOS><EOS><EOS><EOS><EOS><EOS><EOS><EOS><EOS><EOS><EOS><EOS><EOS><EOS><EOS><EOS><EOS><EOS><EOS><EOS><EOS><EOS><EOS><EOS><EOS><EOS><EOS><EOS><EOS><EOS><EOS><EOS><EOS><EOS><EOS><EOS><EOS><EOS><EOS><EOS><EOS><EOS><EOS><EOS><EOS>  Validation Input: hon har ävenmeddverkat i den prisade tdv-serien detn sjungande detetkiven .  Validation Output: hen hen hen hen hen hen hen hen hen hen hen hen hen hen hen hen hen . .<EOS>  Correct: hon har även medverkat i den prisade tv-serien den sjungande detektiven .<EOS><EOS><EOS><EOS><EOS><EOS><EOS><EOS><EOS><EOS><EOS><EOS><EOS><EOS><EOS><EOS><EOS><EOS><EOS><EOS><EOS><EOS><EOS><EOS><EOS><EOS><EOS><EOS><EOS><EOS><EOS><EOS><EOS><EOS><EOS><EOS><EOS><EOS><EOS><EOS><EOS><EOS><EOS><EOS><EOS><EOS><EOS><EOS><EOS><EOS><EOS><EOS><EOS><EOS><EOS><EOS><EOS>  Validation Input: hon har även medverk at i den pris ade tv -serien den sjungande detektiven .  Validation Output: hen hen hen hen hen hen hen hen hen hen hen hen hen hen hen hen hen hen .<EOS>  Correct: hon har även medverkat i den prisade tv-serien den sjungande detektiven .<EOS><EOS><EOS><EOS><EOS><EOS><EOS><EOS><EOS><EOS><EOS><EOS><EOS><EOS><EOS><EOS><EOS><EOS><EOS><EOS><EOS><EOS><EOS><EOS><EOS><EOS><EOS><EOS><EOS><EOS><EOS><EOS><EOS><EOS><EOS><EOS><EOS><EOS><EOS><EOS><EOS><EOS><EOS><EOS><EOS><EOS><EOS><EOS><EOS><EOS><EOS><EOS><EOS><EOS><EOS><EOS><EOS>  Validation Input: hon har även medverkat i den prisade tv-serien den sjungande detektiven .  Validation Output: hen hen hen hen hen hen hen hen hen hen hen hen hen hen hen hen hen .<EOS>  Correct: hon har även medverkat i den prisade tv-serien den sjungande detektiven .<EOS><EOS><EOS><EOS><EOS><EOS><EOS><EOS><EOS><EOS><EOS><EOS><EOS><EOS><EOS><EOS><EOS><EOS><EOS><EOS><EOS><EOS><EOS><EOS><EOS><EOS><EOS><EOS><EOS><EOS><EOS><EOS><EOS><EOS><EOS><EOS><EOS><EOS><EOS><EOS><EOS><EOS><EOS><EOS><EOS><EOS><EOS><EOS><EOS><EOS><EOS><EOS><EOS><EOS><EOS><EOS><EOS>  Validation Input: det är itne precis någa besotsellers frör bokanddelwsdiskarna han ublcearr .  Validation Output: den bar bar bar bar har harar har har har ar ar ar ar ar ar ararararar .<EOS>  Correct: det är inte precis några bestsellers för bokhandelsdiskarna han publicerar .<EOS><EOS><EOS><EOS><EOS><EOS><EOS><EOS><EOS><EOS><EOS><EOS><EOS><EOS><EOS><EOS><EOS><EOS><EOS><EOS><EOS><EOS><EOS><EOS><EOS><EOS><EOS><EOS><EOS><EOS><EOS><EOS><EOS><EOS><EOS><EOS><EOS><EOS><EOS><EOS><EOS><EOS><EOS><EOS><EOS><EOS><EOS><EOS><EOS><EOS><EOS><EOS><EOS><EOS><EOS><EOS><EOS>  Validation Input: det är inte precis några bestsel lers för bok handelsdiskarna han publicerar .  Validation Output: der ber ar ar ar har har har har har har har har har har har ar ar ar ar .<EOS>  Correct: det är inte precis några bestsellers för bokhandelsdiskarna han publicerar .<EOS><EOS><EOS><EOS><EOS><EOS><EOS><EOS><EOS><EOS><EOS><EOS><EOS><EOS><EOS><EOS><EOS><EOS><EOS><EOS><EOS><EOS><EOS><EOS><EOS><EOS><EOS><EOS><EOS><EOS><EOS><EOS><EOS><EOS><EOS><EOS><EOS><EOS><EOS><EOS><EOS><EOS><EOS><EOS><EOS><EOS><EOS><EOS><EOS><EOS><EOS><EOS><EOS><EOS><EOS><EOS><EOS>Epoch: 20 Validation loss: 0.9893721858236147
  Validation Input: där finns väldigt mycket våld eftersom den beskriver den ital ienska maffian .  Validation Output: dan fa ir fa fa fa fa fa fa fa fa fa fa fa fa fa fa fa fa fa fa fa fa fa .<EOS>  Correct: där finns väldigt mycket våld eftersom den beskriver den italienska maffian .<EOS><EOS><EOS><EOS><EOS><EOS><EOS><EOS><EOS><EOS><EOS><EOS><EOS><EOS><EOS><EOS><EOS><EOS><EOS><EOS><EOS><EOS><EOS><EOS><EOS><EOS><EOS><EOS><EOS><EOS><EOS><EOS><EOS><EOS><EOS><EOS><EOS><EOS><EOS><EOS><EOS><EOS><EOS><EOS><EOS><EOS><EOS><EOS><EOS><EOS><EOS><EOS><EOS><EOS><EOS><EOS><EOS><EOS><EOS><EOS>  Validation Input: där finns väldigt mycket våld eftersom den beskriver den italienska maffian .  Validation Output: dan fa ir fa fa fa fa fa fa fa fa fa fa fa fa fa fa fa fa fa fa fa fa fa .<EOS>  Correct: där finns väldigt mycket våld eftersom den beskriver den italienska maffian .<EOS><EOS><EOS><EOS><EOS><EOS><EOS><EOS><EOS><EOS><EOS><EOS><EOS><EOS><EOS><EOS><EOS><EOS><EOS><EOS><EOS><EOS><EOS><EOS><EOS><EOS><EOS><EOS><EOS><EOS><EOS><EOS><EOS><EOS><EOS><EOS><EOS><EOS><EOS><EOS><EOS><EOS><EOS><EOS><EOS><EOS><EOS><EOS><EOS><EOS><EOS><EOS><EOS><EOS><EOS><EOS><EOS><EOS><EOS><EOS>  Validation Input: sjukskötekrskan monia bergsrtöm bvulnnerän av de tre o arbetar med mobila teamet.   Validation Output: san anan anananananananananananananananananananananananan an an ar ar ar ar an .<EOS>  Correct: sjuksköterskan monika bergström bunner är en av de tre som arbetar med mobila teamet .<EOS><EOS><EOS><EOS><EOS><EOS><EOS><EOS><EOS><EOS><EOS><EOS><EOS><EOS><EOS><EOS><EOS><EOS><EOS><EOS><EOS><EOS><EOS><EOS><EOS><EOS><EOS><EOS><EOS><EOS><EOS><EOS><EOS><EOS><EOS><EOS><EOS><EOS><EOS><EOS><EOS><EOS><EOS><EOS><EOS><EOS><EOS><EOS><EOS><EOS><EOS><EOS><EOS><EOS><EOS><EOS><EOS><EOS><EOS><EOS>  Validation Input: sjukskö terskan monika bergström bunner är en av de tre som arbetar med mobil a team et .  Validation Output: san ja ar ar ar ar ar ar ar ar ar ar ar ar ar ar ar ar ar ar ar ar ar ar ar ar ar ar .<EOS>  Correct: sjuksköterskan monika bergström bunner är en av de tre som arbetar med mobila teamet .<EOS><EOS><EOS><EOS><EOS><EOS><EOS><EOS><EOS><EOS><EOS><EOS><EOS><EOS><EOS><EOS><EOS><EOS><EOS><EOS><EOS><EOS><EOS><EOS><EOS><EOS><EOS><EOS><EOS><EOS><EOS><EOS><EOS><EOS><EOS><EOS><EOS><EOS><EOS><EOS><EOS><EOS><EOS><EOS><EOS><EOS><EOS><EOS><EOS><EOS><EOS><EOS><EOS><EOS><EOS><EOS><EOS><EOS><EOS><EOS>  Validation Input: sjuksköterskan monika bergström bunner är ett av de tre som arbetar med mobila teamet .  Validation Output: sen jana ar ar ar ar ar ar ar ar ar ar ar ar ar ar ar ar ar ar ar ar ar ar ar ar ar .<EOS>  Correct: sjuksköterskan monika bergström bunner är en av de tre som arbetar med mobila teamet .<EOS><EOS><EOS><EOS><EOS><EOS><EOS><EOS><EOS><EOS><EOS><EOS><EOS><EOS><EOS><EOS><EOS><EOS><EOS><EOS><EOS><EOS><EOS><EOS><EOS><EOS><EOS><EOS><EOS><EOS><EOS><EOS><EOS><EOS><EOS><EOS><EOS><EOS><EOS><EOS><EOS><EOS><EOS><EOS><EOS><EOS><EOS><EOS><EOS><EOS><EOS><EOS><EOS><EOS><EOS><EOS><EOS><EOS><EOS><EOS>  Validation Input: hon har ävenmeddverkat i den prisade tdv-serien detn sjungande detetkiven .  Validation Output: henanananananananananananananananananananananananananananananananananan .<EOS>  Correct: hon har även medverkat i den prisade tv-serien den sjungande detektiven .<EOS><EOS><EOS><EOS><EOS><EOS><EOS><EOS><EOS><EOS><EOS><EOS><EOS><EOS><EOS><EOS><EOS><EOS><EOS><EOS><EOS><EOS><EOS><EOS><EOS><EOS><EOS><EOS><EOS><EOS><EOS><EOS><EOS><EOS><EOS><EOS><EOS><EOS><EOS><EOS><EOS><EOS><EOS><EOS><EOS><EOS><EOS><EOS><EOS><EOS><EOS><EOS><EOS><EOS><EOS><EOS><EOS><EOS><EOS><EOS>  Validation Input: hon har även medverk at i den pris ade tv -serien den sjungande detektiven .  Validation Output: henanananananananananananananananananananananananananananananananananan .<EOS>  Correct: hon har även medverkat i den prisade tv-serien den sjungande detektiven .<EOS><EOS><EOS><EOS><EOS><EOS><EOS><EOS><EOS><EOS><EOS><EOS><EOS><EOS><EOS><EOS><EOS><EOS><EOS><EOS><EOS><EOS><EOS><EOS><EOS><EOS><EOS><EOS><EOS><EOS><EOS><EOS><EOS><EOS><EOS><EOS><EOS><EOS><EOS><EOS><EOS><EOS><EOS><EOS><EOS><EOS><EOS><EOS><EOS><EOS><EOS><EOS><EOS><EOS><EOS><EOS><EOS><EOS><EOS><EOS>  Validation Input: hon har även medverkat i den prisade tv-serien den sjungande detektiven .  Validation Output: hanananananananananananananananananananananananananananananananananan .<EOS>  Correct: hon har även medverkat i den prisade tv-serien den sjungande detektiven .<EOS><EOS><EOS><EOS><EOS><EOS><EOS><EOS><EOS><EOS><EOS><EOS><EOS><EOS><EOS><EOS><EOS><EOS><EOS><EOS><EOS><EOS><EOS><EOS><EOS><EOS><EOS><EOS><EOS><EOS><EOS><EOS><EOS><EOS><EOS><EOS><EOS><EOS><EOS><EOS><EOS><EOS><EOS><EOS><EOS><EOS><EOS><EOS><EOS><EOS><EOS><EOS><EOS><EOS><EOS><EOS><EOS><EOS><EOS><EOS>  Validation Input: det är itne precis någa besotsellers frör bokanddelwsdiskarna han ublcearr .  Validation Output: de de de der der der der der der der der der der der der der der der der .<EOS>  Correct: det är inte precis några bestsellers för bokhandelsdiskarna han publicerar .<EOS><EOS><EOS><EOS><EOS><EOS><EOS><EOS><EOS><EOS><EOS><EOS><EOS><EOS><EOS><EOS><EOS><EOS><EOS><EOS><EOS><EOS><EOS><EOS><EOS><EOS><EOS><EOS><EOS><EOS><EOS><EOS><EOS><EOS><EOS><EOS><EOS><EOS><EOS><EOS><EOS><EOS><EOS><EOS><EOS><EOS><EOS><EOS><EOS><EOS><EOS><EOS><EOS><EOS><EOS><EOS><EOS><EOS><EOS><EOS>  Validation Input: det är inte precis några bestsel lers för bok handelsdiskarna han publicerar .  Validation Output: de de de der der der der der der der der der der der der der der der der .<EOS>  Correct: det är inte precis några bestsellers för bokhandelsdiskarna han publicerar .<EOS><EOS><EOS><EOS><EOS><EOS><EOS><EOS><EOS><EOS><EOS><EOS><EOS><EOS><EOS><EOS><EOS><EOS><EOS><EOS><EOS><EOS><EOS><EOS><EOS><EOS><EOS><EOS><EOS><EOS><EOS><EOS><EOS><EOS><EOS><EOS><EOS><EOS><EOS><EOS><EOS><EOS><EOS><EOS><EOS><EOS><EOS><EOS><EOS><EOS><EOS><EOS><EOS><EOS><EOS><EOS><EOS><EOS><EOS><EOS>
